Log file open, 07/20/17 13:59:47
LogInit:Display: Running engine for game: Temp
LogPlatformFile: Not using cached read wrapper
LogInit:Display: RandInit(-573508622) SRandInit(-573508622).
LogTaskGraph: Started task graph with 5 named threads and 8 total threads with 1 sets of task threads.
LogStats: Stats thread started at 0.070080
LogInit: Using libcurl 7.47.1
LogInit:  - built for x86_64-pc-win32
LogInit:  - supports SSL with OpenSSL/1.0.2g
LogInit:  - supports HTTP deflate (compression) using libz 1.2.8
LogInit:  - other features:
LogInit:      CURL_VERSION_SSL
LogInit:      CURL_VERSION_LIBZ
LogInit:      CURL_VERSION_IPV6
LogInit:      CURL_VERSION_ASYNCHDNS
LogInit:      CURL_VERSION_LARGEFILE
LogInit:      CURL_VERSION_IDN
LogInit:  CurlRequestOptions (configurable via config and command line):
LogInit:  - bVerifyPeer = false  - Libcurl will NOT verify peer certificate
LogInit:  - bUseHttpProxy = false  - Libcurl will NOT use HTTP proxy
LogInit:  - bDontReuseConnections = false  - Libcurl will reuse connections
LogInit:  - CertBundlePath = nullptr  - Libcurl will use whatever was configured at build time.
LogInit: Build: ++UE4+Release-4.15-CL-3348071
LogInit: Engine Version: 4.15.1-3348071+++UE4+Release-4.15
LogInit: Compatible Engine Version: 4.15.0-3299760+++UE4+Release-4.15
LogInit: Net CL: 3299760
LogDevObjectVersion: Number of dev versions registered: 14
LogDevObjectVersion:   Dev-Blueprints (B0D832E4-1F89-4F0D-ACCF-7EB736FD4AA2): 8
LogDevObjectVersion:   Dev-Build (E1C64328-A22C-4D53-A36C-8E866417BD8C): 0
LogDevObjectVersion:   Dev-Core (375EC13C-06E4-48FB-B500-84F0262A717E): 2
LogDevObjectVersion:   Dev-Editor (E4B068ED-F494-42E9-A231-DA0B2E46BB41): 14
LogDevObjectVersion:   Dev-Framework (CFFC743F-43B0-4480-9391-14DF171D2073): 22
LogDevObjectVersion:   Dev-Mobile (B02B49B5-BB20-44E9-A304-32B752E40360): 0
LogDevObjectVersion:   Dev-Networking (A4E4105C-59A1-49B5-A7C5-40C4547EDFEE): 0
LogDevObjectVersion:   Dev-Online (39C831C9-5AE6-47DC-9A44-9C173E1C8E7C): 0
LogDevObjectVersion:   Dev-Physics (78F01B33-EBEA-4F98-B9B4-84EACCB95AA2): 0
LogDevObjectVersion:   Dev-Platform (6631380F-2D4D-43E0-8009-CF276956A95A): 0
LogDevObjectVersion:   Dev-Rendering (12F88B9F-8875-4AFC-A67C-D90C383ABD29): 12
LogDevObjectVersion:   Dev-Sequencer (7B5AE74C-D270-4C10-A958-57980B212A5A): 3
LogDevObjectVersion:   Dev-VR (D7296918-1DD6-4BDD-9DE2-64A83CC13884): 0
LogDevObjectVersion:   Dev-LoadTimes (C2A15278-BFE7-4AFE-6C17-90FF531DF755): 1
LogInit: Compiled (64-bit): Mar 15 2017 16:52:47
LogInit: Compiled with Visual C++: 19.00.23026.00
LogInit: Build Configuration: Development
LogInit: Branch Name: ++UE4+Release-4.15
LogInit: Command line: 
LogInit: Base directory: C:/Program Files/Epic Games/UE_4.15/Engine/Binaries/Win64/
LogInit: Installed Engine Build: 1
LogInit: Presizing for max 8388607 objects, including 0 objects not considered by GC, pre-allocating 0 bytes for permanent pool.
LogInit: Object subsystem initialized
[2017.07.20-03.59.48:752][  0]LogInit: Selected Device Profile: [Windows]
[2017.07.20-03.59.48:752][  0]LogInit: Applying CVar settings loaded from the selected device profile: [Windows]
[2017.07.20-03.59.48:760][  0]LogInit: Computer: WWP-D30E0B
[2017.07.20-03.59.48:760][  0]LogInit: User: s171294
[2017.07.20-03.59.48:760][  0]LogInit: CPU Page size=65536, Cores=4
[2017.07.20-03.59.48:760][  0]LogInit: High frequency timer resolution =3.323603 MHz
[2017.07.20-03.59.48:760][  0]LogMemory: Memory total: Physical=32.0GB (32GB approx)
[2017.07.20-03.59.48:760][  0]LogMemory: Platform Memory Stats for Windows
[2017.07.20-03.59.48:760][  0]LogMemory: Process Physical Memory: 265.36 MB used, 265.36 MB peak
[2017.07.20-03.59.48:760][  0]LogMemory: Process Virtual Memory: 265.32 MB used, 265.32 MB peak
[2017.07.20-03.59.48:760][  0]LogMemory: Physical Memory: 5434.33 MB used,  27295.05 MB free, 32729.38 MB total
[2017.07.20-03.59.48:760][  0]LogMemory: Virtual Memory: 632.47 MB used,  27295.05 MB free, 8388608.00 MB total
[2017.07.20-03.59.48:832][  0]LogTextLocalizationManager: No specific translations for ('en-US') exist, so ('en') translations will be used.
[2017.07.20-03.59.49:383][  0]LogD3D11RHI: D3D11 adapters:
[2017.07.20-03.59.49:402][  0]LogD3D11RHI:    0. 'NVIDIA GeForce GTX 660 Ti' (Feature Level 11_0)
[2017.07.20-03.59.49:402][  0]LogD3D11RHI:       1988/0/16108 MB DedicatedVideo/DedicatedSystem/SharedSystem, Outputs:2, VendorId:0x10de
[2017.07.20-03.59.49:402][  0]LogD3D11RHI: Chosen D3D11 Adapter: 0
[2017.07.20-03.59.49:405][  0]LogD3D11RHI: Creating new Direct3DDevice
[2017.07.20-03.59.49:405][  0]LogD3D11RHI:     GPU DeviceId: 0x1183 (for the marketing name, search the web for "GPU Device Id")
[2017.07.20-03.59.49:405][  0]LogWindows: EnumDisplayDevices:
[2017.07.20-03.59.49:405][  0]LogWindows:    0. 'NVIDIA GeForce GTX 660 Ti' (P:1 D:1)
[2017.07.20-03.59.49:405][  0]LogWindows:    1. 'NVIDIA GeForce GTX 660 Ti' (P:0 D:1)
[2017.07.20-03.59.49:405][  0]LogWindows:    2. 'NVIDIA GeForce GTX 660 Ti' (P:0 D:0)
[2017.07.20-03.59.49:406][  0]LogWindows:    3. 'NVIDIA GeForce GTX 660 Ti' (P:0 D:0)
[2017.07.20-03.59.49:406][  0]LogWindows:    4. 'RDPDD Chained DD' (P:0 D:0)
[2017.07.20-03.59.49:406][  0]LogWindows:    5. 'RDP Encoder Mirror Driver' (P:0 D:0)
[2017.07.20-03.59.49:406][  0]LogWindows:    6. 'RDP Reflector Display Driver' (P:0 D:0)
[2017.07.20-03.59.49:406][  0]LogWindows: DebugString: GetVideoDriverDetailsInvalid PrimaryIsNotTheChoosenAdapter GetVideoDriverDetailsInvalid PrimaryIsNotTheChoosenAdapter GetVideoDriverDetailsInvalid PrimaryIsNotTheChoosenAdapter FoundDriverCount:4 
[2017.07.20-03.59.49:406][  0]LogD3D11RHI:     Adapter Name: NVIDIA GeForce GTX 660 Ti
[2017.07.20-03.59.49:406][  0]LogD3D11RHI:   Driver Version: 376.33 (internal:21.21.13.7633, unified:376.33)
[2017.07.20-03.59.49:406][  0]LogD3D11RHI:      Driver Date: 12-11-2016
[2017.07.20-03.59.49:406][  0]LogRHI: Texture pool is 1361 MB (70% of 1945 MB)
[2017.07.20-03.59.49:412][  0]LogD3D11RHI:Warning: Timestamp queries are currently disabled on this hardware due to instability. Realtime GPU stats will not be available. You can override this behaviour by setting r.NVIDIATimestampWorkaround to 0
[2017.07.20-03.59.49:412][  0]LogD3D11RHI: Async texture creation enabled
[2017.07.20-03.59.49:427][  0]LogD3D11RHI: GPU Timing Frequency: 1000.000000 (Debug: 2 2)
[2017.07.20-03.59.49:521][  0]LogShaderCompilers: Guid format shader working directory is -14 characters bigger than the processId version (../../../../../../Users/s171294/Documents/Unreal Projects/Temp/Intermediate/Shaders/WorkingDirectory/3692/).
[2017.07.20-03.59.49:521][  0]LogShaderCompilers: Cleaned the shader compiler working directory 'C:/Users/s171294/AppData/Local/Temp/UnrealShaderWorkingDir/C185ABB341D3E549CF7FF5B07329C8AE/'.
[2017.07.20-03.59.49:521][  0]LogShaderCompilers:Display: Using Local Shader Compiler.
[2017.07.20-03.59.50:465][  0]LogTemp:Display: Loaded TP AllDesktopTargetPlatform
[2017.07.20-03.59.50:513][  0]LogTemp:Display: Loaded TP MacClientTargetPlatform
[2017.07.20-03.59.50:563][  0]LogTemp:Display: Loaded TP MacNoEditorTargetPlatform
[2017.07.20-03.59.50:613][  0]LogTemp:Display: Loaded TP MacServerTargetPlatform
[2017.07.20-03.59.50:663][  0]LogTemp:Display: Loaded TP MacTargetPlatform
[2017.07.20-03.59.50:713][  0]LogTemp:Display: Loaded TP WindowsClientTargetPlatform
[2017.07.20-03.59.50:763][  0]LogTemp:Display: Loaded TP WindowsNoEditorTargetPlatform
[2017.07.20-03.59.50:814][  0]LogTemp:Display: Loaded TP WindowsServerTargetPlatform
[2017.07.20-03.59.50:853][  0]LogTemp:Display: Loaded TP WindowsTargetPlatform
[2017.07.20-03.59.50:901][  0]LogTemp:Display: Loaded TP AndroidTargetPlatform
[2017.07.20-03.59.50:950][  0]LogTemp:Display: Loaded TP Android_ASTCTargetPlatform
[2017.07.20-03.59.50:999][  0]LogTemp:Display: Loaded TP Android_ATCTargetPlatform
[2017.07.20-03.59.51:048][  0]LogTemp:Display: Loaded TP Android_DXTTargetPlatform
[2017.07.20-03.59.51:098][  0]LogTemp:Display: Loaded TP Android_ETC1TargetPlatform
[2017.07.20-03.59.51:148][  0]LogTemp:Display: Loaded TP Android_ETC2TargetPlatform
[2017.07.20-03.59.51:248][  0]LogTemp:Display: Loaded TP Android_MultiTargetPlatform
[2017.07.20-03.59.51:248][  0]LogTemp:Display: Loaded TP Android_PVRTCTargetPlatform
[2017.07.20-03.59.51:280][  0]LogTemp:Display: Loaded TP HTML5TargetPlatform
[2017.07.20-03.59.51:365][  0]LogTemp:Display: Loaded TP IOSTargetPlatform
[2017.07.20-03.59.51:398][  0]LogTemp:Display: Loaded TP TVOSTargetPlatform
[2017.07.20-03.59.51:448][  0]LogTemp:Display: Loaded TP LinuxClientTargetPlatform
[2017.07.20-03.59.51:496][  0]LogTemp:Display: Loaded TP LinuxNoEditorTargetPlatform
[2017.07.20-03.59.51:544][  0]LogTemp:Display: Loaded TP LinuxServerTargetPlatform
[2017.07.20-03.59.51:593][  0]LogTemp:Display: Loaded TP LinuxTargetPlatform
[2017.07.20-03.59.51:593][  0]LogTargetPlatformManager:Display: Building Assets For Windows
[2017.07.20-03.59.51:934][  0]LogDerivedDataCache:Display: Max Cache Size: 512 MB
[2017.07.20-03.59.51:982][  0]LogDerivedDataCache: Loaded boot cache 0.05s 50MB C:/Users/s171294/AppData/Local/UnrealEngine/4.15/DerivedDataCache/Boot.ddc.
[2017.07.20-03.59.51:982][  0]LogDerivedDataCache:Display: Loaded Boot cache: C:/Users/s171294/AppData/Local/UnrealEngine/4.15/DerivedDataCache/Boot.ddc
[2017.07.20-03.59.51:983][  0]LogDerivedDataCache: FDerivedDataBackendGraph:  Pak pak cache file ../../../../../../Users/s171294/Documents/Unreal Projects/Temp/DerivedDataCache/DDC.ddp not found, will not use a pak cache.
[2017.07.20-03.59.51:983][  0]LogDerivedDataCache: Unable to find inner node Pak for hierarchical cache Hierarchy.
[2017.07.20-03.59.51:983][  0]LogDerivedDataCache: FDerivedDataBackendGraph:  CompressedPak pak cache file ../../../../../../Users/s171294/Documents/Unreal Projects/Temp/DerivedDataCache/Compressed.ddp not found, will not use a pak cache.
[2017.07.20-03.59.51:983][  0]LogDerivedDataCache: Unable to find inner node CompressedPak for hierarchical cache Hierarchy.
[2017.07.20-03.59.52:000][  0]LogDerivedDataCache:Display: Pak cache opened for reading ../../../Engine/DerivedDataCache/Compressed.ddp.
[2017.07.20-03.59.52:011][  0]LogDerivedDataCache: Using Local data cache path C:/Users/s171294/AppData/Local/UnrealEngine/Common/DerivedDataCache: Writable
[2017.07.20-03.59.52:020][  0]LogSlate: Using Freetype 2.6.0
[2017.07.20-03.59.52:021][  0]LogSlate: SlateFontCache - WITH_FREETYPE: 1, WITH_HARFBUZZ: 1
[2017.07.20-03.59.52:021][  0]LogSlate: SlateFontCache - WITH_FREETYPE: 1, WITH_HARFBUZZ: 1
[2017.07.20-03.59.52:340][  0]LogInit: Selected Device Profile: [Windows]
[2017.07.20-03.59.52:343][  0]LogContentStreaming: Texture pool size is 0.00 MB
[2017.07.20-03.59.52:528][  0]LogMeshUtilities: Using QuadricMeshReduction for automatic static mesh reduction
[2017.07.20-03.59.52:562][  0]LogSimplygon: Simplygon DLL not present - disabling.
[2017.07.20-03.59.52:598][  0]LogMeshUtilities: Using SimplygonSwarm for distributed automatic mesh merging
[2017.07.20-03.59.52:598][  0]LogMeshUtilities: No automatic skeletal mesh reduction module available
[2017.07.20-03.59.52:598][  0]LogMeshUtilities: No automatic mesh merging module available
[2017.07.20-03.59.53:054][  0]LogNetVersion: GetLocalNetworkVersion: CL: 3299760, ProjectName: temp, ProjectVersion: , EngineNetworkVersion: 2, GameNetworkVersion: 0, NetworkChecksum: 1661080953
[2017.07.20-03.59.53:094][  0]LogAssetRegistry: FAssetRegistry took 0.0199 seconds to start up
[2017.07.20-03.59.53:127][  0]LogPackageLocalizationCache: Processed 3 localized package path(s) for 2 prioritized culture(s) in 0.015639 seconds
[2017.07.20-03.59.53:132][  0]LogUObjectArray: 32493 objects as part of root set at end of initial load.
[2017.07.20-03.59.53:132][  0]LogUObjectAllocator: 7077032 out of 0 bytes used by permanent object pool.
[2017.07.20-03.59.53:132][  0]LogUObjectArray: CloseDisregardForGC: 0/0 objects in disregard for GC pool
[2017.07.20-03.59.53:180][  0]LogInit: WinSock: version 1.1 (2.2), MaxSocks=32767, MaxUdp=65467
[2017.07.20-03.59.54:469][  0]LogTcpMessaging: Initializing TcpMessaging bridge
[2017.07.20-03.59.54:500][  0]LogUdpMessaging: Initializing bridge on interface 0.0.0.0:0 to multicast group 230.0.0.1:6666.
[2017.07.20-03.59.54:874][  0]LogMaterial: Uniform references updated for custom material expression Custom.
[2017.07.20-03.59.55:187][  0]SourceControl: Info Source control is disabled
[2017.07.20-03.59.55:187][  0]SourceControl: Info Source control is disabled
[2017.07.20-03.59.55:226][  0]SourceControl: Info Source control is disabled
[2017.07.20-03.59.55:261][  0]SourceControl: Info Source control is disabled
[2017.07.20-03.59.56:236][  0]LogEngine: Initializing Engine...
[2017.07.20-03.59.56:236][  0]LogHMD: Failed to initialize OpenVR with code 110
[2017.07.20-03.59.56:443][  0]LogAIModule: Creating AISystem for world Untitled
[2017.07.20-03.59.56:450][  0]LogInit: XAudio2 using 'Digital Audio (S/PDIF) (High Definition Audio Device)' : 2 channels at 44.1 kHz using 16 bits per sample (channel mask 0x3)
[2017.07.20-03.59.56:463][  0]LogInit: FAudioDevice initialized.
[2017.07.20-03.59.56:490][  0]LogDerivedDataCache: Saved boot cache 0.03s 50MB C:/Users/s171294/AppData/Local/UnrealEngine/4.15/DerivedDataCache/Boot.ddc.
[2017.07.20-03.59.56:495][  0]LogInit: Texture streaming: Enabled
[2017.07.20-03.59.56:569][  0]LogEngineSessionManager: EngineSessionManager initialized
[2017.07.20-03.59.56:569][  0]LogEngineSessionManager: EngineSessionManager sent abnormal shutdown report. Type=Crashed, SessionId={ACB246CD-428B-0F3F-B093-B686CD06B300}
[2017.07.20-03.59.56:639][  0]LogInit: Transaction tracking system initialized
[2017.07.20-03.59.56:907][  0]BlueprintLog: New page: Editor Load
[2017.07.20-03.59.57:594][  0]LocalizationService: Info Localization service is disabled
[2017.07.20-03.59.58:113][  0]LogConsoleResponse:Display: 
[2017.07.20-03.59.58:225][  0]LogCook:Display: Max memory allowance for cook 16384mb min free memory 0mb
[2017.07.20-03.59.58:225][  0]LogCook:Display: Mobile HDR setting 1
[2017.07.20-03.59.58:265][  0]LogFileCache: Scanning file cache for directory 'C:/Users/s171294/Documents/Unreal Projects/Temp/Content/' took 0.01s
[2017.07.20-03.59.59:018][  0]SourceControl: Info Source control is disabled
[2017.07.20-03.59.59:018][  0]Cmd: MAP LOAD FILE="../../../../../../Users/s171294/Documents/Unreal Projects/Temp/Content/StarterContent/Maps/Minimal_Default.umap" TEMPLATE=0 SHOWPROGRESS=1 FEATURELEVEL=3
[2017.07.20-03.59.59:019][  0]LightingResults: New page: Lighting Build
[2017.07.20-03.59.59:051][  0]MapCheck: New page: Map Check
[2017.07.20-03.59.59:051][  0]LightingResults: New page: Lighting Build
[2017.07.20-03.59.59:215][  0]LogLinker:Warning: Can't find file '/Game/UI/PauseMenu'
[2017.07.20-03.59.59:215][  0]LogLinker:Warning: Can't find file for asset '/Game/UI/PauseMenu' while loading ../../../../../../Users/s171294/Documents/Unreal Projects/Temp/Content/UI/MainMenu.uasset.
[2017.07.20-03.59.59:215][  0]LoadErrors:Error: Error /Game/UI/MainMenu : Can't find file for asset. /Game/UI/PauseMenu
[2017.07.20-03.59.59:247][  0]LogLinker:Warning: Can't find file '/Game/UI/PauseMenu'
[2017.07.20-03.59.59:248][  0]LogLinker:Warning: Can't find file for asset '/Game/UI/PauseMenu' while loading ../../../../../../Users/s171294/Documents/Unreal Projects/Temp/Content/UI/MainMenu.uasset.
[2017.07.20-03.59.59:248][  0]LoadErrors:Error: Error /Game/UI/MainMenu : Can't find file for asset. /Game/UI/PauseMenu
[2017.07.20-03.59.59:248][  0]LogLinker:Warning: Can't find file '/Game/UI/PauseMenu'
[2017.07.20-03.59.59:248][  0]LogLinker:Warning: Can't find file for asset '/Game/UI/PauseMenu' while loading ../../../../../../Users/s171294/Documents/Unreal Projects/Temp/Content/UI/MainMenu.uasset.
[2017.07.20-03.59.59:248][  0]LoadErrors:Error: Error /Game/UI/MainMenu : Can't find file for asset. /Game/UI/PauseMenu
[2017.07.20-03.59.59:248][  0]LogLinker:Warning: Can't find file '/Game/UI/PauseMenu'
[2017.07.20-03.59.59:248][  0]LoadErrors: Info Failed to load /Game/UI/PauseMenu.PauseMenu_C Referenced by BungeeKickerMode
[2017.07.20-03.59.59:248][  0]LogLinker:Warning: Can't find file for asset '/Game/UI/PauseMenu' while loading ../../../../../../Users/s171294/Documents/Unreal Projects/Temp/Content/UI/MainMenu.uasset.
[2017.07.20-03.59.59:248][  0]LoadErrors: Info Failed to load /Game/UI/PauseMenu.PauseMenu_C Referenced by BungeeKickerMode
[2017.07.20-03.59.59:248][  0]LoadErrors:Error: Error /Game/UI/MainMenu : Can't find file for asset. /Game/UI/PauseMenu
[2017.07.20-03.59.59:248][  0]LogLinker:Warning: Can't find file '/Game/UI/PauseMenu'
[2017.07.20-03.59.59:248][  0]LoadErrors: Info Failed to load /Game/UI/PauseMenu.PauseMenu_C Referenced by K2Node_CreateWidget_0
[2017.07.20-03.59.59:248][  0]LogLinker:Warning: Can't find file for asset '/Game/UI/PauseMenu' while loading ../../../../../../Users/s171294/Documents/Unreal Projects/Temp/Content/UI/MainMenu.uasset.
[2017.07.20-03.59.59:249][  0]LoadErrors: Info Failed to load /Game/UI/PauseMenu.PauseMenu_C Referenced by K2Node_CreateWidget_0
[2017.07.20-03.59.59:249][  0]LoadErrors:Error: Error /Game/UI/MainMenu : Can't find file for asset. /Game/UI/PauseMenu
[2017.07.20-03.59.59:249][  0]LogLinker:Warning: Can't find file '/Game/UI/PauseMenu'
[2017.07.20-03.59.59:249][  0]LoadErrors: Info Failed to load /Game/UI/PauseMenu.PauseMenu_C Referenced by K2Node_CreateWidget_0
[2017.07.20-03.59.59:249][  0]LogLinker:Warning: Can't find file for asset '/Game/UI/PauseMenu' while loading ../../../../../../Users/s171294/Documents/Unreal Projects/Temp/Content/UI/MainMenu.uasset.
[2017.07.20-03.59.59:249][  0]LoadErrors: Info Failed to load /Game/UI/PauseMenu.PauseMenu_C Referenced by K2Node_CreateWidget_0
[2017.07.20-03.59.59:249][  0]LoadErrors:Error: Error /Game/UI/MainMenu : Can't find file for asset. /Game/UI/PauseMenu
[2017.07.20-03.59.59:249][  0]LogLinker:Warning: Can't find file '/Game/UI/PauseMenu'
[2017.07.20-03.59.59:249][  0]LoadErrors: Info Failed to load /Game/UI/PauseMenu.PauseMenu_C Referenced by K2Node_VariableSet_784
[2017.07.20-03.59.59:249][  0]LogLinker:Warning: Can't find file for asset '/Game/UI/PauseMenu' while loading ../../../../../../Users/s171294/Documents/Unreal Projects/Temp/Content/UI/MainMenu.uasset.
[2017.07.20-03.59.59:249][  0]LoadErrors: Info Failed to load /Game/UI/PauseMenu.PauseMenu_C Referenced by K2Node_VariableSet_784
[2017.07.20-03.59.59:249][  0]LoadErrors:Error: Error /Game/UI/MainMenu : Can't find file for asset. /Game/UI/PauseMenu
[2017.07.20-03.59.59:249][  0]LogLinker:Warning: Can't find file '/Game/UI/PauseMenu'
[2017.07.20-03.59.59:249][  0]LoadErrors: Info Failed to load /Game/UI/PauseMenu.PauseMenu_C Referenced by K2Node_VariableSet_784
[2017.07.20-03.59.59:249][  0]LogLinker:Warning: Can't find file for asset '/Game/UI/PauseMenu' while loading ../../../../../../Users/s171294/Documents/Unreal Projects/Temp/Content/UI/MainMenu.uasset.
[2017.07.20-03.59.59:249][  0]LoadErrors: Info Failed to load /Game/UI/PauseMenu.PauseMenu_C Referenced by K2Node_VariableSet_784
[2017.07.20-03.59.59:249][  0]LoadErrors:Error: Error /Game/UI/MainMenu : Can't find file for asset. /Game/UI/PauseMenu
[2017.07.20-03.59.59:250][  0]LogLinker:Warning: Can't find file '/Game/UI/PauseMenu'
[2017.07.20-03.59.59:250][  0]LoadErrors: Info Failed to load /Game/UI/PauseMenu.PauseMenu_C Referenced by K2Node_VariableGet_1651
[2017.07.20-03.59.59:250][  0]LogLinker:Warning: Can't find file for asset '/Game/UI/PauseMenu' while loading ../../../../../../Users/s171294/Documents/Unreal Projects/Temp/Content/UI/MainMenu.uasset.
[2017.07.20-03.59.59:250][  0]LoadErrors: Info Failed to load /Game/UI/PauseMenu.PauseMenu_C Referenced by K2Node_VariableGet_1651
[2017.07.20-03.59.59:250][  0]LoadErrors:Error: Error /Game/UI/MainMenu : Can't find file for asset. /Game/UI/PauseMenu
[2017.07.20-03.59.59:254][  0]LogBlueprint:Error: [Compiler BungeeKickerMode] Error Spawn node  Create Widget  must have a class specified.
[2017.07.20-03.59.59:259][  0]LogBlueprint:Warning: [Compiler BungeeKickerMode] Warning [0012.49] Compile of BungeeKickerMode failed. 1 Fatal Issue(s) 0 Warning(s) [in 5 ms] (/Game/BungeeKickerMode.BungeeKickerMode)
[2017.07.20-03.59.59:259][  0]LogBlueprint:Warning: [Compiler BungeeKickerMode] Warning [0012.49] Compile of BungeeKickerMode failed. 1 Fatal Issue(s) 1 Warning(s) [in 0 ms] (/Game/BungeeKickerMode.BungeeKickerMode)
[2017.07.20-03.59.59:259][  0]LogBlueprint:Warning: [Compiler BungeeKickerMode] Warning [0012.49] Compile of BungeeKickerMode failed. 1 Fatal Issue(s) 2 Warning(s) [in 0 ms] (/Game/BungeeKickerMode.BungeeKickerMode)
[2017.07.20-03.59.59:275][  0]LogBlueprint:Error: [Compiler BungeeKickerMode] Error Spawn node  Create Widget  must have a class specified.
[2017.07.20-03.59.59:279][  0]LogBlueprint:Warning: [Compiler BungeeKickerMode] Warning [0012.51] Compile of BungeeKickerMode failed. 1 Fatal Issue(s) 0 Warning(s) [in 5 ms] (/Game/BungeeKickerMode.BungeeKickerMode)
[2017.07.20-03.59.59:279][  0]LogBlueprint:Warning: [Compiler BungeeKickerMode] Warning [0012.51] Compile of BungeeKickerMode failed. 1 Fatal Issue(s) 1 Warning(s) [in 0 ms] (/Game/BungeeKickerMode.BungeeKickerMode)
[2017.07.20-03.59.59:279][  0]LogBlueprint:Warning: [Compiler BungeeKickerMode] Warning [0012.51] Compile of BungeeKickerMode failed. 1 Fatal Issue(s) 2 Warning(s) [in 0 ms] (/Game/BungeeKickerMode.BungeeKickerMode)
[2017.07.20-03.59.59:283][  0]LogLinker:Warning: Can't find file '/Game/UI/PauseMenu'
[2017.07.20-03.59.59:283][  0]LogLinker:Warning: Can't find file for asset '/Game/UI/PauseMenu' while loading ../../../../../../Users/s171294/Documents/Unreal Projects/Temp/Content/BungeeKickerMode.uasset.
[2017.07.20-03.59.59:283][  0]LoadErrors:Error: Error /Game/BungeeKickerMode : Can't find file for asset. /Game/UI/PauseMenu
[2017.07.20-03.59.59:284][  0]LogLinker:Warning: Can't find file '/Game/UI/PauseMenu'
[2017.07.20-03.59.59:284][  0]LogLinker:Warning: Can't find file for asset '/Game/UI/PauseMenu' while loading ../../../../../../Users/s171294/Documents/Unreal Projects/Temp/Content/BungeeKickerMode.uasset.
[2017.07.20-03.59.59:284][  0]LoadErrors:Error: Error /Game/BungeeKickerMode : Can't find file for asset. /Game/UI/PauseMenu
[2017.07.20-03.59.59:406][  0]LogAIModule: Creating AISystem for world Minimal_Default
[2017.07.20-03.59.59:426][  0]LogEditorServer: Finished looking for orphan Actors (0.000 secs)
[2017.07.20-03.59.59:427][  0]Cmd: MAP CHECKDEP NOCLEARLOG
[2017.07.20-03.59.59:457][  0]MapCheck: Info Map check complete: 0 Error(s), 0 Warning(s), took 30.274ms to complete.
[2017.07.20-03.59.59:457][  0]LogFileHelpers: Loading map 'Minimal_Default' took 0.439
[2017.07.20-03.59.59:618][  0]LogCollectionManager: Loaded 0 collections in 0.001209 seconds
[2017.07.20-03.59.59:689][  0]LogFileCache: Scanning file cache for directory 'C:/Users/s171294/Documents/Unreal Projects/Temp/Saved/Collections/' took 0.01s
[2017.07.20-03.59.59:689][  0]LogFileCache: Scanning file cache for directory 'C:/Users/s171294/Documents/Unreal Projects/Temp/Content/Developers/s171294/Collections/' took 0.01s
[2017.07.20-03.59.59:689][  0]LogFileCache: Scanning file cache for directory 'C:/Users/s171294/Documents/Unreal Projects/Temp/Content/Collections/' took 0.01s
[2017.07.20-03.59.59:689][  0]LogCollectionManager: Rebuilt the GUID cache for 0 collections in 0.000002 seconds
[2017.07.20-03.59.59:699][  0]LogContentBrowser: Native class hierarchy populated in 0.0094 seconds. Added 2245 classes and 453 folders.
[2017.07.20-03.59.59:702][  0]LogStats: UGameplayTagsManager::ConstructGameplayTagTree: Construct from data asset -  0.000 s
[2017.07.20-03.59.59:702][  0]LogStats: UGameplayTagsManager::ConstructGameplayTagTree: GameplayTagTreeChangedEvent.Broadcast -  0.000 s
[2017.07.20-03.59.59:753][  0]LogContentBrowser: Native class hierarchy updated for 'WidgetCarousel' in 0.0006 seconds. Added 0 classes and 0 folders.
[2017.07.20-03.59.59:786][  0]LogContentBrowser: Native class hierarchy updated for 'AddContentDialog' in 0.0005 seconds. Added 0 classes and 0 folders.
[2017.07.20-03.59.59:820][  0]LogContentBrowser: Native class hierarchy updated for 'SceneOutliner' in 0.0005 seconds. Added 1 classes and 2 folders.
[2017.07.20-03.59.59:914][  0]LogCrashTracker: Crashtracker disabled due to settings.
[2017.07.20-03.59.59:920][  0]LogUObjectGlobals:Warning: Failed to find object 'Class None.'
[2017.07.20-03.59.59:975][  0]LogContentBrowser: Native class hierarchy updated for 'HierarchicalLODOutliner' in 0.0005 seconds. Added 1 classes and 2 folders.
[2017.07.20-03.59.59:975][  0]LogLoad: (Engine Initialization) Total time: 13.20 seconds
[2017.07.20-03.59.59:975][  0]LogLoad: (Engine Initialization) Total Blueprint compile time: 0.14 seconds
[2017.07.20-03.59.59:975][  0]LogExternalProfiler: Found external profiler: VSPerf
[2017.07.20-03.59.59:975][  0]LogExternalProfiler: Using external profiler: VSPerf
[2017.07.20-03.59.59:984][  0]LogOcInput: OculusInput pre-init called
[2017.07.20-04.00.00:005][  0]LogContentStreaming: Texture pool size now 1000 MB
[2017.07.20-04.00.00:017][  0]LogSlate: Took 0.000135 seconds to synchronously load lazily loaded font '../../../Engine/Content/Slate/Fonts/Roboto-Regular.ttf' (155K)
[2017.07.20-04.00.00:021][  0]LogSlate: Took 0.000206 seconds to synchronously load lazily loaded font '../../../Engine/Content/Slate/Fonts/Roboto-Bold.ttf' (160K)
[2017.07.20-04.00.00:026][  0]LogSlate: Took 0.000211 seconds to synchronously load lazily loaded font '../../../Engine/Content/Editor/Slate/Fonts/FontAwesome.ttf' (139K)
[2017.07.20-04.00.00:132][  0]LogSlate: Took 0.000185 seconds to synchronously load lazily loaded font '../../../Engine/Content/Slate/Fonts/Roboto-Light.ttf' (159K)
[2017.07.20-04.00.00:183][  0]LogRenderer: Reallocating scene render targets to support 1056x556 NumSamples 1 (Frame:2).
[2017.07.20-04.00.00:281][  1]LogAssetRegistry: Asset discovery search completed in 7.2080 seconds
[2017.07.20-04.00.00:281][  1]LogCollectionManager: Rebuilt the object cache for 0 collections in 0.000004 seconds (found 0 objects)
[2017.07.20-04.00.00:281][  1]LogCollectionManager: Fixed up redirectors for 0 collections in 0.000019 seconds (updated 0 objects)
[2017.07.20-04.00.01:003][ 77]LogSlate: Took 0.000151 seconds to synchronously load lazily loaded font '../../../Engine/Content/Slate/Fonts/Roboto-Light.ttf' (159K)
[2017.07.20-04.01.24:235][654]LogSlate: Took 0.000123 seconds to synchronously load lazily loaded font '../../../Engine/Content/Slate/Fonts/Roboto-Light.ttf' (159K)
[2017.07.20-04.01.24:715][654]LogContentBrowser: Native class hierarchy updated for 'BlueprintGraph' in 0.0008 seconds. Added 112 classes and 0 folders.
[2017.07.20-04.01.25:398][654]LogSlate: Took 0.000123 seconds to synchronously load lazily loaded font '../../../Engine/Content/Slate/Fonts/Roboto-Regular.ttf' (155K)
[2017.07.20-04.01.25:482][654]LogSlate: Took 0.000210 seconds to synchronously load lazily loaded font '../../../Engine/Content/Editor/Slate/Fonts/Roboto-BoldCondensed.ttf' (158K)
[2017.07.20-04.01.25:588][655]LogSlate: Took 0.000366 seconds to synchronously load lazily loaded font '../../../Engine/Content/Editor/Slate/Fonts/Roboto-Italic.ttf' (157K)
[2017.07.20-04.01.38:933][835]Cmd: OBJ SAVEPACKAGE PACKAGE="/Game/BungeeKickerMode" FILE="../../../../../../Users/s171294/Documents/Unreal Projects/Temp/Content/BungeeKickerMode.uasset" SILENT=true
[2017.07.20-04.01.38:953][835]LogSavePackage: Save=14.16ms
[2017.07.20-04.01.38:953][835]LogSavePackage: Moving '../../../../../../Users/s171294/Documents/Unreal Projects/Temp/Saved/BungeeKickerMode12336ABB432495A986D9E68DFD5B937A.tmp' to '../../../../../../Users/s171294/Documents/Unreal Projects/Temp/Content/BungeeKickerMode.uasset'
[2017.07.20-04.01.38:954][835]LogSavePackage:Display: Finished SavePackage ../../../../../../Users/s171294/Documents/Unreal Projects/Temp/Content/BungeeKickerMode.uasset
[2017.07.20-04.01.39:874][918]BlueprintLog: New page: Compile BungeeKickerMode
[2017.07.20-04.01.42:578][147]LogTemp: Repeting last play command: New Editor Window (PIE)
[2017.07.20-04.01.42:594][147]LogBlueprintUserMessages: Early PlayInEditor Detection: Level '/Game/StarterContent/Maps/Minimal_Default.Minimal_Default:PersistentLevel' has LevelScriptBlueprint '/Game/StarterContent/Maps/Minimal_Default.Minimal_Default:PersistentLevel.Minimal_Default' with GeneratedClass '/Game/StarterContent/Maps/Minimal_Default.Minimal_Default_C' with ClassGeneratedBy '/Game/StarterContent/Maps/Minimal_Default.Minimal_Default:PersistentLevel.Minimal_Default'
[2017.07.20-04.01.42:594][147]LogPlayLevel: PlayLevel: No blueprints needed recompiling
[2017.07.20-04.01.42:594][147]PIE: New page: PIE session: Minimal_Default (Jul 21, 2017, 12:01:42 AM)
[2017.07.20-04.01.42:594][147]LogPlayLevel: Creating play world package: /Game/StarterContent/Maps/UEDPIE_0_Minimal_Default
[2017.07.20-04.01.42:596][147]LogPlayLevel: PIE: StaticDuplicateObject took: (0.001505s)
[2017.07.20-04.01.42:596][147]LogAIModule: Creating AISystem for world Minimal_Default
[2017.07.20-04.01.42:597][147]LogPlayLevel: PIE: World Init took: (0.000622s)
[2017.07.20-04.01.42:597][147]LogPlayLevel: PIE: Created PIE world by copying editor world from /Game/StarterContent/Maps/Minimal_Default.Minimal_Default to /Game/StarterContent/Maps/UEDPIE_0_Minimal_Default.Minimal_Default (0.002498s)
[2017.07.20-04.01.42:612][147]LogInit: XAudio2 using 'Digital Audio (S/PDIF) (High Definition Audio Device)' : 2 channels at 44.1 kHz using 16 bits per sample (channel mask 0x3)
[2017.07.20-04.01.42:617][147]LogInit: FAudioDevice initialized.
[2017.07.20-04.01.42:672][147]LogLoad: Game class is 'BungeeKickerMode_C'
[2017.07.20-04.01.42:674][147]LogWorld: Bringing World /Game/StarterContent/Maps/UEDPIE_0_Minimal_Default.Minimal_Default up for play (max tick rate 0) at 2017.07.20-14.01.42
[2017.07.20-04.01.42:674][147]LogWorld: Bringing up level for play took: 0.000855
[2017.07.20-04.01.42:675][147]LogSpawn:Warning: SpawnActor failed because no class was specified
[2017.07.20-04.01.42:708][147]LogContentBrowser: Native class hierarchy updated for 'MovieSceneCapture' in 0.0005 seconds. Added 11 classes and 0 folders.
[2017.07.20-04.01.42:714][147]PIE: Info Play in editor start time for /Game/StarterContent/Maps/UEDPIE_0_Minimal_Default -0.7
[2017.07.20-04.01.42:715][147]LogBlueprintUserMessages: Late PlayInEditor Detection: Level '/Game/StarterContent/Maps/Minimal_Default.Minimal_Default:PersistentLevel' has LevelScriptBlueprint '/Game/StarterContent/Maps/Minimal_Default.Minimal_Default:PersistentLevel.Minimal_Default' with GeneratedClass '/Game/StarterContent/Maps/Minimal_Default.Minimal_Default_C' with ClassGeneratedBy '/Game/StarterContent/Maps/Minimal_Default.Minimal_Default:PersistentLevel.Minimal_Default'
[2017.07.20-04.01.42:749][147]LogRenderer: Reallocating scene render targets to support 1292x756 NumSamples 1 (Frame:10851).
[2017.07.20-04.01.48:223][614]LogBlueprintUserMessages: Early EndPlayMap Detection: Level '/Game/StarterContent/Maps/Minimal_Default.Minimal_Default:PersistentLevel' has LevelScriptBlueprint '/Game/StarterContent/Maps/Minimal_Default.Minimal_Default:PersistentLevel.Minimal_Default' with GeneratedClass '/Game/StarterContent/Maps/Minimal_Default.Minimal_Default_C' with ClassGeneratedBy '/Game/StarterContent/Maps/Minimal_Default.Minimal_Default:PersistentLevel.Minimal_Default'
[2017.07.20-04.01.48:250][614]LogBlueprintUserMessages: Late EndPlayMap Detection: Level '/Game/StarterContent/Maps/Minimal_Default.Minimal_Default:PersistentLevel' has LevelScriptBlueprint '/Game/StarterContent/Maps/Minimal_Default.Minimal_Default:PersistentLevel.Minimal_Default' with GeneratedClass '/Game/StarterContent/Maps/Minimal_Default.Minimal_Default_C' with ClassGeneratedBy '/Game/StarterContent/Maps/Minimal_Default.Minimal_Default:PersistentLevel.Minimal_Default'
[2017.07.20-04.01.53:346][152]MapCheck: New page: Map Check
[2017.07.20-04.01.53:366][152]Cmd: MAP REBUILD ALLVISIBLE
[2017.07.20-04.01.53:366][152]LogEditorServer: Rebuildmap Clear paths rebuilt
[2017.07.20-04.01.53:487][152]LogMaterial: Missing cached shader map for material FDebugViewModeMaterialProxy WorldGridMaterial, compiling. Is special engine material.
[2017.07.20-04.01.53:488][152]LogTemp:Display: Added material ShaderMap 0x000000002E7DE780 with Material 0x0000000044D7DF00 to ShaderMapsBeingCompiled
[2017.07.20-04.01.53:492][152]LogTemp:Display: Kicking off shader compilation for FDebugViewModeMaterialProxy WorldGridMaterial, GameThreadShaderMap 0x000000002E7DE780
[2017.07.20-04.01.53:493][152]LogMaterial: Missing cached shader map for material FDebugViewModeMaterialProxy MaterialInstanceDynamic_1, compiling. 
[2017.07.20-04.01.53:495][152]LogTemp:Display: Added material ShaderMap 0x000000002E7DE080 with Material 0x0000000044D7D600 to ShaderMapsBeingCompiled
[2017.07.20-04.01.53:496][152]LogTemp:Display: Kicking off shader compilation for FDebugViewModeMaterialProxy MaterialInstanceDynamic_1, GameThreadShaderMap 0x000000002E7DE080
[2017.07.20-04.01.53:499][152]LogMaterial: Missing cached shader map for material FDebugViewModeMaterialProxy MatineeCam_mat, compiling. 
[2017.07.20-04.01.53:500][152]LogTemp:Display: Added material ShaderMap 0x000000002E7DD280 with Material 0x0000000044D7D000 to ShaderMapsBeingCompiled
[2017.07.20-04.01.53:502][152]LogTemp:Display: Kicking off shader compilation for FDebugViewModeMaterialProxy MatineeCam_mat, GameThreadShaderMap 0x000000002E7DD280
[2017.07.20-04.01.53:812][152]LogTemp:Display: Finished compile of shader map 0x000000002E7DD280
[2017.07.20-04.01.53:812][152]LogTemp:Display: Shader map FDebugViewModeMaterialProxy MatineeCam_mat complete, GameThreadShaderMap 0x000000002E7DD280, marking material FDebugViewModeMaterialProxy MatineeCam_mat as finished
[2017.07.20-04.01.53:812][152]LogTemp:Display: Marking material as finished 0x0000000044D7D000
[2017.07.20-04.01.53:854][152]LogTemp:Display: Finished compile of shader map 0x000000002E7DE780
[2017.07.20-04.01.53:854][152]LogTemp:Display: Shader map FDebugViewModeMaterialProxy WorldGridMaterial complete, GameThreadShaderMap 0x000000002E7DE780, marking material FDebugViewModeMaterialProxy WorldGridMaterial as finished
[2017.07.20-04.01.53:854][152]LogTemp:Display: Marking material as finished 0x0000000044D7DF00
[2017.07.20-04.01.53:866][152]LogTemp:Display: Finished compile of shader map 0x000000002E7DE080
[2017.07.20-04.01.53:866][152]LogTemp:Display: Shader map FDebugViewModeMaterialProxy MaterialInstanceDynamic_1 complete, GameThreadShaderMap 0x000000002E7DE080, marking material FDebugViewModeMaterialProxy MaterialInstanceDynamic_1 as finished
[2017.07.20-04.01.53:866][152]LogTemp:Display: Marking material as finished 0x0000000044D7D600
[2017.07.20-04.01.53:867][152]TextureStreamingBuild:Display: Compiling optional shaders took 0.387 seconds.
[2017.07.20-04.01.53:871][152]LogLevel:Display: Export Material TexCoord Scales took 0.003 seconds.
[2017.07.20-04.01.53:874][152]TextureStreamingBuild:Display: Build Texture Streaming took 0.003 seconds.
[2017.07.20-04.01.53:888][152]LightingResults: New page: Lighting Build - Jul 21, 2017, 12:01:53 AM
[2017.07.20-04.01.53:912][152]LogSwarmInterface: [OpenConnection] Registering TCP channel ...
[2017.07.20-04.01.53:925][152]LogSwarmInterface: [OpenConnection] Connecting to agent ...
[2017.07.20-04.01.53:932][152]LogSwarmInterface: [TryOpenConnection] Testing the Agent
[2017.07.20-04.01.54:438][152]LogSwarmInterface: [TryOpenConnection] Opening Connection to Agent
[2017.07.20-04.01.54:438][152]LogSwarmInterface: [TryOpenConnection] Local Process ID is 3692
[2017.07.20-04.01.57:685][152]LogStaticLightingSystem:Warning: No importance volume found, so the scene bounding box was used.  You can optimize your scene's quality and lighting build times by adding importance volumes.
[2017.07.20-04.01.57:685][152]LogStaticLightingSystem: Running Lightmass w/ ImmediateImport mode ENABLED
[2017.07.20-04.01.57:685][152]LogStaticLightingSystem: Running Lightmass w/ ImmediateProcess mode ENABLED
[2017.07.20-04.01.57:685][152]LogStaticLightingSystem: Running Lightmass w/ Sorting mode ENABLED
[2017.07.20-04.01.57:685][152]LogStaticLightingSystem: Running Lightmass w/ Mapping paddings ENABLED
[2017.07.20-04.01.57:686][152]LogStaticLightingSystem: Running Lightmass w/ Mapping debug paddings DISABLED
[2017.07.20-04.01.57:739][152]Cmd: MAP CHECK DONTDISPLAYDIALOG
[2017.07.20-04.01.57:739][152]MapCheck: New page: Minimal_Default - Jul 21, 2017, 12:01:57 AM
[2017.07.20-04.01.57:773][152]MapCheck: Info Map check complete: 0 Error(s), 0 Warning(s), took 34.642ms to complete.
[2017.07.20-04.01.57:794][152]LogEditorBuildUtils: Build time 0:04
[2017.07.20-04.01.58:747][179]Job is a success!
[2017.07.20-04.01.58:819][180]LogTexture:Display: Building textures: HQ_Lightmap1_1 (AutoDXT, 64X64) - 84 MB total VRAM
[2017.07.20-04.01.58:820][180]LogTexture:Display: Building textures: LQ_Lightmap_1_1 (DXT1, 64X64) - 84 MB total VRAM
[2017.07.20-04.01.58:850][180]Lightmass on WWP-D30E0B: 567 ms total, 54 ms importing, 1 ms setup, 256 ms photons, 208 ms processing, 0 ms extra exporting [1/1 mappings]. Threads: 1.31 sec total, 84 ms processing.
[2017.07.20-04.01.58:858][180]LogStaticLightingSystem: Illumination: 4.93 sec (5 ms encoding lightmaps, 0 ms encoding shadowmaps)
[2017.07.20-04.01.58:858][180]LogStaticLightingSystem: Lightmap texture memory:  0.0 MB (0.0 MB streaming, 0.0 MB non-streaming), 2 textures
[2017.07.20-04.01.58:858][180]LogStaticLightingSystem: Shadowmap texture memory: 0.0 MB (0.0 MB streaming, 0.0 MB non-streaming), 0 textures
[2017.07.20-04.01.59:685][180]DumpUnbuiltLightIteractions
[2017.07.20-04.01.59:685][180]Lights with unbuilt interactions: 0
[2017.07.20-04.01.59:685][180]
[2017.07.20-04.01.59:686][180]Primitives with unbuilt interactions: 0
[2017.07.20-04.01.59:717][181]Cmd: MAP CHECK NOTIFYRESULTS
[2017.07.20-04.01.59:717][181]MapCheck: New page: Minimal_Default - Jul 21, 2017, 12:01:59 AM
[2017.07.20-04.01.59:752][181]MapCheck: Info Map check complete: 0 Error(s), 0 Warning(s), took 34.424ms to complete.
[2017.07.20-04.10.07:209][251]LogSavePackage: Save=93.03ms
[2017.07.20-04.10.07:209][251]LogSavePackage: Moving '../../../../../../Users/s171294/Documents/Unreal Projects/Temp/Saved/Minimal_Default_Auto19C6D463E485B8800D345A687AFCAEEC8.tmp' to '../../../../../../Users/s171294/Documents/Unreal Projects/Temp/Saved/Autosaves/Game/StarterContent/Maps/Minimal_Default_Auto1.umap'
[2017.07.20-04.10.07:210][251]LogSavePackage:Display: Finished SavePackage ../../../../../../Users/s171294/Documents/Unreal Projects/Temp/Saved/Autosaves/Game/StarterContent/Maps/Minimal_Default_Auto1.umap
[2017.07.20-04.10.07:211][251]LogFileHelpers: Editor autosave (incl. sublevels) for '/Game/StarterContent/Maps/Minimal_Default' took 0.117
[2017.07.20-04.10.07:211][251]LogFileHelpers: Editor autosave (incl. sublevels) for all levels took 0.117
[2017.07.20-04.10.07:215][251]OBJ SavePackage: Generating thumbnails for [0] asset(s) in package [/Game/StarterContent/Maps/Minimal_Default_BuiltData] ([1] browsable assets)...
[2017.07.20-04.10.07:215][251]OBJ SavePackage: Finished generating thumbnails for package [/Game/StarterContent/Maps/Minimal_Default_BuiltData]
[2017.07.20-04.10.07:220][251]LogSavePackage: Save=1.49ms
[2017.07.20-04.10.07:220][251]LogSavePackage: Moving '../../../../../../Users/s171294/Documents/Unreal Projects/Temp/Saved/Minimal_Default_BuiltData_Auto1E6076867455F695452AEB8997E1E26EF.tmp' to '../../../../../../Users/s171294/Documents/Unreal Projects/Temp/Saved/Autosaves/Game/StarterContent/Maps/Minimal_Default_BuiltData_Auto1.uasset'
[2017.07.20-04.10.07:221][251]LogSavePackage:Display: Finished SavePackage ../../../../../../Users/s171294/Documents/Unreal Projects/Temp/Saved/Autosaves/Game/StarterContent/Maps/Minimal_Default_BuiltData_Auto1.uasset
[2017.07.20-04.10.07:221][251]LogFileHelpers: Auto-saving content packages took 0.007
[2017.07.20-04.13.48:973][680]AssetReimport: New page: Outstanding source content changes 12:13:48 AM
[2017.07.20-04.13.48:979][680]LogFactory: FactoryCreateFile: Texture with ReimportTextureFactory (0 0 C:/Users/s171294/Documents/Unreal Projects/Temp/Content/UI ELEMENTS GAME JAM UE4/Play Button on hover.png)
[2017.07.20-04.13.49:411][681]LogEditorFactories: Performing atomic reimport of [C:/Users/s171294/Documents/Unreal Projects/Temp/Content/UI ELEMENTS GAME JAM UE4/Play Button.png]
[2017.07.20-04.13.49:415][681]LogFactory: FactoryCreateFile: Texture2D with ReimportTextureFactory (0 0 C:/Users/s171294/Documents/Unreal Projects/Temp/Content/UI ELEMENTS GAME JAM UE4/Play Button.png)
[2017.07.20-04.13.49:728][681]LogEditorFactories: -- imported successfully
[2017.07.20-04.13.49:768][682]LogEditorFactories: Performing atomic reimport of [C:/Users/s171294/Documents/Unreal Projects/Temp/Content/UI ELEMENTS GAME JAM UE4/Logo.png]
[2017.07.20-04.13.49:774][682]LogFactory: FactoryCreateFile: Texture2D with ReimportTextureFactory (0 0 C:/Users/s171294/Documents/Unreal Projects/Temp/Content/UI ELEMENTS GAME JAM UE4/Logo.png)
[2017.07.20-04.13.50:278][682]LogEditorFactories: -- imported successfully
[2017.07.20-04.13.50:389][683]LogSavePackage: Save=44.16ms
[2017.07.20-04.13.50:389][683]LogSavePackage: Moving '../../../../../../Users/s171294/Documents/Unreal Projects/Temp/Saved/Play_Button_on_hover94BFD4CE439B5D2C57A3E4B3405E432A.tmp' to '../../../../../../Users/s171294/Documents/Unreal Projects/Temp/Content/UI_ELEMENTS_GAME_JAM_UE4/Play_Button_on_hover.uasset'
[2017.07.20-04.13.50:390][683]LogSavePackage:Display: Finished SavePackage ../../../../../../Users/s171294/Documents/Unreal Projects/Temp/Content/UI_ELEMENTS_GAME_JAM_UE4/Play_Button_on_hover.uasset
[2017.07.20-04.13.50:407][683]Cmd: OBJ SAVEPACKAGE PACKAGE="/Game/UI/Play_Button" FILE="../../../../../../Users/s171294/Documents/Unreal Projects/Temp/Content/UI/Play_Button.uasset" SILENT=true
[2017.07.20-04.13.50:453][683]LogSavePackage: Save=40.50ms
[2017.07.20-04.13.50:453][683]LogSavePackage: Moving '../../../../../../Users/s171294/Documents/Unreal Projects/Temp/Saved/Play_ButtonD49ADA4B4B8FDEF9C025B7A19F39C1BC.tmp' to '../../../../../../Users/s171294/Documents/Unreal Projects/Temp/Content/UI/Play_Button.uasset'
[2017.07.20-04.13.50:454][683]LogSavePackage:Display: Finished SavePackage ../../../../../../Users/s171294/Documents/Unreal Projects/Temp/Content/UI/Play_Button.uasset
[2017.07.20-04.13.50:469][683]Cmd: OBJ SAVEPACKAGE PACKAGE="/Game/UI/Logo" FILE="../../../../../../Users/s171294/Documents/Unreal Projects/Temp/Content/UI/Logo.uasset" SILENT=true
[2017.07.20-04.13.50:518][683]LogSavePackage: Save=44.51ms
[2017.07.20-04.13.50:518][683]LogSavePackage: Moving '../../../../../../Users/s171294/Documents/Unreal Projects/Temp/Saved/LogoF7489B1C435477E1C5517786FAD4CC02.tmp' to '../../../../../../Users/s171294/Documents/Unreal Projects/Temp/Content/UI/Logo.uasset'
[2017.07.20-04.13.50:519][683]LogSavePackage:Display: Finished SavePackage ../../../../../../Users/s171294/Documents/Unreal Projects/Temp/Content/UI/Logo.uasset
[2017.07.20-04.13.53:532][881]AssetReimport: Info Importing new asset /Game/UI_ELEMENTS_GAME_JAM_UE4/Play_Button_on_hover.
[2017.07.20-04.13.53:532][881]AssetReimport: Info Reimported asset Play_Button from C:/Users/s171294/Documents/Unreal Projects/Temp/Content/UI ELEMENTS GAME JAM UE4/Play Button.png.
[2017.07.20-04.13.53:532][881]AssetReimport: Info Reimported asset Logo from C:/Users/s171294/Documents/Unreal Projects/Temp/Content/UI ELEMENTS GAME JAM UE4/Logo.png.
[2017.07.20-04.14.24:441][150]LogTemp: Repeting last play command: New Editor Window (PIE)
[2017.07.20-04.14.24:458][150]LogBlueprintUserMessages: Early PlayInEditor Detection: Level '/Game/StarterContent/Maps/Minimal_Default.Minimal_Default:PersistentLevel' has LevelScriptBlueprint '/Game/StarterContent/Maps/Minimal_Default.Minimal_Default:PersistentLevel.Minimal_Default' with GeneratedClass '/Game/StarterContent/Maps/Minimal_Default.Minimal_Default_C' with ClassGeneratedBy '/Game/StarterContent/Maps/Minimal_Default.Minimal_Default:PersistentLevel.Minimal_Default'
[2017.07.20-04.14.24:459][150]LogPlayLevel: PlayLevel: No blueprints needed recompiling
[2017.07.20-04.14.24:459][150]PIE: New page: PIE session: Minimal_Default (Jul 21, 2017, 12:14:24 AM)
[2017.07.20-04.14.24:459][150]LogPlayLevel: Creating play world package: /Game/StarterContent/Maps/UEDPIE_0_Minimal_Default
[2017.07.20-04.14.24:461][150]LogPlayLevel: PIE: StaticDuplicateObject took: (0.001684s)
[2017.07.20-04.14.24:461][150]LogAIModule: Creating AISystem for world Minimal_Default
[2017.07.20-04.14.24:462][150]LogPlayLevel: PIE: World Init took: (0.001076s)
[2017.07.20-04.14.24:462][150]LogPlayLevel: PIE: Created PIE world by copying editor world from /Game/StarterContent/Maps/Minimal_Default.Minimal_Default to /Game/StarterContent/Maps/UEDPIE_0_Minimal_Default.Minimal_Default (0.003014s)
[2017.07.20-04.14.24:479][150]LogInit: XAudio2 using 'Digital Audio (S/PDIF) (High Definition Audio Device)' : 2 channels at 44.1 kHz using 16 bits per sample (channel mask 0x3)
[2017.07.20-04.14.24:484][150]LogInit: FAudioDevice initialized.
[2017.07.20-04.14.24:529][150]LogLoad: Game class is 'BungeeKickerMode_C'
[2017.07.20-04.14.24:531][150]LogWorld: Bringing World /Game/StarterContent/Maps/UEDPIE_0_Minimal_Default.Minimal_Default up for play (max tick rate 0) at 2017.07.20-14.14.24
[2017.07.20-04.14.24:531][150]LogWorld: Bringing up level for play took: 0.000807
[2017.07.20-04.14.24:532][150]LogSpawn:Warning: SpawnActor failed because no class was specified
[2017.07.20-04.14.24:538][150]PIE: Info Play in editor start time for /Game/StarterContent/Maps/UEDPIE_0_Minimal_Default -0.838
[2017.07.20-04.14.24:539][150]LogBlueprintUserMessages: Late PlayInEditor Detection: Level '/Game/StarterContent/Maps/Minimal_Default.Minimal_Default:PersistentLevel' has LevelScriptBlueprint '/Game/StarterContent/Maps/Minimal_Default.Minimal_Default:PersistentLevel.Minimal_Default' with GeneratedClass '/Game/StarterContent/Maps/Minimal_Default.Minimal_Default_C' with ClassGeneratedBy '/Game/StarterContent/Maps/Minimal_Default.Minimal_Default:PersistentLevel.Minimal_Default'
[2017.07.20-04.14.35:430][783]LogBlueprintUserMessages: Early EndPlayMap Detection: Level '/Game/StarterContent/Maps/Minimal_Default.Minimal_Default:PersistentLevel' has LevelScriptBlueprint '/Game/StarterContent/Maps/Minimal_Default.Minimal_Default:PersistentLevel.Minimal_Default' with GeneratedClass '/Game/StarterContent/Maps/Minimal_Default.Minimal_Default_C' with ClassGeneratedBy '/Game/StarterContent/Maps/Minimal_Default.Minimal_Default:PersistentLevel.Minimal_Default'
[2017.07.20-04.14.35:455][783]LogBlueprintUserMessages: Late EndPlayMap Detection: Level '/Game/StarterContent/Maps/Minimal_Default.Minimal_Default:PersistentLevel' has LevelScriptBlueprint '/Game/StarterContent/Maps/Minimal_Default.Minimal_Default:PersistentLevel.Minimal_Default' with GeneratedClass '/Game/StarterContent/Maps/Minimal_Default.Minimal_Default_C' with ClassGeneratedBy '/Game/StarterContent/Maps/Minimal_Default.Minimal_Default:PersistentLevel.Minimal_Default'
[2017.07.20-04.16.45:236][547]LogTemp: Repeting last play command: New Editor Window (PIE)
[2017.07.20-04.16.45:255][547]LogBlueprintUserMessages: Early PlayInEditor Detection: Level '/Game/StarterContent/Maps/Minimal_Default.Minimal_Default:PersistentLevel' has LevelScriptBlueprint '/Game/StarterContent/Maps/Minimal_Default.Minimal_Default:PersistentLevel.Minimal_Default' with GeneratedClass '/Game/StarterContent/Maps/Minimal_Default.Minimal_Default_C' with ClassGeneratedBy '/Game/StarterContent/Maps/Minimal_Default.Minimal_Default:PersistentLevel.Minimal_Default'
[2017.07.20-04.16.45:255][547]LogPlayLevel: PlayLevel: No blueprints needed recompiling
[2017.07.20-04.16.45:255][547]PIE: New page: PIE session: Minimal_Default (Jul 21, 2017, 12:16:45 AM)
[2017.07.20-04.16.45:255][547]LogPlayLevel: Creating play world package: /Game/StarterContent/Maps/UEDPIE_0_Minimal_Default
[2017.07.20-04.16.45:257][547]LogPlayLevel: PIE: StaticDuplicateObject took: (0.001847s)
[2017.07.20-04.16.45:258][547]LogAIModule: Creating AISystem for world Minimal_Default
[2017.07.20-04.16.45:258][547]LogPlayLevel: PIE: World Init took: (0.000796s)
[2017.07.20-04.16.45:258][547]LogPlayLevel: PIE: Created PIE world by copying editor world from /Game/StarterContent/Maps/Minimal_Default.Minimal_Default to /Game/StarterContent/Maps/UEDPIE_0_Minimal_Default.Minimal_Default (0.002915s)
[2017.07.20-04.16.45:277][547]LogInit: XAudio2 using 'Digital Audio (S/PDIF) (High Definition Audio Device)' : 2 channels at 44.1 kHz using 16 bits per sample (channel mask 0x3)
[2017.07.20-04.16.45:281][547]LogInit: FAudioDevice initialized.
[2017.07.20-04.16.45:330][547]LogLoad: Game class is 'BungeeKickerMode_C'
[2017.07.20-04.16.45:331][547]LogWorld: Bringing World /Game/StarterContent/Maps/UEDPIE_0_Minimal_Default.Minimal_Default up for play (max tick rate 0) at 2017.07.20-14.16.45
[2017.07.20-04.16.45:332][547]LogWorld: Bringing up level for play took: 0.000888
[2017.07.20-04.16.45:332][547]LogSpawn:Warning: SpawnActor failed because no class was specified
[2017.07.20-04.16.45:338][547]PIE: Info Play in editor start time for /Game/StarterContent/Maps/UEDPIE_0_Minimal_Default -0.031
[2017.07.20-04.16.45:339][547]LogBlueprintUserMessages: Late PlayInEditor Detection: Level '/Game/StarterContent/Maps/Minimal_Default.Minimal_Default:PersistentLevel' has LevelScriptBlueprint '/Game/StarterContent/Maps/Minimal_Default.Minimal_Default:PersistentLevel.Minimal_Default' with GeneratedClass '/Game/StarterContent/Maps/Minimal_Default.Minimal_Default_C' with ClassGeneratedBy '/Game/StarterContent/Maps/Minimal_Default.Minimal_Default:PersistentLevel.Minimal_Default'
[2017.07.20-04.16.52:149][935]LogBlueprintUserMessages: Early EndPlayMap Detection: Level '/Game/StarterContent/Maps/Minimal_Default.Minimal_Default:PersistentLevel' has LevelScriptBlueprint '/Game/StarterContent/Maps/Minimal_Default.Minimal_Default:PersistentLevel.Minimal_Default' with GeneratedClass '/Game/StarterContent/Maps/Minimal_Default.Minimal_Default_C' with ClassGeneratedBy '/Game/StarterContent/Maps/Minimal_Default.Minimal_Default:PersistentLevel.Minimal_Default'
[2017.07.20-04.16.52:175][935]LogBlueprintUserMessages: Late EndPlayMap Detection: Level '/Game/StarterContent/Maps/Minimal_Default.Minimal_Default:PersistentLevel' has LevelScriptBlueprint '/Game/StarterContent/Maps/Minimal_Default.Minimal_Default:PersistentLevel.Minimal_Default' with GeneratedClass '/Game/StarterContent/Maps/Minimal_Default.Minimal_Default_C' with ClassGeneratedBy '/Game/StarterContent/Maps/Minimal_Default.Minimal_Default:PersistentLevel.Minimal_Default'
[2017.07.20-04.20.26:445][ 72]LogFileHelpers: Editor autosave (incl. sublevels) for '/Game/StarterContent/Maps/Minimal_Default' took 0.019
[2017.07.20-04.20.26:446][ 72]OBJ SavePackage: Generating thumbnails for [0] asset(s) in package [/Game/UI/MainMenu] ([1] browsable assets)...
[2017.07.20-04.20.26:446][ 72]OBJ SavePackage: Finished generating thumbnails for package [/Game/UI/MainMenu]
[2017.07.20-04.20.26:446][ 72]Cmd: OBJ SAVEPACKAGE PACKAGE="/Game/UI/MainMenu" FILE="../../../../../../Users/s171294/Documents/Unreal Projects/Temp/Saved/Autosaves/Game/UI/MainMenu_Auto2.uasset" SILENT=false AUTOSAVING=true
[2017.07.20-04.20.26:467][ 72]LogSavePackage: Save=15.46ms
[2017.07.20-04.20.26:467][ 72]LogSavePackage: Moving '../../../../../../Users/s171294/Documents/Unreal Projects/Temp/Saved/MainMenu_Auto28F7D09EC4BC0D137057469BE7B861D38.tmp' to '../../../../../../Users/s171294/Documents/Unreal Projects/Temp/Saved/Autosaves/Game/UI/MainMenu_Auto2.uasset'
[2017.07.20-04.20.26:468][ 72]LogSavePackage:Display: Finished SavePackage ../../../../../../Users/s171294/Documents/Unreal Projects/Temp/Saved/Autosaves/Game/UI/MainMenu_Auto2.uasset
[2017.07.20-04.20.26:468][ 72]LogFileHelpers: Auto-saving content packages took 0.022
[2017.07.20-04.22.21:022][893]LogUObjectGlobals:Warning: Failed to find object 'Class None.None'
[2017.07.20-04.24.05:482][582]LogTemp: Repeting last play command: New Editor Window (PIE)
[2017.07.20-04.24.05:500][582]LogBlueprintUserMessages: Early PlayInEditor Detection: Level '/Game/StarterContent/Maps/Minimal_Default.Minimal_Default:PersistentLevel' has LevelScriptBlueprint '/Game/StarterContent/Maps/Minimal_Default.Minimal_Default:PersistentLevel.Minimal_Default' with GeneratedClass '/Game/StarterContent/Maps/Minimal_Default.Minimal_Default_C' with ClassGeneratedBy '/Game/StarterContent/Maps/Minimal_Default.Minimal_Default:PersistentLevel.Minimal_Default'
[2017.07.20-04.24.05:500][582]BlueprintLog: New page: Pre-Play auto-recompile
[2017.07.20-04.24.05:500][582]LogPlayLevel: [PlayLevel] Compiling MainMenu before play...
[2017.07.20-04.24.05:597][582]LogPlayLevel: PlayLevel: Blueprint regeneration took 96 ms (1 blueprints)
[2017.07.20-04.24.05:597][582]PIE: New page: PIE session: Minimal_Default (Jul 21, 2017, 12:24:05 AM)
[2017.07.20-04.24.05:597][582]LogPlayLevel: Creating play world package: /Game/StarterContent/Maps/UEDPIE_0_Minimal_Default
[2017.07.20-04.24.05:599][582]LogPlayLevel: PIE: StaticDuplicateObject took: (0.001653s)
[2017.07.20-04.24.05:599][582]LogAIModule: Creating AISystem for world Minimal_Default
[2017.07.20-04.24.05:600][582]LogPlayLevel: PIE: World Init took: (0.000693s)
[2017.07.20-04.24.05:600][582]LogPlayLevel: PIE: Created PIE world by copying editor world from /Game/StarterContent/Maps/Minimal_Default.Minimal_Default to /Game/StarterContent/Maps/UEDPIE_0_Minimal_Default.Minimal_Default (0.002570s)
[2017.07.20-04.24.05:617][582]LogInit: XAudio2 using 'Digital Audio (S/PDIF) (High Definition Audio Device)' : 2 channels at 44.1 kHz using 16 bits per sample (channel mask 0x3)
[2017.07.20-04.24.05:621][582]LogInit: FAudioDevice initialized.
[2017.07.20-04.24.05:670][582]LogLoad: Game class is 'BungeeKickerMode_C'
[2017.07.20-04.24.05:672][582]LogWorld: Bringing World /Game/StarterContent/Maps/UEDPIE_0_Minimal_Default.Minimal_Default up for play (max tick rate 0) at 2017.07.20-14.24.05
[2017.07.20-04.24.05:672][582]LogWorld: Bringing up level for play took: 0.000948
[2017.07.20-04.24.05:673][582]LogSpawn:Warning: SpawnActor failed because no class was specified
[2017.07.20-04.24.05:679][582]PIE: Info Play in editor start time for /Game/StarterContent/Maps/UEDPIE_0_Minimal_Default 0.333
[2017.07.20-04.24.05:680][582]LogBlueprintUserMessages: Late PlayInEditor Detection: Level '/Game/StarterContent/Maps/Minimal_Default.Minimal_Default:PersistentLevel' has LevelScriptBlueprint '/Game/StarterContent/Maps/Minimal_Default.Minimal_Default:PersistentLevel.Minimal_Default' with GeneratedClass '/Game/StarterContent/Maps/Minimal_Default.Minimal_Default_C' with ClassGeneratedBy '/Game/StarterContent/Maps/Minimal_Default.Minimal_Default:PersistentLevel.Minimal_Default'
[2017.07.20-04.24.20:613][488]LogBlueprintUserMessages: Early EndPlayMap Detection: Level '/Game/StarterContent/Maps/Minimal_Default.Minimal_Default:PersistentLevel' has LevelScriptBlueprint '/Game/StarterContent/Maps/Minimal_Default.Minimal_Default:PersistentLevel.Minimal_Default' with GeneratedClass '/Game/StarterContent/Maps/Minimal_Default.Minimal_Default_C' with ClassGeneratedBy '/Game/StarterContent/Maps/Minimal_Default.Minimal_Default:PersistentLevel.Minimal_Default'
[2017.07.20-04.24.20:639][488]LogBlueprintUserMessages: Late EndPlayMap Detection: Level '/Game/StarterContent/Maps/Minimal_Default.Minimal_Default:PersistentLevel' has LevelScriptBlueprint '/Game/StarterContent/Maps/Minimal_Default.Minimal_Default:PersistentLevel.Minimal_Default' with GeneratedClass '/Game/StarterContent/Maps/Minimal_Default.Minimal_Default_C' with ClassGeneratedBy '/Game/StarterContent/Maps/Minimal_Default.Minimal_Default:PersistentLevel.Minimal_Default'
[2017.07.20-04.30.42:010][905]LogSavePackage: Save=96.07ms
[2017.07.20-04.30.42:010][905]LogSavePackage: Moving '../../../../../../Users/s171294/Documents/Unreal Projects/Temp/Saved/Minimal_Default_Auto31B0006C041853CD490E09EAC74092047.tmp' to '../../../../../../Users/s171294/Documents/Unreal Projects/Temp/Saved/Autosaves/Game/StarterContent/Maps/Minimal_Default_Auto3.umap'
[2017.07.20-04.30.42:011][905]LogSavePackage:Display: Finished SavePackage ../../../../../../Users/s171294/Documents/Unreal Projects/Temp/Saved/Autosaves/Game/StarterContent/Maps/Minimal_Default_Auto3.umap
[2017.07.20-04.30.42:012][905]LogFileHelpers: Editor autosave (incl. sublevels) for '/Game/StarterContent/Maps/Minimal_Default' took 0.122
[2017.07.20-04.30.42:012][905]LogFileHelpers: Editor autosave (incl. sublevels) for all levels took 0.122
[2017.07.20-04.30.42:015][905]OBJ SavePackage: Generating thumbnails for [0] asset(s) in package [/Game/UI/MainMenu] ([1] browsable assets)...
[2017.07.20-04.30.42:015][905]OBJ SavePackage: Finished generating thumbnails for package [/Game/UI/MainMenu]
[2017.07.20-04.30.42:015][905]Cmd: OBJ SAVEPACKAGE PACKAGE="/Game/UI/MainMenu" FILE="../../../../../../Users/s171294/Documents/Unreal Projects/Temp/Saved/Autosaves/Game/UI/MainMenu_Auto3.uasset" SILENT=false AUTOSAVING=true
[2017.07.20-04.30.42:030][905]LogSavePackage: Save=10.95ms
[2017.07.20-04.30.42:030][905]LogSavePackage: Moving '../../../../../../Users/s171294/Documents/Unreal Projects/Temp/Saved/MainMenu_Auto35E7A96724FF8DCD58D2DF9A5610DB157.tmp' to '../../../../../../Users/s171294/Documents/Unreal Projects/Temp/Saved/Autosaves/Game/UI/MainMenu_Auto3.uasset'
[2017.07.20-04.30.42:031][905]LogSavePackage:Display: Finished SavePackage ../../../../../../Users/s171294/Documents/Unreal Projects/Temp/Saved/Autosaves/Game/UI/MainMenu_Auto3.uasset
[2017.07.20-04.30.42:031][905]LogFileHelpers: Auto-saving content packages took 0.017
