Log file open, 07/21/17 10:11:57
LogInit:Display: Running engine for game: Elasticity
LogPlatformFile: Not using cached read wrapper
LogInit:Display: RandInit(610989751) SRandInit(610989751).
LogTaskGraph: Started task graph with 5 named threads and 8 total threads with 1 sets of task threads.
LogStats: Stats thread started at 0.071254
LogInit: Using libcurl 7.47.1
LogInit:  - built for x86_64-pc-win32
LogInit:  - supports SSL with OpenSSL/1.0.2g
LogInit:  - supports HTTP deflate (compression) using libz 1.2.8
LogInit:  - other features:
LogInit:      CURL_VERSION_SSL
LogInit:      CURL_VERSION_LIBZ
LogInit:      CURL_VERSION_IPV6
LogInit:      CURL_VERSION_ASYNCHDNS
LogInit:      CURL_VERSION_LARGEFILE
LogInit:      CURL_VERSION_IDN
LogInit:  CurlRequestOptions (configurable via config and command line):
LogInit:  - bVerifyPeer = false  - Libcurl will NOT verify peer certificate
LogInit:  - bUseHttpProxy = false  - Libcurl will NOT use HTTP proxy
LogInit:  - bDontReuseConnections = false  - Libcurl will reuse connections
LogInit:  - CertBundlePath = nullptr  - Libcurl will use whatever was configured at build time.
LogInit: Build: ++UE4+Release-4.15-CL-3348071
LogInit: Engine Version: 4.15.1-3348071+++UE4+Release-4.15
LogInit: Compatible Engine Version: 4.15.0-3299760+++UE4+Release-4.15
LogInit: Net CL: 3299760
LogDevObjectVersion: Number of dev versions registered: 14
LogDevObjectVersion:   Dev-Blueprints (B0D832E4-1F89-4F0D-ACCF-7EB736FD4AA2): 8
LogDevObjectVersion:   Dev-Build (E1C64328-A22C-4D53-A36C-8E866417BD8C): 0
LogDevObjectVersion:   Dev-Core (375EC13C-06E4-48FB-B500-84F0262A717E): 2
LogDevObjectVersion:   Dev-Editor (E4B068ED-F494-42E9-A231-DA0B2E46BB41): 14
LogDevObjectVersion:   Dev-Framework (CFFC743F-43B0-4480-9391-14DF171D2073): 22
LogDevObjectVersion:   Dev-Mobile (B02B49B5-BB20-44E9-A304-32B752E40360): 0
LogDevObjectVersion:   Dev-Networking (A4E4105C-59A1-49B5-A7C5-40C4547EDFEE): 0
LogDevObjectVersion:   Dev-Online (39C831C9-5AE6-47DC-9A44-9C173E1C8E7C): 0
LogDevObjectVersion:   Dev-Physics (78F01B33-EBEA-4F98-B9B4-84EACCB95AA2): 0
LogDevObjectVersion:   Dev-Platform (6631380F-2D4D-43E0-8009-CF276956A95A): 0
LogDevObjectVersion:   Dev-Rendering (12F88B9F-8875-4AFC-A67C-D90C383ABD29): 12
LogDevObjectVersion:   Dev-Sequencer (7B5AE74C-D270-4C10-A958-57980B212A5A): 3
LogDevObjectVersion:   Dev-VR (D7296918-1DD6-4BDD-9DE2-64A83CC13884): 0
LogDevObjectVersion:   Dev-LoadTimes (C2A15278-BFE7-4AFE-6C17-90FF531DF755): 1
LogInit: Compiled (64-bit): Mar 15 2017 16:52:47
LogInit: Compiled with Visual C++: 19.00.23026.00
LogInit: Build Configuration: Development
LogInit: Branch Name: ++UE4+Release-4.15
LogInit: Command line: 
LogInit: Base directory: C:/Program Files/Epic Games/UE_4.15/Engine/Binaries/Win64/
LogInit: Installed Engine Build: 1
LogInit: Presizing for max 8388607 objects, including 0 objects not considered by GC, pre-allocating 0 bytes for permanent pool.
LogInit: Object subsystem initialized
[2017.07.21-00.11.58:944][  0]LogInit: Selected Device Profile: [Windows]
[2017.07.21-00.11.58:944][  0]LogInit: Applying CVar settings loaded from the selected device profile: [Windows]
[2017.07.21-00.11.58:957][  0]LogInit: Computer: WWP-D2A9B1
[2017.07.21-00.11.58:957][  0]LogInit: User: s171257
[2017.07.21-00.11.58:957][  0]LogInit: CPU Page size=65536, Cores=4
[2017.07.21-00.11.58:957][  0]LogInit: High frequency timer resolution =3.312812 MHz
[2017.07.21-00.11.58:957][  0]LogMemory: Memory total: Physical=32.0GB (32GB approx)
[2017.07.21-00.11.58:957][  0]LogMemory: Platform Memory Stats for Windows
[2017.07.21-00.11.58:957][  0]LogMemory: Process Physical Memory: 265.91 MB used, 265.91 MB peak
[2017.07.21-00.11.58:957][  0]LogMemory: Process Virtual Memory: 266.30 MB used, 266.30 MB peak
[2017.07.21-00.11.58:957][  0]LogMemory: Physical Memory: 6248.74 MB used,  26480.64 MB free, 32729.38 MB total
[2017.07.21-00.11.58:957][  0]LogMemory: Virtual Memory: 633.79 MB used,  26480.64 MB free, 8388608.00 MB total
[2017.07.21-00.11.59:061][  0]LogTextLocalizationManager: No specific translations for ('en-US') exist, so ('en') translations will be used.
[2017.07.21-00.11.59:685][  0]LogD3D11RHI: D3D11 adapters:
[2017.07.21-00.11.59:706][  0]LogD3D11RHI:    0. 'NVIDIA GeForce GTX 660 Ti' (Feature Level 11_0)
[2017.07.21-00.11.59:706][  0]LogD3D11RHI:       1988/0/16108 MB DedicatedVideo/DedicatedSystem/SharedSystem, Outputs:2, VendorId:0x10de
[2017.07.21-00.11.59:706][  0]LogD3D11RHI: Chosen D3D11 Adapter: 0
[2017.07.21-00.11.59:710][  0]LogD3D11RHI: Creating new Direct3DDevice
[2017.07.21-00.11.59:710][  0]LogD3D11RHI:     GPU DeviceId: 0x1183 (for the marketing name, search the web for "GPU Device Id")
[2017.07.21-00.11.59:710][  0]LogWindows: EnumDisplayDevices:
[2017.07.21-00.11.59:710][  0]LogWindows:    0. 'NVIDIA GeForce GTX 660 Ti' (P:1 D:1)
[2017.07.21-00.11.59:710][  0]LogWindows:    1. 'NVIDIA GeForce GTX 660 Ti' (P:0 D:1)
[2017.07.21-00.11.59:710][  0]LogWindows:    2. 'NVIDIA GeForce GTX 660 Ti' (P:0 D:0)
[2017.07.21-00.11.59:711][  0]LogWindows:    3. 'NVIDIA GeForce GTX 660 Ti' (P:0 D:0)
[2017.07.21-00.11.59:711][  0]LogWindows:    4. 'RDPDD Chained DD' (P:0 D:0)
[2017.07.21-00.11.59:711][  0]LogWindows:    5. 'RDP Encoder Mirror Driver' (P:0 D:0)
[2017.07.21-00.11.59:711][  0]LogWindows:    6. 'RDP Reflector Display Driver' (P:0 D:0)
[2017.07.21-00.11.59:711][  0]LogWindows: DebugString: GetVideoDriverDetailsInvalid PrimaryIsNotTheChoosenAdapter GetVideoDriverDetailsInvalid PrimaryIsNotTheChoosenAdapter GetVideoDriverDetailsInvalid PrimaryIsNotTheChoosenAdapter FoundDriverCount:4 
[2017.07.21-00.11.59:711][  0]LogD3D11RHI:     Adapter Name: NVIDIA GeForce GTX 660 Ti
[2017.07.21-00.11.59:711][  0]LogD3D11RHI:   Driver Version: 376.33 (internal:21.21.13.7633, unified:376.33)
[2017.07.21-00.11.59:711][  0]LogD3D11RHI:      Driver Date: 12-11-2016
[2017.07.21-00.11.59:711][  0]LogRHI: Texture pool is 1361 MB (70% of 1945 MB)
[2017.07.21-00.11.59:719][  0]LogD3D11RHI:Warning: Timestamp queries are currently disabled on this hardware due to instability. Realtime GPU stats will not be available. You can override this behaviour by setting r.NVIDIATimestampWorkaround to 0
[2017.07.21-00.11.59:719][  0]LogD3D11RHI: Async texture creation enabled
[2017.07.21-00.11.59:734][  0]LogD3D11RHI: GPU Timing Frequency: 1000.000000 (Debug: 2 2)
[2017.07.21-00.11.59:831][  0]LogShaderCompilers: Guid format shader working directory is -11 characters bigger than the processId version (../../../../../../Users/s171257/Documents/GitHub/Elasticity/Intermediate/Shaders/WorkingDirectory/8968/).
[2017.07.21-00.11.59:831][  0]LogShaderCompilers: Cleaned the shader compiler working directory 'C:/Users/s171257/AppData/Local/Temp/UnrealShaderWorkingDir/1D3AC42D40794C083094029A901EBAF5/'.
[2017.07.21-00.11.59:831][  0]LogShaderCompilers:Display: Using Local Shader Compiler.
[2017.07.21-00.12.00:906][  0]LogTemp:Display: Loaded TP AllDesktopTargetPlatform
[2017.07.21-00.12.00:977][  0]LogTemp:Display: Loaded TP MacClientTargetPlatform
[2017.07.21-00.12.01:048][  0]LogTemp:Display: Loaded TP MacNoEditorTargetPlatform
[2017.07.21-00.12.01:118][  0]LogTemp:Display: Loaded TP MacServerTargetPlatform
[2017.07.21-00.12.01:188][  0]LogTemp:Display: Loaded TP MacTargetPlatform
[2017.07.21-00.12.01:259][  0]LogTemp:Display: Loaded TP WindowsClientTargetPlatform
[2017.07.21-00.12.01:329][  0]LogTemp:Display: Loaded TP WindowsNoEditorTargetPlatform
[2017.07.21-00.12.01:399][  0]LogTemp:Display: Loaded TP WindowsServerTargetPlatform
[2017.07.21-00.12.01:459][  0]LogTemp:Display: Loaded TP WindowsTargetPlatform
[2017.07.21-00.12.01:529][  0]LogTemp:Display: Loaded TP AndroidTargetPlatform
[2017.07.21-00.12.01:598][  0]LogTemp:Display: Loaded TP Android_ASTCTargetPlatform
[2017.07.21-00.12.01:668][  0]LogTemp:Display: Loaded TP Android_ATCTargetPlatform
[2017.07.21-00.12.01:738][  0]LogTemp:Display: Loaded TP Android_DXTTargetPlatform
[2017.07.21-00.12.01:807][  0]LogTemp:Display: Loaded TP Android_ETC1TargetPlatform
[2017.07.21-00.12.01:877][  0]LogTemp:Display: Loaded TP Android_ETC2TargetPlatform
[2017.07.21-00.12.02:017][  0]LogTemp:Display: Loaded TP Android_MultiTargetPlatform
[2017.07.21-00.12.02:017][  0]LogTemp:Display: Loaded TP Android_PVRTCTargetPlatform
[2017.07.21-00.12.02:068][  0]LogTemp:Display: Loaded TP HTML5TargetPlatform
[2017.07.21-00.12.02:184][  0]LogTemp:Display: Loaded TP IOSTargetPlatform
[2017.07.21-00.12.02:228][  0]LogTemp:Display: Loaded TP TVOSTargetPlatform
[2017.07.21-00.12.02:297][  0]LogTemp:Display: Loaded TP LinuxClientTargetPlatform
[2017.07.21-00.12.02:367][  0]LogTemp:Display: Loaded TP LinuxNoEditorTargetPlatform
[2017.07.21-00.12.02:437][  0]LogTemp:Display: Loaded TP LinuxServerTargetPlatform
[2017.07.21-00.12.02:507][  0]LogTemp:Display: Loaded TP LinuxTargetPlatform
[2017.07.21-00.12.02:507][  0]LogTargetPlatformManager:Display: Building Assets For Windows
[2017.07.21-00.12.03:053][  0]LogDerivedDataCache:Display: Max Cache Size: 512 MB
[2017.07.21-00.12.03:096][  0]LogDerivedDataCache: Loaded boot cache 0.04s 50MB C:/Users/s171257/AppData/Local/UnrealEngine/4.15/DerivedDataCache/Boot.ddc.
[2017.07.21-00.12.03:096][  0]LogDerivedDataCache:Display: Loaded Boot cache: C:/Users/s171257/AppData/Local/UnrealEngine/4.15/DerivedDataCache/Boot.ddc
[2017.07.21-00.12.03:096][  0]LogDerivedDataCache: FDerivedDataBackendGraph:  Pak pak cache file ../../../../../../Users/s171257/Documents/GitHub/Elasticity/DerivedDataCache/DDC.ddp not found, will not use a pak cache.
[2017.07.21-00.12.03:096][  0]LogDerivedDataCache: Unable to find inner node Pak for hierarchical cache Hierarchy.
[2017.07.21-00.12.03:096][  0]LogDerivedDataCache: FDerivedDataBackendGraph:  CompressedPak pak cache file ../../../../../../Users/s171257/Documents/GitHub/Elasticity/DerivedDataCache/Compressed.ddp not found, will not use a pak cache.
[2017.07.21-00.12.03:096][  0]LogDerivedDataCache: Unable to find inner node CompressedPak for hierarchical cache Hierarchy.
[2017.07.21-00.12.03:114][  0]LogDerivedDataCache:Display: Pak cache opened for reading ../../../Engine/DerivedDataCache/Compressed.ddp.
[2017.07.21-00.12.03:126][  0]LogDerivedDataCache: Using Local data cache path C:/Users/s171257/AppData/Local/UnrealEngine/Common/DerivedDataCache: Writable
[2017.07.21-00.12.03:135][  0]LogSlate: Using Freetype 2.6.0
[2017.07.21-00.12.03:136][  0]LogSlate: SlateFontCache - WITH_FREETYPE: 1, WITH_HARFBUZZ: 1
[2017.07.21-00.12.03:136][  0]LogSlate: SlateFontCache - WITH_FREETYPE: 1, WITH_HARFBUZZ: 1
[2017.07.21-00.12.03:436][  0]LogInit: Selected Device Profile: [Windows]
[2017.07.21-00.12.03:439][  0]LogContentStreaming: Texture pool size is 0.00 MB
[2017.07.21-00.12.03:684][  0]LogMeshUtilities: Using QuadricMeshReduction for automatic static mesh reduction
[2017.07.21-00.12.03:740][  0]LogSimplygon: Simplygon DLL not present - disabling.
[2017.07.21-00.12.03:797][  0]LogMeshUtilities: Using SimplygonSwarm for distributed automatic mesh merging
[2017.07.21-00.12.03:797][  0]LogMeshUtilities: No automatic skeletal mesh reduction module available
[2017.07.21-00.12.03:797][  0]LogMeshUtilities: No automatic mesh merging module available
[2017.07.21-00.12.04:345][  0]LogNetVersion: GetLocalNetworkVersion: CL: 3299760, ProjectName: elasticity, ProjectVersion: , EngineNetworkVersion: 2, GameNetworkVersion: 0, NetworkChecksum: 785609284
[2017.07.21-00.12.04:396][  0]LogAssetRegistry: FAssetRegistry took 0.0199 seconds to start up
[2017.07.21-00.12.04:456][  0]LogPackageLocalizationCache: Processed 3 localized package path(s) for 2 prioritized culture(s) in 0.033465 seconds
[2017.07.21-00.12.04:461][  0]LogUObjectArray: 32493 objects as part of root set at end of initial load.
[2017.07.21-00.12.04:461][  0]LogUObjectAllocator: 7077032 out of 0 bytes used by permanent object pool.
[2017.07.21-00.12.04:461][  0]LogUObjectArray: CloseDisregardForGC: 0/0 objects in disregard for GC pool
[2017.07.21-00.12.04:542][  0]LogInit: WinSock: version 1.1 (2.2), MaxSocks=32767, MaxUdp=65467
[2017.07.21-00.12.06:447][  0]LogTcpMessaging: Initializing TcpMessaging bridge
[2017.07.21-00.12.06:490][  0]LogUdpMessaging: Initializing bridge on interface 0.0.0.0:0 to multicast group 230.0.0.1:6666.
[2017.07.21-00.12.07:045][  0]LogMaterial: Uniform references updated for custom material expression Custom.
[2017.07.21-00.12.07:517][  0]SourceControl: Info Source control is disabled
[2017.07.21-00.12.07:517][  0]SourceControl: Info Source control is disabled
[2017.07.21-00.12.07:575][  0]SourceControl: Info Source control is disabled
[2017.07.21-00.12.07:632][  0]SourceControl: Info Source control is disabled
[2017.07.21-00.12.09:152][  0]LogEngine: Initializing Engine...
[2017.07.21-00.12.09:153][  0]LogHMD: Failed to initialize OpenVR with code 110
[2017.07.21-00.12.09:426][  0]LogAIModule: Creating AISystem for world Untitled
[2017.07.21-00.12.09:438][  0]LogInit: XAudio2 using 'Speakers (High Definition Audio Device)' : 2 channels at 44.1 kHz using 16 bits per sample (channel mask 0x3)
[2017.07.21-00.12.09:447][  0]LogInit: FAudioDevice initialized.
[2017.07.21-00.12.09:472][  0]LogDerivedDataCache: Saved boot cache 0.03s 50MB C:/Users/s171257/AppData/Local/UnrealEngine/4.15/DerivedDataCache/Boot.ddc.
[2017.07.21-00.12.09:477][  0]LogInit: Texture streaming: Enabled
[2017.07.21-00.12.09:597][  0]LogEngineSessionManager: EngineSessionManager initialized
[2017.07.21-00.12.09:710][  0]LogInit: Transaction tracking system initialized
[2017.07.21-00.12.10:165][  0]BlueprintLog: New page: Editor Load
[2017.07.21-00.12.11:297][  0]LocalizationService: Info Localization service is disabled
[2017.07.21-00.12.12:155][  0]LogConsoleResponse:Display: 
[2017.07.21-00.12.12:284][  0]LogCook:Display: Max memory allowance for cook 16384mb min free memory 0mb
[2017.07.21-00.12.12:284][  0]LogCook:Display: Mobile HDR setting 1
[2017.07.21-00.12.13:512][  0]LogFileCache: Scanning file cache for directory 'C:/Users/s171257/Documents/GitHub/Elasticity/Content/' took 0.01s
[2017.07.21-00.12.13:567][  0]SourceControl: Info Source control is disabled
[2017.07.21-00.12.13:567][  0]Cmd: MAP LOAD FILE="../../../../../../Users/s171257/Documents/GitHub/Elasticity/Content/StarterContent/Maps/Minimal_Default.umap" TEMPLATE=0 SHOWPROGRESS=1 FEATURELEVEL=3
[2017.07.21-00.12.13:568][  0]LightingResults: New page: Lighting Build
[2017.07.21-00.12.13:620][  0]MapCheck: New page: Map Check
[2017.07.21-00.12.13:620][  0]LightingResults: New page: Lighting Build
[2017.07.21-00.12.13:976][  0]LogAIModule: Creating AISystem for world Minimal_Default
[2017.07.21-00.12.13:994][  0]LogEditorServer: Finished looking for orphan Actors (0.000 secs)
[2017.07.21-00.12.13:995][  0]Cmd: MAP CHECKDEP NOCLEARLOG
[2017.07.21-00.12.14:040][  0]MapCheck: Info Map check complete: 0 Error(s), 0 Warning(s), took 45.497ms to complete.
[2017.07.21-00.12.14:040][  0]LogFileHelpers: Loading map 'Minimal_Default' took 0.473
[2017.07.21-00.12.14:244][  0]LogCollectionManager: Loaded 0 collections in 0.001711 seconds
[2017.07.21-00.12.14:337][  0]LogFileCache: Scanning file cache for directory 'C:/Users/s171257/Documents/GitHub/Elasticity/Saved/Collections/' took 0.01s
[2017.07.21-00.12.14:337][  0]LogFileCache: Scanning file cache for directory 'C:/Users/s171257/Documents/GitHub/Elasticity/Content/Developers/s171257/Collections/' took 0.01s
[2017.07.21-00.12.14:337][  0]LogFileCache: Scanning file cache for directory 'C:/Users/s171257/Documents/GitHub/Elasticity/Content/Collections/' took 0.01s
[2017.07.21-00.12.14:337][  0]LogCollectionManager: Rebuilt the GUID cache for 0 collections in 0.000001 seconds
[2017.07.21-00.12.14:347][  0]LogContentBrowser: Native class hierarchy populated in 0.0095 seconds. Added 2245 classes and 453 folders.
[2017.07.21-00.12.14:350][  0]LogStats: UGameplayTagsManager::ConstructGameplayTagTree: Construct from data asset -  0.000 s
[2017.07.21-00.12.14:350][  0]LogStats: UGameplayTagsManager::ConstructGameplayTagTree: GameplayTagTreeChangedEvent.Broadcast -  0.000 s
[2017.07.21-00.12.14:430][  0]LogContentBrowser: Native class hierarchy updated for 'WidgetCarousel' in 0.0005 seconds. Added 0 classes and 0 folders.
[2017.07.21-00.12.14:470][  0]LogContentBrowser: Native class hierarchy updated for 'AddContentDialog' in 0.0005 seconds. Added 0 classes and 0 folders.
[2017.07.21-00.12.14:525][  0]LogContentBrowser: Native class hierarchy updated for 'SceneOutliner' in 0.0005 seconds. Added 1 classes and 2 folders.
[2017.07.21-00.12.14:580][  0]LogCrashTracker: Crashtracker disabled due to settings.
[2017.07.21-00.12.14:585][  0]LogUObjectGlobals:Warning: Failed to find object 'Class None.'
[2017.07.21-00.12.14:658][  0]LogContentBrowser: Native class hierarchy updated for 'HierarchicalLODOutliner' in 0.0005 seconds. Added 1 classes and 2 folders.
[2017.07.21-00.12.14:658][  0]LogLoad: (Engine Initialization) Total time: 18.10 seconds
[2017.07.21-00.12.14:658][  0]LogLoad: (Engine Initialization) Total Blueprint compile time: 0.15 seconds
[2017.07.21-00.12.14:658][  0]LogExternalProfiler: Found external profiler: VSPerf
[2017.07.21-00.12.14:658][  0]LogExternalProfiler: Using external profiler: VSPerf
[2017.07.21-00.12.14:667][  0]LogOcInput: OculusInput pre-init called
[2017.07.21-00.12.14:688][  0]LogContentStreaming: Texture pool size now 1000 MB
[2017.07.21-00.12.14:689][  0]LogSlate: Took 0.000276 seconds to synchronously load lazily loaded font '../../../Engine/Content/Slate/Fonts/Roboto-Regular.ttf' (155K)
[2017.07.21-00.12.14:692][  0]LogSlate: Took 0.000256 seconds to synchronously load lazily loaded font '../../../Engine/Content/Slate/Fonts/Roboto-Bold.ttf' (160K)
[2017.07.21-00.12.14:698][  0]LogSlate: Took 0.000222 seconds to synchronously load lazily loaded font '../../../Engine/Content/Editor/Slate/Fonts/FontAwesome.ttf' (139K)
[2017.07.21-00.12.14:805][  0]LogSlate: Took 0.000287 seconds to synchronously load lazily loaded font '../../../Engine/Content/Slate/Fonts/Roboto-Light.ttf' (159K)
[2017.07.21-00.12.14:852][  0]LogRenderer: Reallocating scene render targets to support 1004x628 NumSamples 1 (Frame:2).
[2017.07.21-00.12.14:901][  1]LogAssetRegistry: Asset discovery search completed in 10.5324 seconds
[2017.07.21-00.12.14:901][  1]LogCollectionManager: Rebuilt the object cache for 0 collections in 0.000005 seconds (found 0 objects)
[2017.07.21-00.12.14:901][  1]LogCollectionManager: Fixed up redirectors for 0 collections in 0.000020 seconds (updated 0 objects)
[2017.07.21-00.14.00:031][614]LogBlueprint:Warning: [Compiler PersistentLevel.final_level] Warning Node  Unknown  is not referencing a valid level actor
[2017.07.21-00.14.00:031][614]LogBlueprint:Warning: [Compiler PersistentLevel.final_level] Warning [0123.54] Compile of PersistentLevel.final_level successful, but with 1 Warning(s) [in 1 ms] (/Game/final_level.final_level:PersistentLevel.final_level)
[2017.07.21-00.14.00:031][614]LogBlueprint:Warning: [Compiler PersistentLevel.final_level] Warning [0123.54] Compile of PersistentLevel.final_level successful, but with 2 Warning(s) [in 0 ms] (/Game/final_level.final_level:PersistentLevel.final_level)
[2017.07.21-00.14.00:031][614]LogBlueprint:Warning: [Compiler PersistentLevel.final_level] Warning [0123.54] Compile of PersistentLevel.final_level successful, but with 3 Warning(s) [in 0 ms] (/Game/final_level.final_level:PersistentLevel.final_level)
[2017.07.21-00.14.00:033][614]LogBlueprint:Warning: [Compiler PersistentLevel.final_level] Warning Node  Unknown  is not referencing a valid level actor
[2017.07.21-00.14.00:033][614]LogBlueprint:Warning: [Compiler PersistentLevel.final_level] Warning [0123.54] Compile of PersistentLevel.final_level successful, but with 1 Warning(s) [in 1 ms] (/Game/final_level.final_level:PersistentLevel.final_level)
[2017.07.21-00.14.00:033][614]LogBlueprint:Warning: [Compiler PersistentLevel.final_level] Warning [0123.54] Compile of PersistentLevel.final_level successful, but with 2 Warning(s) [in 0 ms] (/Game/final_level.final_level:PersistentLevel.final_level)
[2017.07.21-00.14.00:033][614]LogBlueprint:Warning: [Compiler PersistentLevel.final_level] Warning [0123.54] Compile of PersistentLevel.final_level successful, but with 3 Warning(s) [in 0 ms] (/Game/final_level.final_level:PersistentLevel.final_level)
[2017.07.21-00.14.00:078][614]LogPackageName:Warning: String asset reference "AA_Test.Mesh.SM_Smoke_Dome" is in short form, which is unsupported and -- even if valid -- resolving it will be really slow.
[2017.07.21-00.14.00:078][614]LogPackageName:Warning: Please consider resaving package in order to speed-up loading.
[2017.07.21-00.14.00:147][614]LogPackageName: SearchForPackageOnDisk took   0.068s, but failed to resolve AA_Test.
[2017.07.21-00.14.00:147][614]LogPackageName:Warning: String asset reference "AA_Test.Mesh.SM_Smoke_Dome" could not be resolved.
[2017.07.21-00.14.00:280][614]LogAIModule: Creating AISystem for world final_level
[2017.07.21-00.14.03:794][964]LogSlate: Took 0.000262 seconds to synchronously load lazily loaded font '../../../Engine/Content/Slate/Fonts/Roboto-Light.ttf' (159K)
[2017.07.21-00.14.03:948][964]LogBlueprint:Warning: [Compiler PersistentLevel.final_level] Warning Node  Unknown  is not referencing a valid level actor
[2017.07.21-00.14.03:949][964]LogBlueprint:Warning: [Compiler PersistentLevel.final_level] Warning [0127.46] Compile of PersistentLevel.final_level successful, but with 1 Warning(s) [in 3 ms] (/Game/Levels/final_level.final_level:PersistentLevel.final_level)
[2017.07.21-00.14.03:949][964]LogSpawn:Warning: UWorld::DestroyActor: World has no context! World: final_level, Actor: /Game/Levels/final_level.final_level:PersistentLevel.final_level_C_1
[2017.07.21-00.14.03:949][964]LogBlueprint:Warning: [Compiler PersistentLevel.final_level] Warning [0127.46] Compile of PersistentLevel.final_level successful, but with 2 Warning(s) [in 0 ms] (/Game/Levels/final_level.final_level:PersistentLevel.final_level)
[2017.07.21-00.14.03:949][964]LogBlueprint:Warning: [Compiler PersistentLevel.final_level] Warning [0127.46] Compile of PersistentLevel.final_level successful, but with 3 Warning(s) [in 0 ms] (/Game/Levels/final_level.final_level:PersistentLevel.final_level)
[2017.07.21-00.14.03:989][964]LogBlueprint:Warning: [Compiler PersistentLevel.final_level] Warning [0127.50] Compile of PersistentLevel.final_level successful, but with 4 Warning(s) [in 40 ms] (/Game/Levels/final_level.final_level:PersistentLevel.final_level)
[2017.07.21-00.14.04:002][964]LogBlueprint:Warning: [Compiler PersistentLevel.final_level] Warning [0127.51] Compile of PersistentLevel.final_level successful, but with 5 Warning(s) [in 12 ms] (/Game/Levels/final_level.final_level:PersistentLevel.final_level)
[2017.07.21-00.14.04:002][964]LogBlueprint:Warning: [Compiler PersistentLevel.final_level] Warning [0127.51] Compile of PersistentLevel.final_level successful, but with 6 Warning(s) [in 0 ms] (/Game/Levels/final_level.final_level:PersistentLevel.final_level)
[2017.07.21-00.14.04:002][964]LogBlueprint:Warning: [Compiler PersistentLevel.final_level] Warning [0127.51] Compile of PersistentLevel.final_level successful, but with 7 Warning(s) [in 0 ms] (/Game/Levels/final_level.final_level:PersistentLevel.final_level)
[2017.07.21-00.14.04:003][964]LogMetaData: Removing '/Game/Levels/final_level.SKEL_final_level_C' ref from Metadata '/Game/final_level./Game/final_level_BuiltData.PackageMetaData'
[2017.07.21-00.14.04:003][964]LogMetaData: Removing '/Game/Levels/final_level.final_level_C' ref from Metadata '/Game/final_level./Game/final_level_BuiltData.PackageMetaData'
[2017.07.21-00.14.04:073][964]Cmd: OBJ SAVEPACKAGE PACKAGE="/Game/Levels/final_level" FILE="../../../../../../Users/s171257/Documents/GitHub/Elasticity/Content/Levels/final_level.umap" SILENT=true AUTOSAVING=false KEEPDIRTY=false
[2017.07.21-00.14.04:125][964]LogBlueprint:Warning: [Compiler PersistentLevel.final_level] Warning Node  Unknown  is not referencing a valid level actor
[2017.07.21-00.14.04:125][964]LogBlueprint:Warning: [Compiler PersistentLevel.final_level] Warning [0127.64] Compile of PersistentLevel.final_level successful, but with 1 Warning(s) [in 3 ms] (/Game/Levels/final_level.final_level:PersistentLevel.final_level)
[2017.07.21-00.14.04:125][964]LogSpawn:Warning: UWorld::DestroyActor: World has no context! World: final_level, Actor: /Game/Levels/final_level.final_level:PersistentLevel.final_level_C_0
[2017.07.21-00.14.04:126][964]LogBlueprint:Warning: [Compiler PersistentLevel.final_level] Warning [0127.64] Compile of PersistentLevel.final_level successful, but with 2 Warning(s) [in 0 ms] (/Game/Levels/final_level.final_level:PersistentLevel.final_level)
[2017.07.21-00.14.04:126][964]LogBlueprint:Warning: [Compiler PersistentLevel.final_level] Warning [0127.64] Compile of PersistentLevel.final_level successful, but with 3 Warning(s) [in 0 ms] (/Game/Levels/final_level.final_level:PersistentLevel.final_level)
[2017.07.21-00.14.04:161][964]LogBlueprint:Warning: [Compiler PersistentLevel.final_level] Warning [0127.67] Compile of PersistentLevel.final_level successful, but with 4 Warning(s) [in 34 ms] (/Game/Levels/final_level.final_level:PersistentLevel.final_level)
[2017.07.21-00.14.04:161][964]LogBlueprint:Warning: [Compiler PersistentLevel.final_level] Warning [0127.67] Compile of PersistentLevel.final_level successful, but with 5 Warning(s) [in 0 ms] (/Game/Levels/final_level.final_level:PersistentLevel.final_level)
[2017.07.21-00.14.04:161][964]LogBlueprint:Warning: [Compiler PersistentLevel.final_level] Warning [0127.67] Compile of PersistentLevel.final_level successful, but with 6 Warning(s) [in 0 ms] (/Game/Levels/final_level.final_level:PersistentLevel.final_level)
[2017.07.21-00.14.04:946][964]LogSavePackage: Save=827.80ms
[2017.07.21-00.14.04:946][964]LogSavePackage: Moving '../../../../../../Users/s171257/Documents/GitHub/Elasticity/Saved/final_levelBDADC1D641E1FEE204385CBAB11E2C42.tmp' to '../../../../../../Users/s171257/Documents/GitHub/Elasticity/Content/Levels/final_level.umap'
[2017.07.21-00.14.04:963][964]LogSavePackage:Display: Finished SavePackage ../../../../../../Users/s171257/Documents/GitHub/Elasticity/Content/Levels/final_level.umap
[2017.07.21-00.14.04:969][964]LogSlate: Took 0.000235 seconds to synchronously load lazily loaded font '../../../Engine/Content/Slate/Fonts/Roboto-Regular.ttf' (155K)
[2017.07.21-00.14.04:971][964]LogFileHelpers: Saving map 'final_level' took 0.955
[2017.07.21-00.14.09:679][223]Cmd: OBJ SAVEPACKAGE PACKAGE="/Game/final_level" FILE="../../../../../../Users/s171257/Documents/GitHub/Elasticity/Content/final_level.umap" SILENT=true
[2017.07.21-00.14.09:697][223]LogSavePackage: Save=2.02ms
[2017.07.21-00.14.09:698][223]LogSavePackage: Moving '../../../../../../Users/s171257/Documents/GitHub/Elasticity/Saved/final_levelE5B5FD464EFE278F5E2696AEF265D4D6.tmp' to '../../../../../../Users/s171257/Documents/GitHub/Elasticity/Content/final_level.umap'
[2017.07.21-00.14.09:702][223]LogSavePackage:Display: Finished SavePackage ../../../../../../Users/s171257/Documents/GitHub/Elasticity/Content/final_level.umap
[2017.07.21-00.14.09:755][223]Cmd: OBJ SAVEPACKAGE PACKAGE="/Game/Levels/final_level" FILE="../../../../../../Users/s171257/Documents/GitHub/Elasticity/Content/Levels/final_level.umap" SILENT=true AUTOSAVING=false KEEPDIRTY=false
[2017.07.21-00.14.09:781][223]LogBlueprint:Warning: [Compiler PersistentLevel.final_level] Warning Node  Unknown  is not referencing a valid level actor
[2017.07.21-00.14.09:782][223]LogBlueprint:Warning: [Compiler PersistentLevel.final_level] Warning [0133.30] Compile of PersistentLevel.final_level successful, but with 1 Warning(s) [in 2 ms] (/Game/Levels/final_level.final_level:PersistentLevel.final_level)
[2017.07.21-00.14.09:782][223]LogSpawn:Warning: UWorld::DestroyActor: World has no context! World: final_level, Actor: /Game/Levels/final_level.final_level:PersistentLevel.final_level_C_1
[2017.07.21-00.14.09:782][223]LogBlueprint:Warning: [Compiler PersistentLevel.final_level] Warning [0133.30] Compile of PersistentLevel.final_level successful, but with 2 Warning(s) [in 0 ms] (/Game/Levels/final_level.final_level:PersistentLevel.final_level)
[2017.07.21-00.14.09:782][223]LogBlueprint:Warning: [Compiler PersistentLevel.final_level] Warning [0133.30] Compile of PersistentLevel.final_level successful, but with 3 Warning(s) [in 0 ms] (/Game/Levels/final_level.final_level:PersistentLevel.final_level)
[2017.07.21-00.14.09:817][223]LogBlueprint:Warning: [Compiler PersistentLevel.final_level] Warning [0133.33] Compile of PersistentLevel.final_level successful, but with 4 Warning(s) [in 34 ms] (/Game/Levels/final_level.final_level:PersistentLevel.final_level)
[2017.07.21-00.14.09:817][223]LogBlueprint:Warning: [Compiler PersistentLevel.final_level] Warning [0133.33] Compile of PersistentLevel.final_level successful, but with 5 Warning(s) [in 0 ms] (/Game/Levels/final_level.final_level:PersistentLevel.final_level)
[2017.07.21-00.14.09:817][223]LogBlueprint:Warning: [Compiler PersistentLevel.final_level] Warning [0133.33] Compile of PersistentLevel.final_level successful, but with 6 Warning(s) [in 0 ms] (/Game/Levels/final_level.final_level:PersistentLevel.final_level)
[2017.07.21-00.14.10:569][223]LogSavePackage: Save=792.31ms
[2017.07.21-00.14.10:569][223]LogSavePackage: Moving '../../../../../../Users/s171257/Documents/GitHub/Elasticity/Saved/final_level85EDF573446E2EE55C503D84115353C4.tmp' to '../../../../../../Users/s171257/Documents/GitHub/Elasticity/Content/Levels/final_level.umap'
[2017.07.21-00.14.10:574][223]LogSavePackage:Display: Finished SavePackage ../../../../../../Users/s171257/Documents/GitHub/Elasticity/Content/Levels/final_level.umap
[2017.07.21-00.14.10:578][223]LogFileHelpers: Saving map 'final_level' took 0.876
[2017.07.21-00.14.10:582][223]Cmd: MAP LOAD FILE="../../../../../../Users/s171257/Documents/GitHub/Elasticity/Content/Levels/final_level.umap" TEMPLATE=0 SHOWPROGRESS=1 FEATURELEVEL=3
[2017.07.21-00.14.10:582][223]LightingResults: New page: Lighting Build
[2017.07.21-00.14.10:584][223]LoadErrors: New page: Loading map: final_level.umap
[2017.07.21-00.14.10:584][223]MapCheck: New page: Map Check
[2017.07.21-00.14.10:584][223]LightingResults: New page: Lighting Build
[2017.07.21-00.14.10:599][223]LogEditorServer: Finished looking for orphan Actors (0.000 secs)
[2017.07.21-00.14.10:621][223]Cmd: MAP CHECKDEP NOCLEARLOG
[2017.07.21-00.14.10:674][223]MapCheck: Info Map check complete: 0 Error(s), 0 Warning(s), took 53.501ms to complete.
[2017.07.21-00.14.10:675][223]LogFileHelpers: Loading map 'final_level' took 0.094
[2017.07.21-00.14.16:388][671]LogEditorViewport: Clicking on Actor (LMB): CameraActor (CameraActor)
[2017.07.21-00.15.39:813][196]LogTemp: Repeting last play command: Simulate
[2017.07.21-00.15.39:825][196]LogBlueprintUserMessages: Early PlayInEditor Detection: Level '/Game/Levels/final_level.final_level:PersistentLevel' has LevelScriptBlueprint '/Game/Levels/final_level.final_level:PersistentLevel.final_level' with GeneratedClass '/Game/Levels/final_level.final_level_C' with ClassGeneratedBy '/Game/Levels/final_level.final_level:PersistentLevel.final_level'
[2017.07.21-00.15.39:825][196]LogPlayLevel: PlayLevel: No blueprints needed recompiling
[2017.07.21-00.15.39:825][196]PIE: New page: SIE session: final_level (Jul 21, 2017, 8:15:39 PM)
[2017.07.21-00.15.39:825][196]LogPlayLevel: Creating play world package: /Game/Levels/UEDPIE_0_final_level
[2017.07.21-00.15.39:843][196]LogPlayLevel: PIE: StaticDuplicateObject took: (0.018056s)
[2017.07.21-00.15.39:844][196]LogAIModule: Creating AISystem for world final_level
[2017.07.21-00.15.39:844][196]LogPlayLevel: PIE: World Init took: (0.000641s)
[2017.07.21-00.15.39:844][196]LogPlayLevel: PIE: Created PIE world by copying editor world from /Game/Levels/final_level.final_level to /Game/Levels/UEDPIE_0_final_level.final_level (0.018904s)
[2017.07.21-00.15.39:882][196]LogInit: XAudio2 using 'Speakers (High Definition Audio Device)' : 2 channels at 44.1 kHz using 16 bits per sample (channel mask 0x3)
[2017.07.21-00.15.39:888][196]LogInit: FAudioDevice initialized.
[2017.07.21-00.15.39:930][196]LogLoad: Game class is 'GameModeBase'
[2017.07.21-00.15.39:935][196]LogWorld: Bringing World /Game/Levels/UEDPIE_0_final_level.final_level up for play (max tick rate 0) at 2017.07.21-10.15.39
[2017.07.21-00.15.39:936][196]LogWorld: Bringing up level for play took: 0.005077
[2017.07.21-00.15.39:989][196]LogContentBrowser: Native class hierarchy updated for 'MovieSceneCapture' in 0.0006 seconds. Added 11 classes and 0 folders.
[2017.07.21-00.15.39:990][196]LogScript:Warning: Accessed None trying to read property None_ExecuteUbergraph_final_level_RefProperty
	final_level_C /Game/Levels/UEDPIE_0_final_level.final_level:PersistentLevel.final_level_C_0
	Function /Game/Levels/final_level.final_level_C:ExecuteUbergraph_final_level:0056
[2017.07.21-00.15.39:990][196]PIE:Error: Error Blueprint Runtime Error: Accessed None trying to read property None_ExecuteUbergraph_final_level_RefProperty from function: 'ExecuteUbergraph_final_level' from node: Play Looping in graph: EventGraph in object: final_level with description: Accessed None trying to read property None_ExecuteUbergraph_final_level_RefProperty
[2017.07.21-00.15.39:991][196]LogScript:Warning: Accessed None
	final_level_C /Game/Levels/UEDPIE_0_final_level.final_level:PersistentLevel.final_level_C_0
	Function /Game/Levels/final_level.final_level_C:ExecuteUbergraph_final_level:006B
[2017.07.21-00.15.39:991][196]PIE:Error: Error Blueprint Runtime Error: Accessed None from function: 'ExecuteUbergraph_final_level' from node: Play Looping in graph: EventGraph in object: final_level with description: Accessed None
[2017.07.21-00.15.39:991][196]PIE: Info Play in editor start time for /Game/Levels/UEDPIE_0_final_level -0.335
[2017.07.21-00.15.40:091][196]LogBlueprintUserMessages: Late PlayInEditor Detection: Level '/Game/Levels/final_level.final_level:PersistentLevel' has LevelScriptBlueprint '/Game/Levels/final_level.final_level:PersistentLevel.final_level' with GeneratedClass '/Game/Levels/final_level.final_level_C' with ClassGeneratedBy '/Game/Levels/final_level.final_level:PersistentLevel.final_level'
[2017.07.21-00.24.22:711][904]LogContentBrowser: Native class hierarchy updated for 'SkeletonEditor' in 0.0005 seconds. Added 1 classes and 2 folders.
[2017.07.21-00.24.22:804][904]LogActorComponent: RegisterComponentWithWorld: (/Engine/Transient.World_1:PersistentLevel.Actor_0.DebugSkelMeshComponent_0) Already registered. Aborting.
[2017.07.21-00.24.23:336][904]LogContentBrowser: Native class hierarchy updated for 'BlueprintGraph' in 0.0009 seconds. Added 112 classes and 0 folders.
[2017.07.21-00.24.23:777][904]LogSkeletalMesh: USkeletalMeshComponent::InitArticulated : Bodies already created (/Engine/Transient.World_1:PersistentLevel.Actor_0.DebugSkelMeshComponent_0) - call TermArticulated first.
[2017.07.21-00.24.23:877][904]LogMaterial:Warning: Material /Game/Art/Assets/Characters/Materials/mat_black.mat_black needed to have new flag set bUsedWithMorphTargets !
[2017.07.21-00.24.23:879][904]LogMaterial: Missing cached shader map for material mat_black, compiling. 
[2017.07.21-00.24.23:880][904]LogTemp:Display: Added material ShaderMap 0x000000007567D280 with Material 0x0000000047865D80 to ShaderMapsBeingCompiled
[2017.07.21-00.24.23:954][904]LogTemp:Display: Kicking off shader compilation for mat_black, GameThreadShaderMap 0x000000007567D280
[2017.07.21-00.24.23:957][904]LogMaterial: 0.00 seconds spent updating 1 materials, 1 interfaces, 0 instances, 0 with static permutations.
[2017.07.21-00.24.23:969][904]LogSlate: Took 0.000176 seconds to synchronously load lazily loaded font '../../../Engine/Content/Editor/Slate/Fonts/Roboto-BoldCondensed.ttf' (158K)
[2017.07.21-00.24.28:727][ 40]LogTemp:Display: Finished compile of shader map 0x000000007567D280
[2017.07.21-00.24.28:727][ 40]LogTemp:Display: Shader map mat_black complete, GameThreadShaderMap 0x000000007567D280, marking material mat_black as finished
[2017.07.21-00.24.28:727][ 40]LogTemp:Display: Marking material as finished 0x0000000047865D80
[2017.07.21-00.48.10:547][975]LogBlueprintUserMessages: Early EndPlayMap Detection: Level '/Game/Levels/final_level.final_level:PersistentLevel' has LevelScriptBlueprint '/Game/Levels/final_level.final_level:PersistentLevel.final_level' with GeneratedClass '/Game/Levels/final_level.final_level_C' with ClassGeneratedBy '/Game/Levels/final_level.final_level:PersistentLevel.final_level'
[2017.07.21-00.48.10:677][975]LogBlueprintUserMessages: Late EndPlayMap Detection: Level '/Game/Levels/final_level.final_level:PersistentLevel' has LevelScriptBlueprint '/Game/Levels/final_level.final_level:PersistentLevel.final_level' with GeneratedClass '/Game/Levels/final_level.final_level_C' with ClassGeneratedBy '/Game/Levels/final_level.final_level:PersistentLevel.final_level'
[2017.07.21-00.50.30:991][958]Cmd: OBJ SAVEPACKAGE PACKAGE="/Game/Levels/final_level" FILE="../../../../../../Users/s171257/Documents/GitHub/Elasticity/Content/Levels/final_level.umap" SILENT=true AUTOSAVING=false KEEPDIRTY=false
[2017.07.21-00.50.31:026][958]LogBlueprint:Warning: [Compiler PersistentLevel.final_level] Warning Node  Unknown  is not referencing a valid level actor
[2017.07.21-00.50.31:027][958]LogBlueprint:Warning: [Compiler PersistentLevel.final_level] Warning [2314.58] Compile of PersistentLevel.final_level successful, but with 1 Warning(s) [in 3 ms] (/Game/Levels/final_level.final_level:PersistentLevel.final_level)
[2017.07.21-00.50.31:027][958]LogBlueprint:Warning: [Compiler PersistentLevel.final_level] Warning [2314.58] Compile of PersistentLevel.final_level successful, but with 2 Warning(s) [in 0 ms] (/Game/Levels/final_level.final_level:PersistentLevel.final_level)
[2017.07.21-00.50.31:027][958]LogBlueprint:Warning: [Compiler PersistentLevel.final_level] Warning [2314.58] Compile of PersistentLevel.final_level successful, but with 3 Warning(s) [in 0 ms] (/Game/Levels/final_level.final_level:PersistentLevel.final_level)
[2017.07.21-00.50.31:086][958]LogBlueprint:Warning: [Compiler PersistentLevel.final_level] Warning [2314.64] Compile of PersistentLevel.final_level successful, but with 4 Warning(s) [in 58 ms] (/Game/Levels/final_level.final_level:PersistentLevel.final_level)
[2017.07.21-00.50.31:087][958]LogBlueprint:Warning: [Compiler PersistentLevel.final_level] Warning [2314.64] Compile of PersistentLevel.final_level successful, but with 5 Warning(s) [in 0 ms] (/Game/Levels/final_level.final_level:PersistentLevel.final_level)
[2017.07.21-00.50.31:087][958]LogBlueprint:Warning: [Compiler PersistentLevel.final_level] Warning [2314.64] Compile of PersistentLevel.final_level successful, but with 6 Warning(s) [in 0 ms] (/Game/Levels/final_level.final_level:PersistentLevel.final_level)
[2017.07.21-00.50.31:825][958]LogSavePackage: Save=804.19ms
[2017.07.21-00.50.31:825][958]LogSavePackage: Moving '../../../../../../Users/s171257/Documents/GitHub/Elasticity/Saved/final_levelB000B9434463915EC660DD84E11C45BC.tmp' to '../../../../../../Users/s171257/Documents/GitHub/Elasticity/Content/Levels/final_level.umap'
[2017.07.21-00.50.31:831][958]LogSavePackage:Display: Finished SavePackage ../../../../../../Users/s171257/Documents/GitHub/Elasticity/Content/Levels/final_level.umap
[2017.07.21-00.50.31:852][958]LogFileHelpers: Saving map 'final_level' took 0.919
[2017.07.21-00.50.31:907][958]LogSavePackage: Save=11.46ms
[2017.07.21-00.50.31:907][958]LogSavePackage: Moving '../../../../../../Users/s171257/Documents/GitHub/Elasticity/Saved/mat_black17385A36493D831C98EFF9875C90BED5.tmp' to '../../../../../../Users/s171257/Documents/GitHub/Elasticity/Content/Art/Assets/Characters/Materials/mat_black.uasset'
[2017.07.21-00.50.31:912][958]LogSavePackage:Display: Finished SavePackage ../../../../../../Users/s171257/Documents/GitHub/Elasticity/Content/Art/Assets/Characters/Materials/mat_black.uasset
[2017.07.21-01.02.31:316][604]LogActorComponent: RegisterComponentWithWorld: (/Engine/Transient.World_8:PersistentLevel.Actor_1.DebugSkelMeshComponent_2) Already registered. Aborting.
[2017.07.21-01.02.31:446][604]LogSkeletalMesh: USkeletalMeshComponent::InitArticulated : Bodies already created (/Engine/Transient.World_8:PersistentLevel.Actor_1.DebugSkelMeshComponent_2) - call TermArticulated first.
[2017.07.21-01.03.03:145][909]LogSlate: Took 0.000237 seconds to synchronously load lazily loaded font '../../../Engine/Content/Editor/Slate/Fonts/Roboto-Italic.ttf' (157K)
[2017.07.21-02.07.27:710][132]LogTemp: Repeting last play command: Simulate
[2017.07.21-02.07.27:722][132]LogBlueprintUserMessages: Early PlayInEditor Detection: Level '/Game/Levels/final_level.final_level:PersistentLevel' has LevelScriptBlueprint '/Game/Levels/final_level.final_level:PersistentLevel.final_level' with GeneratedClass '/Game/Levels/final_level.final_level_C' with ClassGeneratedBy '/Game/Levels/final_level.final_level:PersistentLevel.final_level'
[2017.07.21-02.07.27:722][132]LogPlayLevel: PlayLevel: No blueprints needed recompiling
[2017.07.21-02.07.27:722][132]PIE: New page: SIE session: final_level (Jul 21, 2017, 10:07:27 PM)
[2017.07.21-02.07.27:722][132]LogPlayLevel: Creating play world package: /Game/Levels/UEDPIE_0_final_level
[2017.07.21-02.07.27:738][132]LogPlayLevel: PIE: StaticDuplicateObject took: (0.016275s)
[2017.07.21-02.07.27:739][132]LogAIModule: Creating AISystem for world final_level
[2017.07.21-02.07.27:739][132]LogPlayLevel: PIE: World Init took: (0.000839s)
[2017.07.21-02.07.27:739][132]LogPlayLevel: PIE: Created PIE world by copying editor world from /Game/Levels/final_level.final_level to /Game/Levels/UEDPIE_0_final_level.final_level (0.017421s)
[2017.07.21-02.07.27:784][132]LogInit: XAudio2 using 'Speakers (High Definition Audio Device)' : 2 channels at 44.1 kHz using 16 bits per sample (channel mask 0x3)
[2017.07.21-02.07.27:790][132]LogInit: FAudioDevice initialized.
[2017.07.21-02.07.27:818][132]LogLoad: Game class is 'GameModeBase'
[2017.07.21-02.07.27:823][132]LogWorld: Bringing World /Game/Levels/UEDPIE_0_final_level.final_level up for play (max tick rate 0) at 2017.07.21-12.07.27
[2017.07.21-02.07.27:823][132]LogWorld: Bringing up level for play took: 0.004654
[2017.07.21-02.07.27:825][132]LogScript:Warning: Accessed None trying to read property None_ExecuteUbergraph_final_level_RefProperty
	final_level_C /Game/Levels/UEDPIE_0_final_level.final_level:PersistentLevel.final_level_C_1
	Function /Game/Levels/final_level.final_level_C:ExecuteUbergraph_final_level:0056
[2017.07.21-02.07.27:825][132]PIE:Error: Error Blueprint Runtime Error: Accessed None trying to read property None_ExecuteUbergraph_final_level_RefProperty from function: 'ExecuteUbergraph_final_level' from node: Play Looping in graph: EventGraph in object: final_level with description: Accessed None trying to read property None_ExecuteUbergraph_final_level_RefProperty
[2017.07.21-02.07.27:825][132]LogScript:Warning: Accessed None
	final_level_C /Game/Levels/UEDPIE_0_final_level.final_level:PersistentLevel.final_level_C_1
	Function /Game/Levels/final_level.final_level_C:ExecuteUbergraph_final_level:006B
[2017.07.21-02.07.27:825][132]PIE:Error: Error Blueprint Runtime Error: Accessed None from function: 'ExecuteUbergraph_final_level' from node: Play Looping in graph: EventGraph in object: final_level with description: Accessed None
[2017.07.21-02.07.27:825][132]PIE: Info Play in editor start time for /Game/Levels/UEDPIE_0_final_level -0.749
[2017.07.21-02.07.27:921][132]LogBlueprintUserMessages: Late PlayInEditor Detection: Level '/Game/Levels/final_level.final_level:PersistentLevel' has LevelScriptBlueprint '/Game/Levels/final_level.final_level:PersistentLevel.final_level' with GeneratedClass '/Game/Levels/final_level.final_level_C' with ClassGeneratedBy '/Game/Levels/final_level.final_level:PersistentLevel.final_level'
[2017.07.21-02.07.36:004][448]LogBlueprintUserMessages: Early EndPlayMap Detection: Level '/Game/Levels/final_level.final_level:PersistentLevel' has LevelScriptBlueprint '/Game/Levels/final_level.final_level:PersistentLevel.final_level' with GeneratedClass '/Game/Levels/final_level.final_level_C' with ClassGeneratedBy '/Game/Levels/final_level.final_level:PersistentLevel.final_level'
[2017.07.21-02.07.36:127][448]LogBlueprintUserMessages: Late EndPlayMap Detection: Level '/Game/Levels/final_level.final_level:PersistentLevel' has LevelScriptBlueprint '/Game/Levels/final_level.final_level:PersistentLevel.final_level' with GeneratedClass '/Game/Levels/final_level.final_level_C' with ClassGeneratedBy '/Game/Levels/final_level.final_level:PersistentLevel.final_level'
[2017.07.21-02.49.26:215][852]LogAudio:Warning: Current Audio Device with ID {0.0.0.00000000}.{2ced52da-a596-4d90-9aaf-1e9535805713} was removed. Shutting down audio device.
