Log file open, 07/20/17 14:22:52
LogInit:Display: Running engine for game: Elasticity
LogPlatformFile: Not using cached read wrapper
LogInit:Display: RandInit(-1075722552) SRandInit(-1075722552).
LogTaskGraph: Started task graph with 5 named threads and 8 total threads with 1 sets of task threads.
LogStats: Stats thread started at 0.071036
LogInit: Using libcurl 7.47.1
LogInit:  - built for x86_64-pc-win32
LogInit:  - supports SSL with OpenSSL/1.0.2g
LogInit:  - supports HTTP deflate (compression) using libz 1.2.8
LogInit:  - other features:
LogInit:      CURL_VERSION_SSL
LogInit:      CURL_VERSION_LIBZ
LogInit:      CURL_VERSION_IPV6
LogInit:      CURL_VERSION_ASYNCHDNS
LogInit:      CURL_VERSION_LARGEFILE
LogInit:      CURL_VERSION_IDN
LogInit:  CurlRequestOptions (configurable via config and command line):
LogInit:  - bVerifyPeer = false  - Libcurl will NOT verify peer certificate
LogInit:  - bUseHttpProxy = false  - Libcurl will NOT use HTTP proxy
LogInit:  - bDontReuseConnections = false  - Libcurl will reuse connections
LogInit:  - CertBundlePath = nullptr  - Libcurl will use whatever was configured at build time.
LogInit: Build: ++UE4+Release-4.15-CL-3348071
LogInit: Engine Version: 4.15.1-3348071+++UE4+Release-4.15
LogInit: Compatible Engine Version: 4.15.0-3299760+++UE4+Release-4.15
LogInit: Net CL: 3299760
LogDevObjectVersion: Number of dev versions registered: 14
LogDevObjectVersion:   Dev-Blueprints (B0D832E4-1F89-4F0D-ACCF-7EB736FD4AA2): 8
LogDevObjectVersion:   Dev-Build (E1C64328-A22C-4D53-A36C-8E866417BD8C): 0
LogDevObjectVersion:   Dev-Core (375EC13C-06E4-48FB-B500-84F0262A717E): 2
LogDevObjectVersion:   Dev-Editor (E4B068ED-F494-42E9-A231-DA0B2E46BB41): 14
LogDevObjectVersion:   Dev-Framework (CFFC743F-43B0-4480-9391-14DF171D2073): 22
LogDevObjectVersion:   Dev-Mobile (B02B49B5-BB20-44E9-A304-32B752E40360): 0
LogDevObjectVersion:   Dev-Networking (A4E4105C-59A1-49B5-A7C5-40C4547EDFEE): 0
LogDevObjectVersion:   Dev-Online (39C831C9-5AE6-47DC-9A44-9C173E1C8E7C): 0
LogDevObjectVersion:   Dev-Physics (78F01B33-EBEA-4F98-B9B4-84EACCB95AA2): 0
LogDevObjectVersion:   Dev-Platform (6631380F-2D4D-43E0-8009-CF276956A95A): 0
LogDevObjectVersion:   Dev-Rendering (12F88B9F-8875-4AFC-A67C-D90C383ABD29): 12
LogDevObjectVersion:   Dev-Sequencer (7B5AE74C-D270-4C10-A958-57980B212A5A): 3
LogDevObjectVersion:   Dev-VR (D7296918-1DD6-4BDD-9DE2-64A83CC13884): 0
LogDevObjectVersion:   Dev-LoadTimes (C2A15278-BFE7-4AFE-6C17-90FF531DF755): 1
LogInit: Compiled (64-bit): Mar 15 2017 16:52:47
LogInit: Compiled with Visual C++: 19.00.23026.00
LogInit: Build Configuration: Development
LogInit: Branch Name: ++UE4+Release-4.15
LogInit: Command line: 
LogInit: Base directory: C:/Program Files/Epic Games/UE_4.15/Engine/Binaries/Win64/
LogInit: Installed Engine Build: 1
LogInit: Presizing for max 8388607 objects, including 0 objects not considered by GC, pre-allocating 0 bytes for permanent pool.
LogInit: Object subsystem initialized
[2017.07.20-04.22.53:669][  0]LogInit: Selected Device Profile: [Windows]
[2017.07.20-04.22.53:669][  0]LogInit: Applying CVar settings loaded from the selected device profile: [Windows]
[2017.07.20-04.22.53:681][  0]LogInit: Computer: WWP-D2A9B1
[2017.07.20-04.22.53:681][  0]LogInit: User: s171257
[2017.07.20-04.22.53:681][  0]LogInit: CPU Page size=65536, Cores=4
[2017.07.20-04.22.53:681][  0]LogInit: High frequency timer resolution =3.312822 MHz
[2017.07.20-04.22.53:681][  0]LogMemory: Memory total: Physical=32.0GB (32GB approx)
[2017.07.20-04.22.53:681][  0]LogMemory: Platform Memory Stats for Windows
[2017.07.20-04.22.53:681][  0]LogMemory: Process Physical Memory: 266.01 MB used, 266.01 MB peak
[2017.07.20-04.22.53:681][  0]LogMemory: Process Virtual Memory: 266.35 MB used, 266.35 MB peak
[2017.07.20-04.22.53:681][  0]LogMemory: Physical Memory: 6776.77 MB used,  25952.61 MB free, 32729.38 MB total
[2017.07.20-04.22.53:681][  0]LogMemory: Virtual Memory: 633.79 MB used,  25952.61 MB free, 8388608.00 MB total
[2017.07.20-04.22.53:791][  0]LogTextLocalizationManager: No specific translations for ('en-US') exist, so ('en') translations will be used.
[2017.07.20-04.22.54:412][  0]LogD3D11RHI: D3D11 adapters:
[2017.07.20-04.22.54:433][  0]LogD3D11RHI:    0. 'NVIDIA GeForce GTX 660 Ti' (Feature Level 11_0)
[2017.07.20-04.22.54:433][  0]LogD3D11RHI:       1988/0/16108 MB DedicatedVideo/DedicatedSystem/SharedSystem, Outputs:2, VendorId:0x10de
[2017.07.20-04.22.54:433][  0]LogD3D11RHI: Chosen D3D11 Adapter: 0
[2017.07.20-04.22.54:437][  0]LogD3D11RHI: Creating new Direct3DDevice
[2017.07.20-04.22.54:437][  0]LogD3D11RHI:     GPU DeviceId: 0x1183 (for the marketing name, search the web for "GPU Device Id")
[2017.07.20-04.22.54:437][  0]LogWindows: EnumDisplayDevices:
[2017.07.20-04.22.54:438][  0]LogWindows:    0. 'NVIDIA GeForce GTX 660 Ti' (P:1 D:1)
[2017.07.20-04.22.54:438][  0]LogWindows:    1. 'NVIDIA GeForce GTX 660 Ti' (P:0 D:1)
[2017.07.20-04.22.54:438][  0]LogWindows:    2. 'NVIDIA GeForce GTX 660 Ti' (P:0 D:0)
[2017.07.20-04.22.54:438][  0]LogWindows:    3. 'NVIDIA GeForce GTX 660 Ti' (P:0 D:0)
[2017.07.20-04.22.54:438][  0]LogWindows:    4. 'RDPDD Chained DD' (P:0 D:0)
[2017.07.20-04.22.54:438][  0]LogWindows:    5. 'RDP Encoder Mirror Driver' (P:0 D:0)
[2017.07.20-04.22.54:439][  0]LogWindows:    6. 'RDP Reflector Display Driver' (P:0 D:0)
[2017.07.20-04.22.54:439][  0]LogWindows: DebugString: GetVideoDriverDetailsInvalid PrimaryIsNotTheChoosenAdapter GetVideoDriverDetailsInvalid PrimaryIsNotTheChoosenAdapter GetVideoDriverDetailsInvalid PrimaryIsNotTheChoosenAdapter FoundDriverCount:4 
[2017.07.20-04.22.54:439][  0]LogD3D11RHI:     Adapter Name: NVIDIA GeForce GTX 660 Ti
[2017.07.20-04.22.54:439][  0]LogD3D11RHI:   Driver Version: 376.33 (internal:21.21.13.7633, unified:376.33)
[2017.07.20-04.22.54:439][  0]LogD3D11RHI:      Driver Date: 12-11-2016
[2017.07.20-04.22.54:439][  0]LogRHI: Texture pool is 1361 MB (70% of 1945 MB)
[2017.07.20-04.22.54:447][  0]LogD3D11RHI:Warning: Timestamp queries are currently disabled on this hardware due to instability. Realtime GPU stats will not be available. You can override this behaviour by setting r.NVIDIATimestampWorkaround to 0
[2017.07.20-04.22.54:447][  0]LogD3D11RHI: Async texture creation enabled
[2017.07.20-04.22.54:462][  0]LogD3D11RHI: GPU Timing Frequency: 1000.000000 (Debug: 2 2)
[2017.07.20-04.22.54:558][  0]LogShaderCompilers: Guid format shader working directory is -11 characters bigger than the processId version (../../../../../../Users/s171257/Documents/GitHub/Elasticity/Intermediate/Shaders/WorkingDirectory/9816/).
[2017.07.20-04.22.54:558][  0]LogShaderCompilers: Cleaned the shader compiler working directory 'C:/Users/s171257/AppData/Local/Temp/UnrealShaderWorkingDir/9DE2D7944C695AD886E2738C9FA5645A/'.
[2017.07.20-04.22.54:558][  0]LogShaderCompilers:Display: Using Local Shader Compiler.
[2017.07.20-04.22.55:627][  0]LogTemp:Display: Loaded TP AllDesktopTargetPlatform
[2017.07.20-04.22.55:696][  0]LogTemp:Display: Loaded TP MacClientTargetPlatform
[2017.07.20-04.22.55:763][  0]LogTemp:Display: Loaded TP MacNoEditorTargetPlatform
[2017.07.20-04.22.55:832][  0]LogTemp:Display: Loaded TP MacServerTargetPlatform
[2017.07.20-04.22.55:902][  0]LogTemp:Display: Loaded TP MacTargetPlatform
[2017.07.20-04.22.55:971][  0]LogTemp:Display: Loaded TP WindowsClientTargetPlatform
[2017.07.20-04.22.56:041][  0]LogTemp:Display: Loaded TP WindowsNoEditorTargetPlatform
[2017.07.20-04.22.56:110][  0]LogTemp:Display: Loaded TP WindowsServerTargetPlatform
[2017.07.20-04.22.56:166][  0]LogTemp:Display: Loaded TP WindowsTargetPlatform
[2017.07.20-04.22.56:233][  0]LogTemp:Display: Loaded TP AndroidTargetPlatform
[2017.07.20-04.22.56:300][  0]LogTemp:Display: Loaded TP Android_ASTCTargetPlatform
[2017.07.20-04.22.56:367][  0]LogTemp:Display: Loaded TP Android_ATCTargetPlatform
[2017.07.20-04.22.56:433][  0]LogTemp:Display: Loaded TP Android_DXTTargetPlatform
[2017.07.20-04.22.56:501][  0]LogTemp:Display: Loaded TP Android_ETC1TargetPlatform
[2017.07.20-04.22.56:568][  0]LogTemp:Display: Loaded TP Android_ETC2TargetPlatform
[2017.07.20-04.22.56:702][  0]LogTemp:Display: Loaded TP Android_MultiTargetPlatform
[2017.07.20-04.22.56:702][  0]LogTemp:Display: Loaded TP Android_PVRTCTargetPlatform
[2017.07.20-04.22.56:752][  0]LogTemp:Display: Loaded TP HTML5TargetPlatform
[2017.07.20-04.22.56:865][  0]LogTemp:Display: Loaded TP IOSTargetPlatform
[2017.07.20-04.22.56:907][  0]LogTemp:Display: Loaded TP TVOSTargetPlatform
[2017.07.20-04.22.56:974][  0]LogTemp:Display: Loaded TP LinuxClientTargetPlatform
[2017.07.20-04.22.57:041][  0]LogTemp:Display: Loaded TP LinuxNoEditorTargetPlatform
[2017.07.20-04.22.57:109][  0]LogTemp:Display: Loaded TP LinuxServerTargetPlatform
[2017.07.20-04.22.57:176][  0]LogTemp:Display: Loaded TP LinuxTargetPlatform
[2017.07.20-04.22.57:176][  0]LogTargetPlatformManager:Display: Building Assets For Windows
[2017.07.20-04.22.57:705][  0]LogDerivedDataCache:Display: Max Cache Size: 512 MB
[2017.07.20-04.22.57:748][  0]LogDerivedDataCache: Loaded boot cache 0.04s 50MB C:/Users/s171257/AppData/Local/UnrealEngine/4.15/DerivedDataCache/Boot.ddc.
[2017.07.20-04.22.57:748][  0]LogDerivedDataCache:Display: Loaded Boot cache: C:/Users/s171257/AppData/Local/UnrealEngine/4.15/DerivedDataCache/Boot.ddc
[2017.07.20-04.22.57:749][  0]LogDerivedDataCache: FDerivedDataBackendGraph:  Pak pak cache file ../../../../../../Users/s171257/Documents/GitHub/Elasticity/DerivedDataCache/DDC.ddp not found, will not use a pak cache.
[2017.07.20-04.22.57:749][  0]LogDerivedDataCache: Unable to find inner node Pak for hierarchical cache Hierarchy.
[2017.07.20-04.22.57:749][  0]LogDerivedDataCache: FDerivedDataBackendGraph:  CompressedPak pak cache file ../../../../../../Users/s171257/Documents/GitHub/Elasticity/DerivedDataCache/Compressed.ddp not found, will not use a pak cache.
[2017.07.20-04.22.57:749][  0]LogDerivedDataCache: Unable to find inner node CompressedPak for hierarchical cache Hierarchy.
[2017.07.20-04.22.57:766][  0]LogDerivedDataCache:Display: Pak cache opened for reading ../../../Engine/DerivedDataCache/Compressed.ddp.
[2017.07.20-04.22.57:778][  0]LogDerivedDataCache: Using Local data cache path C:/Users/s171257/AppData/Local/UnrealEngine/Common/DerivedDataCache: Writable
[2017.07.20-04.22.57:787][  0]LogSlate: Using Freetype 2.6.0
[2017.07.20-04.22.57:788][  0]LogSlate: SlateFontCache - WITH_FREETYPE: 1, WITH_HARFBUZZ: 1
[2017.07.20-04.22.57:788][  0]LogSlate: SlateFontCache - WITH_FREETYPE: 1, WITH_HARFBUZZ: 1
[2017.07.20-04.22.58:094][  0]LogInit: Selected Device Profile: [Windows]
[2017.07.20-04.22.58:097][  0]LogContentStreaming: Texture pool size is 0.00 MB
[2017.07.20-04.22.58:333][  0]LogMeshUtilities: Using QuadricMeshReduction for automatic static mesh reduction
[2017.07.20-04.22.58:386][  0]LogSimplygon: Simplygon DLL not present - disabling.
[2017.07.20-04.22.58:441][  0]LogMeshUtilities: Using SimplygonSwarm for distributed automatic mesh merging
[2017.07.20-04.22.58:441][  0]LogMeshUtilities: No automatic skeletal mesh reduction module available
[2017.07.20-04.22.58:441][  0]LogMeshUtilities: No automatic mesh merging module available
[2017.07.20-04.22.58:979][  0]LogNetVersion: GetLocalNetworkVersion: CL: 3299760, ProjectName: elasticity, ProjectVersion: , EngineNetworkVersion: 2, GameNetworkVersion: 0, NetworkChecksum: 785609284
[2017.07.20-04.22.59:029][  0]LogAssetRegistry: FAssetRegistry took 0.0201 seconds to start up
[2017.07.20-04.22.59:092][  0]LogPackageLocalizationCache: Processed 3 localized package path(s) for 2 prioritized culture(s) in 0.033916 seconds
[2017.07.20-04.22.59:097][  0]LogUObjectArray: 32493 objects as part of root set at end of initial load.
[2017.07.20-04.22.59:097][  0]LogUObjectAllocator: 7077032 out of 0 bytes used by permanent object pool.
[2017.07.20-04.22.59:097][  0]LogUObjectArray: CloseDisregardForGC: 0/0 objects in disregard for GC pool
[2017.07.20-04.22.59:180][  0]LogInit: WinSock: version 1.1 (2.2), MaxSocks=32767, MaxUdp=65467
[2017.07.20-04.23.01:069][  0]LogTcpMessaging: Initializing TcpMessaging bridge
[2017.07.20-04.23.01:111][  0]LogUdpMessaging: Initializing bridge on interface 0.0.0.0:0 to multicast group 230.0.0.1:6666.
[2017.07.20-04.23.01:651][  0]LogMaterial: Uniform references updated for custom material expression Custom.
[2017.07.20-04.23.02:105][  0]SourceControl: Info Source control is disabled
[2017.07.20-04.23.02:105][  0]SourceControl: Info Source control is disabled
[2017.07.20-04.23.02:161][  0]SourceControl: Info Source control is disabled
[2017.07.20-04.23.02:216][  0]SourceControl: Info Source control is disabled
[2017.07.20-04.23.03:688][  0]LogEngine: Initializing Engine...
[2017.07.20-04.23.03:689][  0]LogHMD: Failed to initialize OpenVR with code 110
[2017.07.20-04.23.03:961][  0]LogAIModule: Creating AISystem for world Untitled
[2017.07.20-04.23.03:972][  0]LogInit: XAudio2 using 'Speakers (High Definition Audio Device)' : 2 channels at 44.1 kHz using 16 bits per sample (channel mask 0x3)
[2017.07.20-04.23.03:979][  0]LogInit: FAudioDevice initialized.
[2017.07.20-04.23.04:006][  0]LogDerivedDataCache: Saved boot cache 0.03s 50MB C:/Users/s171257/AppData/Local/UnrealEngine/4.15/DerivedDataCache/Boot.ddc.
[2017.07.20-04.23.04:011][  0]LogInit: Texture streaming: Enabled
[2017.07.20-04.23.04:127][  0]LogEngineSessionManager: EngineSessionManager initialized
[2017.07.20-04.23.04:235][  0]LogInit: Transaction tracking system initialized
[2017.07.20-04.23.04:664][  0]BlueprintLog: New page: Editor Load
[2017.07.20-04.23.05:752][  0]LocalizationService: Info Localization service is disabled
[2017.07.20-04.23.06:588][  0]LogConsoleResponse:Display: 
[2017.07.20-04.23.06:719][  0]LogCook:Display: Max memory allowance for cook 16384mb min free memory 0mb
[2017.07.20-04.23.06:719][  0]LogCook:Display: Mobile HDR setting 1
[2017.07.20-04.23.07:926][  0]LogFileCache: Scanning file cache for directory 'C:/Users/s171257/Documents/GitHub/Elasticity/Content/' took 0.01s
[2017.07.20-04.23.07:980][  0]SourceControl: Info Source control is disabled
[2017.07.20-04.23.07:980][  0]Cmd: MAP LOAD FILE="../../../../../../Users/s171257/Documents/GitHub/Elasticity/Content/StarterContent/Maps/Minimal_Default.umap" TEMPLATE=0 SHOWPROGRESS=1 FEATURELEVEL=3
[2017.07.20-04.23.07:980][  0]LightingResults: New page: Lighting Build
[2017.07.20-04.23.08:031][  0]MapCheck: New page: Map Check
[2017.07.20-04.23.08:031][  0]LightingResults: New page: Lighting Build
[2017.07.20-04.23.08:321][  0]LogTexture:Display: Building textures: HQ_Lightmap0_1 (AutoDXT, 64X64) - 45 MB total VRAM
[2017.07.20-04.23.08:325][  0]LogTexture:Display: Building textures: LQ_Lightmap_0_1 (DXT1, 64X64) - 45 MB total VRAM
[2017.07.20-04.23.08:340][  0]LogTexture:Display: Building textures: Play_Button (AutoDXT, 1024X500) - 45 MB total VRAM
[2017.07.20-04.23.08:649][  0]LogTexture:Display: Building textures: Logo (AutoDXT, 1024X500) - 46 MB total VRAM
[2017.07.20-04.23.09:149][  0]LogTexture:Display: Building textures: Credits (AutoDXT, 1024X500) - 46 MB total VRAM
[2017.07.20-04.23.09:276][  0]LogTexture:Display: Building textures: Instruction_card_On_Pressed_Anim (AutoDXT, 1920X1080) - 47 MB total VRAM
[2017.07.20-04.23.09:943][  0]LogTexture:Display: Building textures: Instruction_card_Anim (AutoDXT, 1920X1080) - 48 MB total VRAM
[2017.07.20-04.23.10:530][  0]LogTexture:Display: Building textures: Popup_U (AutoDXT, 500X500) - 49 MB total VRAM
[2017.07.20-04.23.10:625][  0]LogTexture:Display: Building textures: Popup_W (AutoDXT, 500X500) - 49 MB total VRAM
[2017.07.20-04.23.10:765][  0]LogAIModule: Creating AISystem for world Minimal_Default
[2017.07.20-04.23.10:782][  0]LogEditorServer: Finished looking for orphan Actors (0.000 secs)
[2017.07.20-04.23.10:783][  0]Cmd: MAP CHECKDEP NOCLEARLOG
[2017.07.20-04.23.10:828][  0]MapCheck: Info Map check complete: 0 Error(s), 0 Warning(s), took 44.962ms to complete.
[2017.07.20-04.23.10:828][  0]LogFileHelpers: Loading map 'Minimal_Default' took 2.848
[2017.07.20-04.23.10:991][  0]LogCollectionManager: Loaded 0 collections in 0.001306 seconds
[2017.07.20-04.23.11:082][  0]LogFileCache: Scanning file cache for directory 'C:/Users/s171257/Documents/GitHub/Elasticity/Saved/Collections/' took 0.01s
[2017.07.20-04.23.11:082][  0]LogFileCache: Scanning file cache for directory 'C:/Users/s171257/Documents/GitHub/Elasticity/Content/Developers/s171257/Collections/' took 0.01s
[2017.07.20-04.23.11:082][  0]LogFileCache: Scanning file cache for directory 'C:/Users/s171257/Documents/GitHub/Elasticity/Content/Collections/' took 0.01s
[2017.07.20-04.23.11:082][  0]LogCollectionManager: Rebuilt the GUID cache for 0 collections in 0.000002 seconds
[2017.07.20-04.23.11:091][  0]LogContentBrowser: Native class hierarchy populated in 0.0086 seconds. Added 2245 classes and 453 folders.
[2017.07.20-04.23.11:094][  0]LogStats: UGameplayTagsManager::ConstructGameplayTagTree: Construct from data asset -  0.000 s
[2017.07.20-04.23.11:094][  0]LogStats: UGameplayTagsManager::ConstructGameplayTagTree: GameplayTagTreeChangedEvent.Broadcast -  0.000 s
[2017.07.20-04.23.11:171][  0]LogContentBrowser: Native class hierarchy updated for 'WidgetCarousel' in 0.0005 seconds. Added 0 classes and 0 folders.
[2017.07.20-04.23.11:209][  0]LogContentBrowser: Native class hierarchy updated for 'AddContentDialog' in 0.0004 seconds. Added 0 classes and 0 folders.
[2017.07.20-04.23.11:262][  0]LogContentBrowser: Native class hierarchy updated for 'SceneOutliner' in 0.0005 seconds. Added 1 classes and 2 folders.
[2017.07.20-04.23.11:315][  0]LogCrashTracker: Crashtracker disabled due to settings.
[2017.07.20-04.23.11:320][  0]LogUObjectGlobals:Warning: Failed to find object 'Class None.'
[2017.07.20-04.23.11:393][  0]LogContentBrowser: Native class hierarchy updated for 'HierarchicalLODOutliner' in 0.0005 seconds. Added 1 classes and 2 folders.
[2017.07.20-04.23.11:393][  0]LogLoad: (Engine Initialization) Total time: 20.06 seconds
[2017.07.20-04.23.11:393][  0]LogLoad: (Engine Initialization) Total Blueprint compile time: 0.15 seconds
[2017.07.20-04.23.11:393][  0]LogExternalProfiler: Found external profiler: VSPerf
[2017.07.20-04.23.11:393][  0]LogExternalProfiler: Using external profiler: VSPerf
[2017.07.20-04.23.11:732][  0]LogOcInput: OculusInput pre-init called
[2017.07.20-04.23.11:763][  0]LogContentStreaming: Texture pool size now 1000 MB
[2017.07.20-04.23.11:764][  0]LogSlate: Took 0.000230 seconds to synchronously load lazily loaded font '../../../Engine/Content/Slate/Fonts/Roboto-Regular.ttf' (155K)
[2017.07.20-04.23.11:768][  0]LogSlate: Took 0.000240 seconds to synchronously load lazily loaded font '../../../Engine/Content/Slate/Fonts/Roboto-Bold.ttf' (160K)
[2017.07.20-04.23.11:773][  0]LogSlate: Took 0.000223 seconds to synchronously load lazily loaded font '../../../Engine/Content/Editor/Slate/Fonts/FontAwesome.ttf' (139K)
[2017.07.20-04.23.11:888][  0]LogSlate: Took 0.000313 seconds to synchronously load lazily loaded font '../../../Engine/Content/Slate/Fonts/Roboto-Light.ttf' (159K)
[2017.07.20-04.23.11:936][  0]LogRenderer: Reallocating scene render targets to support 1004x628 NumSamples 1 (Frame:2).
[2017.07.20-04.23.12:065][  1]LogFileCache: Retrieving MD5 hashes for directory 'C:/Users/s171257/Documents/GitHub/Elasticity/Content/' took 0.32s
[2017.07.20-04.23.12:072][  1]LogAssetRegistry: Asset discovery search completed in 13.0646 seconds
[2017.07.20-04.23.12:073][  1]LogCollectionManager: Rebuilt the object cache for 0 collections in 0.000003 seconds (found 0 objects)
[2017.07.20-04.23.12:073][  1]LogCollectionManager: Fixed up redirectors for 0 collections in 0.000037 seconds (updated 0 objects)
[2017.07.20-04.23.15:076][ 10]LogSlate: Took 0.000227 seconds to synchronously load lazily loaded font '../../../Engine/Content/Slate/Fonts/Roboto-Light.ttf' (159K)
[2017.07.20-04.32.42:198][102]LogSlate: Took 0.000164 seconds to synchronously load lazily loaded font '../../../Engine/Content/Slate/Fonts/Roboto-Light.ttf' (159K)
[2017.07.20-04.32.42:335][102]LogAIModule: Creating AISystem for world recod
[2017.07.20-04.32.42:368][102]Cmd: MAP LOAD FILE="../../../../../../Users/s171257/Documents/GitHub/Elasticity/Content/Levels/recod.umap" TEMPLATE=0 SHOWPROGRESS=1 FEATURELEVEL=3
[2017.07.20-04.32.42:368][102]LightingResults: New page: Lighting Build
[2017.07.20-04.32.42:370][102]LoadErrors: New page: Loading map: recod.umap
[2017.07.20-04.32.42:371][102]MapCheck: New page: Map Check
[2017.07.20-04.32.42:371][102]LightingResults: New page: Lighting Build
[2017.07.20-04.32.42:403][102]LogEditorServer: Finished looking for orphan Actors (0.000 secs)
[2017.07.20-04.32.42:422][102]Cmd: MAP CHECKDEP NOCLEARLOG
[2017.07.20-04.32.42:478][102]MapCheck: Info Map check complete: 0 Error(s), 0 Warning(s), took 55.682ms to complete.
[2017.07.20-04.32.42:478][102]LogFileHelpers: Loading map 'recod' took 0.110
[2017.07.20-04.33.09:931][942]Cmd: CAMERA ALIGN ACTIVEVIEWPORTONLY
[2017.07.20-04.33.18:653][452]LogEditorViewport: Clicking on Actor (context menu): Landscape (Landscape1)
[2017.07.20-04.33.20:298][562]LogEditorViewport: Clicking on Actor (LMB): DirectLight_C (DirectLight)
[2017.07.20-04.33.24:642][777]LogContentBrowser: Native class hierarchy updated for 'BlueprintGraph' in 0.0009 seconds. Added 112 classes and 0 folders.
[2017.07.20-04.33.25:353][777]LogSlate: Took 0.000140 seconds to synchronously load lazily loaded font '../../../Engine/Content/Slate/Fonts/Roboto-Regular.ttf' (155K)
[2017.07.20-04.33.25:427][777]LogSlate: Took 0.000206 seconds to synchronously load lazily loaded font '../../../Engine/Content/Editor/Slate/Fonts/Roboto-BoldCondensed.ttf' (158K)
[2017.07.20-04.33.25:516][778]LogSlate: Took 0.000233 seconds to synchronously load lazily loaded font '../../../Engine/Content/Editor/Slate/Fonts/Roboto-Italic.ttf' (157K)
[2017.07.20-04.33.28:565][905]LogRenderer: Reallocating scene render targets to support 1004x720 NumSamples 1 (Frame:3071).
[2017.07.20-04.33.42:021][454]Cmd: TRANSACTION UNDO
[2017.07.20-04.33.42:021][454]LogEditorTransaction: Undo Rotate Actors
[2017.07.20-04.33.44:570][544]Cmd: TRANSACTION UNDO
[2017.07.20-04.33.44:570][544]LogEditorTransaction: Undo Rotate Actors
[2017.07.20-04.33.46:453][612]Cmd: TRANSACTION UNDO
[2017.07.20-04.33.46:453][612]LogEditorTransaction: Undo Rotate Actors
[2017.07.20-04.33.48:837][700]Cmd: TRANSACTION UNDO
[2017.07.20-04.33.48:837][700]LogEditorTransaction: Undo Rotate Actors
[2017.07.20-04.34.02:931][244]Cmd: CAMERA ALIGN ACTIVEVIEWPORTONLY
[2017.07.20-04.34.07:605][427]Cmd: CAMERA ALIGN ACTIVEVIEWPORTONLY
[2017.07.20-04.35.06:325][798]Cmd: OBJ SAVEPACKAGE PACKAGE="/Game/Blueprint/DirectLight" FILE="../../../../../../Users/s171257/Documents/GitHub/Elasticity/Content/Blueprint/DirectLight.uasset" SILENT=true
[2017.07.20-04.35.06:346][798]LogSavePackage: Save=15.01ms
[2017.07.20-04.35.06:346][798]LogSavePackage: Moving '../../../../../../Users/s171257/Documents/GitHub/Elasticity/Saved/DirectLight7E10C95548C3382C1EBB3FA80ED0820A.tmp' to '../../../../../../Users/s171257/Documents/GitHub/Elasticity/Content/Blueprint/DirectLight.uasset'
[2017.07.20-04.35.06:351][798]LogSavePackage:Display: Finished SavePackage ../../../../../../Users/s171257/Documents/GitHub/Elasticity/Content/Blueprint/DirectLight.uasset
[2017.07.20-04.35.06:415][798]Cmd: OBJ SAVEPACKAGE PACKAGE="/Game/Levels/recod" FILE="../../../../../../Users/s171257/Documents/GitHub/Elasticity/Content/Levels/recod.umap" SILENT=true AUTOSAVING=false KEEPDIRTY=false
[2017.07.20-04.35.06:667][798]LogSavePackage: Save=229.81ms
[2017.07.20-04.35.06:667][798]LogSavePackage: Moving '../../../../../../Users/s171257/Documents/GitHub/Elasticity/Saved/recod2C33071B44BC48EBD354A3A7A38094AF.tmp' to '../../../../../../Users/s171257/Documents/GitHub/Elasticity/Content/Levels/recod.umap'
[2017.07.20-04.35.06:673][798]LogSavePackage:Display: Finished SavePackage ../../../../../../Users/s171257/Documents/GitHub/Elasticity/Content/Levels/recod.umap
[2017.07.20-04.35.06:694][798]LogFileHelpers: Saving map 'recod' took 0.339
[2017.07.20-04.35.07:033][799]Cmd: QUIT_EDITOR
[2017.07.20-04.35.07:094][799]LogExit: Preparing to exit.
[2017.07.20-04.35.08:233][799]LogDirectoryWatcher: A directory notification failed for 'C:/Users/s171257/Documents/GitHub/Elasticity/Content/', and we were unable to create a new request.
[2017.07.20-04.35.08:265][799]LogExit: Editor shut down
[2017.07.20-04.35.08:266][799]LogExit: Transaction tracking system shut down
[2017.07.20-04.35.08:356][799]LogObj: Freed 0b from 0 cluster array pools.
[2017.07.20-04.35.08:356][799]LogExit: Object subsystem successfully closed.
[2017.07.20-04.35.08:374][799]LogD3D11RHI: Shutdown
[2017.07.20-04.35.08:374][799]LogD3D11RHI: CleanupD3DDevice
[2017.07.20-04.35.08:434][799]LogD3D11RHI: ~FD3D11DynamicRHI
[2017.07.20-04.35.08:450][799]LogModuleManager: Shutting down and abandoning module BlueprintGraph (502)
[2017.07.20-04.35.08:450][799]LogModuleManager: Shutting down and abandoning module BlueprintProfiler (500)
[2017.07.20-04.35.08:450][799]LogModuleManager: Shutting down and abandoning module HierarchicalLODOutliner (498)
[2017.07.20-04.35.08:450][799]LogModuleManager: Shutting down and abandoning module CrashTracker (496)
[2017.07.20-04.35.08:450][799]LogModuleManager: Shutting down and abandoning module SceneOutliner (494)
[2017.07.20-04.35.08:450][799]LogModuleManager: Shutting down and abandoning module AddContentDialog (492)
[2017.07.20-04.35.08:450][799]LogDirectoryWatcher: A directory notification for 'C:/Program Files/Epic Games/UE_4.15/FeaturePacks/' was aborted.
[2017.07.20-04.35.08:451][799]LogModuleManager: Shutting down and abandoning module WidgetCarousel (491)
[2017.07.20-04.35.08:451][799]LogModuleManager: Shutting down and abandoning module EditorWidgets (488)
[2017.07.20-04.35.08:451][799]LogModuleManager: Shutting down and abandoning module CollectionManager (486)
[2017.07.20-04.35.08:451][799]LogDirectoryWatcher: A directory notification for 'C:/Users/s171257/Documents/GitHub/Elasticity/Content/Collections/' was aborted.
[2017.07.20-04.35.08:451][799]LogDirectoryWatcher: A directory notification for 'C:/Users/s171257/Documents/GitHub/Elasticity/Content/Developers/s171257/Collections/' was aborted.
[2017.07.20-04.35.08:451][799]LogDirectoryWatcher: A directory notification for 'C:/Users/s171257/Documents/GitHub/Elasticity/Saved/Collections/' was aborted.
[2017.07.20-04.35.08:451][799]LogModuleManager: Shutting down and abandoning module StatsViewer (484)
[2017.07.20-04.35.08:451][799]LogModuleManager: Shutting down and abandoning module FoliageEdit (482)
[2017.07.20-04.35.08:451][799]LogModuleManager: Shutting down and abandoning module LandscapeEditor (480)
[2017.07.20-04.35.08:452][799]LogModuleManager: Shutting down and abandoning module SceneDepthPickerMode (478)
[2017.07.20-04.35.08:452][799]LogModuleManager: Shutting down and abandoning module ActorPickerMode (476)
[2017.07.20-04.35.08:452][799]LogModuleManager: Shutting down and abandoning module GeometryMode (474)
[2017.07.20-04.35.08:452][799]LogModuleManager: Shutting down and abandoning module TextureAlignMode (472)
[2017.07.20-04.35.08:452][799]LogModuleManager: Shutting down and abandoning module BspMode (470)
[2017.07.20-04.35.08:452][799]LogModuleManager: Shutting down and abandoning module HardwareSurvey (468)
[2017.07.20-04.35.08:452][799]LogModuleManager: Shutting down and abandoning module SequenceRecorderSections (466)
[2017.07.20-04.35.08:452][799]LogModuleManager: Shutting down and abandoning module AutomationWorker (464)
[2017.07.20-04.35.08:452][799]LogModuleManager: Shutting down and abandoning module MatineeToLevelSequence (462)
[2017.07.20-04.35.08:452][799]LogModuleManager: Shutting down and abandoning module LevelSequenceEditor (460)
[2017.07.20-04.35.08:452][799]LogModuleManager: Shutting down and abandoning module PlacementMode (459)
[2017.07.20-04.35.08:452][799]LogModuleManager: Shutting down and abandoning module WmfMediaFactory (456)
[2017.07.20-04.35.08:452][799]LogModuleManager: Shutting down and abandoning module WmfMediaEditor (454)
[2017.07.20-04.35.08:452][799]LogModuleManager: Shutting down and abandoning module MfMediaFactory (452)
[2017.07.20-04.35.08:452][799]LogModuleManager: Shutting down and abandoning module MfMediaEditor (450)
[2017.07.20-04.35.08:452][799]LogModuleManager: Shutting down and abandoning module AvfMediaFactory (448)
[2017.07.20-04.35.08:452][799]LogModuleManager: Shutting down and abandoning module AvfMediaEditor (446)
[2017.07.20-04.35.08:452][799]LogModuleManager: Shutting down and abandoning module AndroidMediaFactory (444)
[2017.07.20-04.35.08:452][799]LogModuleManager: Shutting down and abandoning module Media (443)
[2017.07.20-04.35.08:452][799]LogModuleManager: Shutting down and abandoning module AndroidMediaEditor (440)
[2017.07.20-04.35.08:452][799]LogModuleManager: Shutting down and abandoning module CharacterAI (438)
[2017.07.20-04.35.08:452][799]LogModuleManager: Shutting down and abandoning module AudioCapture (436)
[2017.07.20-04.35.08:452][799]LogModuleManager: Shutting down and abandoning module SequenceRecorder (435)
[2017.07.20-04.35.08:452][799]LogModuleManager: Shutting down and abandoning module SmartSnapping (432)
[2017.07.20-04.35.08:452][799]LogModuleManager: Shutting down and abandoning module SessionServices (430)
[2017.07.20-04.35.08:452][799]LogModuleManager: Shutting down and abandoning module ViewportSnapping (428)
[2017.07.20-04.35.08:452][799]LogModuleManager: Shutting down and abandoning module ViewportInteraction (426)
[2017.07.20-04.35.08:452][799]LogModuleManager: Shutting down and abandoning module LogVisualizer (424)
[2017.07.20-04.35.08:452][799]LogModuleManager: Shutting down and abandoning module IntroTutorials (422)
[2017.07.20-04.35.08:452][799]LogModuleManager: Shutting down and abandoning module GameProjectGeneration (421)
[2017.07.20-04.35.08:452][799]LogModuleManager: Shutting down and abandoning module EditorLiveStreaming (418)
[2017.07.20-04.35.08:452][799]LogModuleManager: Shutting down and abandoning module IOSPlatformEditor (416)
[2017.07.20-04.35.08:452][799]LogModuleManager: Shutting down and abandoning module HTML5PlatformEditor (414)
[2017.07.20-04.35.08:452][799]LogModuleManager: Shutting down and abandoning module AndroidPlatformEditor (412)
[2017.07.20-04.35.08:452][799]LogModuleManager: Shutting down and abandoning module AndroidDeviceDetection (411)
[2017.07.20-04.35.09:207][799]LogModuleManager: Shutting down and abandoning module IOSRuntimeSettings (408)
[2017.07.20-04.35.09:207][799]LogModuleManager: Shutting down and abandoning module AndroidRuntimeSettings (406)
[2017.07.20-04.35.09:207][799]LogModuleManager: Shutting down and abandoning module InputBindingEditor (404)
[2017.07.20-04.35.09:207][799]LogModuleManager: Shutting down and abandoning module NiagaraEditor (402)
[2017.07.20-04.35.09:207][799]LogModuleManager: Shutting down and abandoning module MergeActors (400)
[2017.07.20-04.35.09:207][799]LogModuleManager: Shutting down and abandoning module SizeMap (398)
[2017.07.20-04.35.09:207][799]LogModuleManager: Shutting down and abandoning module TreeMap (396)
[2017.07.20-04.35.09:207][799]LogModuleManager: Shutting down and abandoning module ReferenceViewer (394)
[2017.07.20-04.35.09:207][799]LogModuleManager: Shutting down and abandoning module LocalizationDashboard (392)
[2017.07.20-04.35.09:207][799]LogModuleManager: Shutting down and abandoning module LocalizationService (391)
[2017.07.20-04.35.09:207][799]LogModuleManager: Shutting down and abandoning module HardwareTargeting (388)
[2017.07.20-04.35.09:207][799]LogModuleManager: Shutting down and abandoning module DeviceProfileEditor (386)
[2017.07.20-04.35.09:207][799]LogModuleManager: Shutting down and abandoning module UndoHistory (384)
[2017.07.20-04.35.09:207][799]LogModuleManager: Shutting down and abandoning module UserFeedback (382)
[2017.07.20-04.35.09:207][799]LogModuleManager: Shutting down and abandoning module XmlParser (380)
[2017.07.20-04.35.09:207][799]LogModuleManager: Shutting down and abandoning module Blutility (378)
[2017.07.20-04.35.09:207][799]LogModuleManager: Shutting down and abandoning module ProjectSettingsViewer (376)
[2017.07.20-04.35.09:207][799]LogModuleManager: Shutting down and abandoning module ProjectTargetPlatformEditor (375)
[2017.07.20-04.35.09:207][799]LogModuleManager: Shutting down and abandoning module EditorSettingsViewer (372)
[2017.07.20-04.35.09:207][799]LogModuleManager: Shutting down and abandoning module SettingsEditor (370)
[2017.07.20-04.35.09:207][799]LogModuleManager: Shutting down and abandoning module ProjectLauncher (368)
[2017.07.20-04.35.09:207][799]LogModuleManager: Shutting down and abandoning module SessionFrontend (366)
[2017.07.20-04.35.09:207][799]LogModuleManager: Shutting down and abandoning module ProfilerClient (364)
[2017.07.20-04.35.09:207][799]LogModuleManager: Shutting down and abandoning module DeviceManager (362)
[2017.07.20-04.35.09:207][799]LogModuleManager: Shutting down and abandoning module TargetDeviceServices (361)
[2017.07.20-04.35.09:258][799]LogModuleManager: Shutting down and abandoning module AutomationController (358)
[2017.07.20-04.35.09:258][799]LogModuleManager: Shutting down and abandoning module AutomationWindow (356)
[2017.07.20-04.35.09:258][799]LogModuleManager: Shutting down and abandoning module Layers (354)
[2017.07.20-04.35.09:258][799]LogModuleManager: Shutting down and abandoning module ComponentVisualizers (352)
[2017.07.20-04.35.09:258][799]LogModuleManager: Shutting down and abandoning module DetailCustomizations (350)
[2017.07.20-04.35.09:258][799]LogModuleManager: Shutting down and abandoning module PackagesDialog (348)
[2017.07.20-04.35.09:258][799]LogModuleManager: Shutting down and abandoning module Persona (346)
[2017.07.20-04.35.09:258][799]LogModuleManager: Shutting down and abandoning module AnimGraph (345)
[2017.07.20-04.35.09:258][799]LogModuleManager: Shutting down and abandoning module Kismet (342)
[2017.07.20-04.35.09:263][799]LogModuleManager: Shutting down and abandoning module GraphEditor (340)
[2017.07.20-04.35.09:264][799]LogModuleManager: Shutting down and abandoning module ClassViewer (338)
[2017.07.20-04.35.09:264][799]LogModuleManager: Shutting down and abandoning module Toolbox (336)
[2017.07.20-04.35.09:264][799]LogModuleManager: Shutting down and abandoning module ModuleUI (334)
[2017.07.20-04.35.09:264][799]LogModuleManager: Shutting down and abandoning module MovieSceneTools (332)
[2017.07.20-04.35.09:264][799]LogModuleManager: Shutting down and abandoning module OutputLog (330)
[2017.07.20-04.35.09:264][799]LogModuleManager: Shutting down and abandoning module GammaUI (328)
[2017.07.20-04.35.09:264][799]LogModuleManager: Shutting down and abandoning module Documentation (326)
[2017.07.20-04.35.09:264][799]LogModuleManager: Shutting down and abandoning module Niagara (324)
[2017.07.20-04.35.09:264][799]LogModuleManager: Shutting down and abandoning module StreamingPauseRendering (322)
[2017.07.20-04.35.09:264][799]LogModuleManager: Shutting down and abandoning module AnalyticsET (320)
[2017.07.20-04.35.09:264][799]LogModuleManager: Shutting down and abandoning module PortalServices (318)
[2017.07.20-04.35.09:264][799]LogModuleManager: Shutting down and abandoning module PortalRpc (316)
[2017.07.20-04.35.09:264][799]LogModuleManager: Shutting down and abandoning module MessagingRpc (314)
[2017.07.20-04.35.09:264][799]LogModuleManager: Shutting down and abandoning module AIModule (312)
[2017.07.20-04.35.09:264][799]LogModuleManager: Shutting down and abandoning module GameplayDebugger (311)
[2017.07.20-04.35.09:264][799]LogModuleManager: Shutting down and abandoning module AITestSuite (309)
[2017.07.20-04.35.09:264][799]LogModuleManager: Shutting down and abandoning module ProfilerService (306)
[2017.07.20-04.35.09:397][799]LogModuleManager: Shutting down and abandoning module TaskGraph (304)
[2017.07.20-04.35.09:397][799]LogModuleManager: Shutting down and abandoning module SteamVRController (302)
[2017.07.20-04.35.09:397][799]LogModuleManager: Shutting down and abandoning module SteamVR (300)
[2017.07.20-04.35.09:397][799]LogModuleManager: Shutting down and abandoning module ProceduralMeshComponentEditor (298)
[2017.07.20-04.35.09:397][799]LogModuleManager: Shutting down and abandoning module ProceduralMeshComponent (296)
[2017.07.20-04.35.09:397][799]LogModuleManager: Shutting down and abandoning module OculusLibrary (294)
[2017.07.20-04.35.09:397][799]LogModuleManager: Shutting down and abandoning module OculusInput (292)
[2017.07.20-04.35.09:397][799]LogModuleManager: Shutting down and abandoning module MobilePatchingUtils (290)
[2017.07.20-04.35.09:397][799]LogModuleManager: Shutting down and abandoning module CustomMeshComponent (288)
[2017.07.20-04.35.09:397][799]LogModuleManager: Shutting down and abandoning module CableComponent (286)
[2017.07.20-04.35.09:397][799]LogModuleManager: Shutting down and abandoning module ArchVisCharacter (284)
[2017.07.20-04.35.09:397][799]LogModuleManager: Shutting down and abandoning module MediaPlayerEditor (280)
[2017.07.20-04.35.09:397][799]LogModuleManager: Shutting down and abandoning module HTML5Networking (278)
[2017.07.20-04.35.09:397][799]LogModuleManager: Shutting down and abandoning module AlembicImporter (276)
[2017.07.20-04.35.09:397][799]LogModuleManager: Shutting down and abandoning module AlembicLibrary (275)
[2017.07.20-04.35.09:397][799]LogModuleManager: Shutting down and abandoning module GeometryCache (274)
[2017.07.20-04.35.09:397][799]LogModuleManager: Shutting down and abandoning module GeometryCacheEd (273)
[2017.07.20-04.35.09:397][799]LogModuleManager: Shutting down and abandoning module SuperSearchEditor (268)
[2017.07.20-04.35.09:397][799]LogModuleManager: Shutting down and abandoning module SuperSearch (267)
[2017.07.20-04.35.09:397][799]LogModuleManager: Shutting down and abandoning module SpeedTreeImporter (264)
[2017.07.20-04.35.09:397][799]LogModuleManager: Shutting down and abandoning module PluginBrowser (262)
[2017.07.20-04.35.09:397][799]LogModuleManager: Shutting down and abandoning module MobileLauncherProfileWizard (260)
[2017.07.20-04.35.09:397][799]LogModuleManager: Shutting down and abandoning module EpicSurvey (258)
[2017.07.20-04.35.09:397][799]LogModuleManager: Shutting down and abandoning module VisualStudioSourceCodeAccess (256)
[2017.07.20-04.35.09:397][799]LogModuleManager: Shutting down and abandoning module DesktopPlatform (255)
[2017.07.20-04.35.09:397][799]LogModuleManager: Shutting down and abandoning module UObjectPlugin (252)
[2017.07.20-04.35.09:397][799]LogModuleManager: Shutting down and abandoning module SubversionSourceControl (250)
[2017.07.20-04.35.09:398][799]LogModuleManager: Shutting down and abandoning module PerforceSourceControl (248)
[2017.07.20-04.35.09:398][799]LogModuleManager: Shutting down and abandoning module GitSourceControl (246)
[2017.07.20-04.35.09:398][799]LogModuleManager: Shutting down and abandoning module SourceControl (245)
[2017.07.20-04.35.09:398][799]LogModuleManager: Shutting down and abandoning module LightPropagationVolumeEditor (242)
[2017.07.20-04.35.09:398][799]LogModuleManager: Shutting down and abandoning module PaperTiledImporter (240)
[2017.07.20-04.35.09:398][799]LogModuleManager: Shutting down and abandoning module PaperSpriteSheetImporter (238)
[2017.07.20-04.35.09:398][799]LogModuleManager: Shutting down and abandoning module Paper2DEditor (236)
[2017.07.20-04.35.09:398][799]LogModuleManager: Shutting down and abandoning module MeshPaint (235)
[2017.07.20-04.35.09:398][799]LogModuleManager: Shutting down and abandoning module LevelEditor (233)
[2017.07.20-04.35.09:398][799]LogModuleManager: Shutting down and abandoning module PixelInspectorModule (232)
[2017.07.20-04.35.09:398][799]LogModuleManager: Shutting down and abandoning module MainFrame (230)
[2017.07.20-04.35.09:398][799]LogModuleManager: Shutting down and abandoning module HotReload (229)
[2017.07.20-04.35.09:399][799]LogModuleManager: Shutting down and abandoning module ContentBrowser (225)
[2017.07.20-04.35.09:399][799]LogModuleManager: Shutting down and abandoning module PhysXVehiclesEditor (222)
[2017.07.20-04.35.09:399][799]LogModuleManager: Shutting down and abandoning module PhysXVehicles (220)
[2017.07.20-04.35.09:399][799]LogModuleManager: Shutting down and abandoning module LocationServicesBPLibrary (218)
[2017.07.20-04.35.09:399][799]LogModuleManager: Shutting down and abandoning module UdpMessaging (216)
[2017.07.20-04.35.09:499][799]LogModuleManager: Shutting down and abandoning module TcpMessaging (214)
[2017.07.20-04.35.09:599][799]LogModuleManager: Shutting down and abandoning module GameplayTagsEditor (212)
[2017.07.20-04.35.09:599][799]LogModuleManager: Shutting down and abandoning module FacialAnimationEditor (210)
[2017.07.20-04.35.09:599][799]LogModuleManager: Shutting down and abandoning module FacialAnimation (208)
[2017.07.20-04.35.09:599][799]LogModuleManager: Shutting down and abandoning module LightPropagationVolumeRuntime (206)
[2017.07.20-04.35.09:599][799]LogModuleManager: Shutting down and abandoning module Paper2D (204)
[2017.07.20-04.35.09:599][799]LogModuleManager: Shutting down and abandoning module WindowsMoviePlayer (202)
[2017.07.20-04.35.09:599][799]LogModuleManager: Shutting down and abandoning module WmfMedia (200)
[2017.07.20-04.35.09:599][799]LogModuleManager: Shutting down and abandoning module MfMedia (198)
[2017.07.20-04.35.09:599][799]LogModuleManager: Shutting down and abandoning module MediaAssets (196)
[2017.07.20-04.35.09:599][799]LogModuleManager: Shutting down and abandoning module GameLiveStreaming (194)
[2017.07.20-04.35.09:599][799]LogModuleManager: Shutting down and abandoning module VREditor (192)
[2017.07.20-04.35.09:599][799]LogModuleManager: Shutting down and abandoning module GameplayTasksEditor (190)
[2017.07.20-04.35.09:599][799]LogModuleManager: Shutting down and abandoning module BehaviorTreeEditor (188)
[2017.07.20-04.35.09:599][799]LogModuleManager: Shutting down and abandoning module FunctionalTesting (186)
[2017.07.20-04.35.09:599][799]LogModuleManager: Shutting down and abandoning module CollisionAnalyzer (184)
[2017.07.20-04.35.09:599][799]LogModuleManager: Shutting down and abandoning module UMG (182)
[2017.07.20-04.35.09:599][799]LogModuleManager: Shutting down and abandoning module UMGEditor (181)
[2017.07.20-04.35.09:599][799]LogModuleManager: Shutting down and abandoning module Sequencer (180)
[2017.07.20-04.35.09:600][799]LogModuleManager: Shutting down and abandoning module AssetTools (178)
[2017.07.20-04.35.09:600][799]LogModuleManager: Shutting down and abandoning module MessageLog (177)
[2017.07.20-04.35.09:600][799]LogModuleManager: Shutting down and abandoning module WorkspaceMenuStructure (176)
[2017.07.20-04.35.09:600][799]LogModuleManager: Shutting down and abandoning module SlateReflector (170)
[2017.07.20-04.35.09:600][799]LogModuleManager: Shutting down and abandoning module Slate (168)
[2017.07.20-04.35.09:600][799]LogModuleManager: Shutting down and abandoning module EditorStyle (166)
[2017.07.20-04.35.09:602][799]LogModuleManager: Shutting down and abandoning module SourceCodeAccess (164)
[2017.07.20-04.35.09:602][799]LogModuleManager: Shutting down and abandoning module HeadMountedDisplay (162)
[2017.07.20-04.35.09:602][799]LogModuleManager: Shutting down and abandoning module XAudio2 (160)
[2017.07.20-04.35.09:602][799]LogModuleManager: Shutting down and abandoning module Networking (158)
[2017.07.20-04.35.09:602][799]LogModuleManager: Shutting down and abandoning module Core (154)
[2017.07.20-04.35.09:602][799]LogModuleManager: Shutting down and abandoning module AssetRegistry (152)
[2017.07.20-04.35.09:808][799]LogDirectoryWatcher: A directory notification for '../../../Engine/Content/' was aborted.
[2017.07.20-04.35.09:808][799]LogDirectoryWatcher: A directory notification for '../../../../../../Users/s171257/Documents/GitHub/Elasticity/Content/' was aborted.
[2017.07.20-04.35.09:808][799]LogDirectoryWatcher: A directory notification for '../../../Engine/Plugins/2D/Paper2D/Content/' was aborted.
[2017.07.20-04.35.09:809][799]LogModuleManager: Shutting down and abandoning module DirectoryWatcher (151)
[2017.07.20-04.35.09:809][799]LogModuleManager: Shutting down and abandoning module KismetCompiler (148)
[2017.07.20-04.35.09:809][799]LogModuleManager: Shutting down and abandoning module PhysXFormats (146)
[2017.07.20-04.35.09:809][799]LogModuleManager: Shutting down and abandoning module MeshUtilities (144)
[2017.07.20-04.35.09:809][799]LogModuleManager: Shutting down and abandoning module SimplygonSwarm (143)
[2017.07.20-04.35.09:809][799]LogModuleManager: Shutting down and abandoning module SimplygonMeshReduction (141)
[2017.07.20-04.35.09:809][799]LogModuleManager: Shutting down and abandoning module QuadricMeshReduction (139)
[2017.07.20-04.35.09:809][799]LogModuleManager: Shutting down and abandoning module PropertyEditor (137)
[2017.07.20-04.35.09:809][799]LogModuleManager: Shutting down and abandoning module DerivedDataCache (134)
[2017.07.20-04.35.09:818][799]LogDerivedDataCache: Shutdown
[2017.07.20-04.35.09:818][799]LogModuleManager: Shutting down and abandoning module TargetPlatform (132)
[2017.07.20-04.35.09:818][799]LogModuleManager: Shutting down and abandoning module VulkanShaderFormat (131)
[2017.07.20-04.35.09:818][799]LogModuleManager: Shutting down and abandoning module ShaderFormatOpenGL (129)
[2017.07.20-04.35.09:818][799]LogModuleManager: Shutting down and abandoning module ShaderFormatD3D (127)
[2017.07.20-04.35.09:818][799]LogModuleManager: Shutting down and abandoning module MetalShaderFormat (125)
[2017.07.20-04.35.09:818][799]LogModuleManager: Shutting down and abandoning module TextureFormatUncompressed (123)
[2017.07.20-04.35.09:818][799]LogModuleManager: Shutting down and abandoning module TextureFormatPVR (121)
[2017.07.20-04.35.09:818][799]LogModuleManager: Shutting down and abandoning module TextureFormatDXT (119)
[2017.07.20-04.35.09:818][799]LogModuleManager: Shutting down and abandoning module TextureFormatIntelISPCTexComp (117)
[2017.07.20-04.35.09:818][799]LogModuleManager: Shutting down and abandoning module TextureFormatASTC (115)
[2017.07.20-04.35.09:818][799]LogModuleManager: Shutting down and abandoning module ImageWrapper (114)
[2017.07.20-04.35.09:818][799]LogModuleManager: Shutting down and abandoning module TextureFormatAndroid (111)
[2017.07.20-04.35.09:818][799]LogModuleManager: Shutting down and abandoning module AudioFormatOpus (109)
[2017.07.20-04.35.09:818][799]LogModuleManager: Shutting down and abandoning module AudioFormatOgg (107)
[2017.07.20-04.35.09:818][799]LogModuleManager: Shutting down and abandoning module AudioFormatADPCM (105)
[2017.07.20-04.35.09:818][799]LogModuleManager: Shutting down and abandoning module LinuxTargetPlatform (103)
[2017.07.20-04.35.09:818][799]LogModuleManager: Shutting down and abandoning module LinuxServerTargetPlatform (101)
[2017.07.20-04.35.09:818][799]LogModuleManager: Shutting down and abandoning module LinuxNoEditorTargetPlatform (99)
[2017.07.20-04.35.09:818][799]LogModuleManager: Shutting down and abandoning module LinuxClientTargetPlatform (97)
[2017.07.20-04.35.09:818][799]LogModuleManager: Shutting down and abandoning module TVOSTargetPlatform (95)
[2017.07.20-04.35.09:818][799]LogModuleManager: Shutting down and abandoning module Messaging (93)
[2017.07.20-04.35.09:818][799]LogModuleManager: Shutting down and abandoning module IOSTargetPlatform (91)
[2017.07.20-04.35.09:818][799]LogModuleManager: Shutting down and abandoning module HTML5TargetPlatform (89)
[2017.07.20-04.35.09:818][799]LogModuleManager: Shutting down and abandoning module Android_PVRTCTargetPlatform (87)
[2017.07.20-04.35.09:818][799]LogModuleManager: Shutting down and abandoning module Android_MultiTargetPlatform (85)
[2017.07.20-04.35.09:818][799]LogModuleManager: Shutting down and abandoning module Android_ETC2TargetPlatform (83)
[2017.07.20-04.35.09:818][799]LogModuleManager: Shutting down and abandoning module Android_ETC1TargetPlatform (81)
[2017.07.20-04.35.09:818][799]LogModuleManager: Shutting down and abandoning module Android_DXTTargetPlatform (79)
[2017.07.20-04.35.09:818][799]LogModuleManager: Shutting down and abandoning module Android_ATCTargetPlatform (77)
[2017.07.20-04.35.09:818][799]LogModuleManager: Shutting down and abandoning module Android_ASTCTargetPlatform (75)
[2017.07.20-04.35.09:818][799]LogModuleManager: Shutting down and abandoning module AndroidTargetPlatform (73)
[2017.07.20-04.35.09:818][799]LogModuleManager: Shutting down and abandoning module WindowsTargetPlatform (71)
[2017.07.20-04.35.09:818][799]LogModuleManager: Shutting down and abandoning module WindowsServerTargetPlatform (69)
[2017.07.20-04.35.09:818][799]LogModuleManager: Shutting down and abandoning module WindowsNoEditorTargetPlatform (67)
[2017.07.20-04.35.09:818][799]LogModuleManager: Shutting down and abandoning module WindowsClientTargetPlatform (65)
[2017.07.20-04.35.09:818][799]LogModuleManager: Shutting down and abandoning module MacTargetPlatform (63)
[2017.07.20-04.35.09:818][799]LogModuleManager: Shutting down and abandoning module MacServerTargetPlatform (61)
[2017.07.20-04.35.09:818][799]LogModuleManager: Shutting down and abandoning module MacNoEditorTargetPlatform (59)
[2017.07.20-04.35.09:819][799]LogModuleManager: Shutting down and abandoning module MacClientTargetPlatform (57)
[2017.07.20-04.35.09:819][799]LogModuleManager: Shutting down and abandoning module AllDesktopTargetPlatform (55)
[2017.07.20-04.35.09:819][799]LogModuleManager: Shutting down and abandoning module InputCore (52)
[2017.07.20-04.35.09:819][799]LogModuleManager: Shutting down and abandoning module Settings (50)
[2017.07.20-04.35.09:819][799]LogModuleManager: Shutting down and abandoning module OculusRift (48)
[2017.07.20-04.35.09:819][799]LogModuleManager: Shutting down and abandoning module GearVR (46)
[2017.07.20-04.35.09:819][799]LogModuleManager: Shutting down and abandoning module ExampleDeviceProfileSelector (44)
[2017.07.20-04.35.09:819][799]LogModuleManager: Shutting down and abandoning module OnlineBlueprintSupport (42)
[2017.07.20-04.35.09:819][799]LogModuleManager: Shutting down and abandoning module OnlineSubsystem (38)
[2017.07.20-04.35.09:819][799]LogOnline:Display: Unloading online subsystem: NULL
[2017.07.20-04.35.09:819][799]LogModuleManager: Shutting down and abandoning module XMPP (37)
[2017.07.20-04.35.09:819][799]LogModuleManager: Shutting down and abandoning module HTTP (35)
[2017.07.20-04.35.09:819][799]LogHttp:Display: Http module shutting down, but needs to wait on 1 outstanding Http requests:
[2017.07.20-04.35.09:819][799]LogHttp:Display: 	verb=[POST] url=[https://datarouter.ol.epicgames.com/datarouter/api/v1/public/data?SessionID=%7B1C50C876-4F83-813D-563E-AFBAB7138C2B%7D&AppID=UEEditor.Rocket.Release&AppVersion=4.15.1-3348071%2B%2B%2BUE4%2BRelease-4.15&UserID=2166658b4bcd3cb6cf2f848849466ae9%7C%7C6fefedeb-aea8-45ea-b795-b5d43d3580cb&AppEnvironment=datacollector-binary&UploadType=eteventstream] status=Processing
[2017.07.20-04.35.09:850][799]LogModuleManager: Shutting down and abandoning module SSL (34)
[2017.07.20-04.35.09:852][799]LogModuleManager: Shutting down and abandoning module AudioEditor (30)
[2017.07.20-04.35.09:852][799]LogModuleManager: Shutting down and abandoning module TextureCompressor (28)
[2017.07.20-04.35.09:852][799]LogModuleManager: Shutting down and abandoning module ShaderCore (26)
[2017.07.20-04.35.09:852][799]LogModuleManager: Shutting down and abandoning module Landscape (24)
[2017.07.20-04.35.09:852][799]LogModuleManager: Shutting down and abandoning module SlateRHIRenderer (22)
[2017.07.20-04.35.09:853][799]LogModuleManager: Shutting down and abandoning module OpenGLDrv (20)
[2017.07.20-04.35.09:853][799]LogModuleManager: Shutting down and abandoning module D3D11RHI (18)
[2017.07.20-04.35.09:853][799]LogModuleManager: Shutting down and abandoning module AnimGraphRuntime (16)
[2017.07.20-04.35.09:853][799]LogModuleManager: Shutting down and abandoning module Renderer (14)
[2017.07.20-04.35.09:853][799]LogModuleManager: Shutting down and abandoning module Engine (12)
[2017.07.20-04.35.09:853][799]LogModuleManager: Shutting down and abandoning module CoreUObject (10)
[2017.07.20-04.35.09:853][799]LogModuleManager: Shutting down and abandoning module NetworkFile (8)
[2017.07.20-04.35.09:853][799]LogModuleManager: Shutting down and abandoning module StreamingFile (6)
[2017.07.20-04.35.09:853][799]LogModuleManager: Shutting down and abandoning module SandboxFile (4)
[2017.07.20-04.35.09:853][799]LogModuleManager: Shutting down and abandoning module PakFile (2)
[2017.07.20-04.35.09:854][799]LogExit: Exiting.
[2017.07.20-04.35.09:865][799]Log file closed, 07/20/17 14:35:09
