Log file open, 07/20/17 09:51:47
LogInit:Display: Running engine for game: Elasticity
LogPlatformFile: Not using cached read wrapper
LogInit:Display: RandInit(1132197257) SRandInit(1132197257).
LogTaskGraph: Started task graph with 5 named threads and 8 total threads with 1 sets of task threads.
LogStats: Stats thread started at 0.073158
LogInit: Using libcurl 7.47.1
LogInit:  - built for x86_64-pc-win32
LogInit:  - supports SSL with OpenSSL/1.0.2g
LogInit:  - supports HTTP deflate (compression) using libz 1.2.8
LogInit:  - other features:
LogInit:      CURL_VERSION_SSL
LogInit:      CURL_VERSION_LIBZ
LogInit:      CURL_VERSION_IPV6
LogInit:      CURL_VERSION_ASYNCHDNS
LogInit:      CURL_VERSION_LARGEFILE
LogInit:      CURL_VERSION_IDN
LogInit:  CurlRequestOptions (configurable via config and command line):
LogInit:  - bVerifyPeer = false  - Libcurl will NOT verify peer certificate
LogInit:  - bUseHttpProxy = false  - Libcurl will NOT use HTTP proxy
LogInit:  - bDontReuseConnections = false  - Libcurl will reuse connections
LogInit:  - CertBundlePath = nullptr  - Libcurl will use whatever was configured at build time.
LogInit: Build: ++UE4+Release-4.15-CL-3348071
LogInit: Engine Version: 4.15.1-3348071+++UE4+Release-4.15
LogInit: Compatible Engine Version: 4.15.0-3299760+++UE4+Release-4.15
LogInit: Net CL: 3299760
LogDevObjectVersion: Number of dev versions registered: 14
LogDevObjectVersion:   Dev-Blueprints (B0D832E4-1F89-4F0D-ACCF-7EB736FD4AA2): 8
LogDevObjectVersion:   Dev-Build (E1C64328-A22C-4D53-A36C-8E866417BD8C): 0
LogDevObjectVersion:   Dev-Core (375EC13C-06E4-48FB-B500-84F0262A717E): 2
LogDevObjectVersion:   Dev-Editor (E4B068ED-F494-42E9-A231-DA0B2E46BB41): 14
LogDevObjectVersion:   Dev-Framework (CFFC743F-43B0-4480-9391-14DF171D2073): 22
LogDevObjectVersion:   Dev-Mobile (B02B49B5-BB20-44E9-A304-32B752E40360): 0
LogDevObjectVersion:   Dev-Networking (A4E4105C-59A1-49B5-A7C5-40C4547EDFEE): 0
LogDevObjectVersion:   Dev-Online (39C831C9-5AE6-47DC-9A44-9C173E1C8E7C): 0
LogDevObjectVersion:   Dev-Physics (78F01B33-EBEA-4F98-B9B4-84EACCB95AA2): 0
LogDevObjectVersion:   Dev-Platform (6631380F-2D4D-43E0-8009-CF276956A95A): 0
LogDevObjectVersion:   Dev-Rendering (12F88B9F-8875-4AFC-A67C-D90C383ABD29): 12
LogDevObjectVersion:   Dev-Sequencer (7B5AE74C-D270-4C10-A958-57980B212A5A): 3
LogDevObjectVersion:   Dev-VR (D7296918-1DD6-4BDD-9DE2-64A83CC13884): 0
LogDevObjectVersion:   Dev-LoadTimes (C2A15278-BFE7-4AFE-6C17-90FF531DF755): 1
LogInit: Compiled (64-bit): Mar 15 2017 16:52:47
LogInit: Compiled with Visual C++: 19.00.23026.00
LogInit: Build Configuration: Development
LogInit: Branch Name: ++UE4+Release-4.15
LogInit: Command line: 
LogInit: Base directory: C:/Program Files/Epic Games/UE_4.15/Engine/Binaries/Win64/
LogInit: Installed Engine Build: 1
LogInit: Presizing for max 8388607 objects, including 0 objects not considered by GC, pre-allocating 0 bytes for permanent pool.
LogInit: Object subsystem initialized
[2017.07.19-23.51.48:791][  0]LogInit: Selected Device Profile: [Windows]
[2017.07.19-23.51.48:791][  0]LogInit: Applying CVar settings loaded from the selected device profile: [Windows]
[2017.07.19-23.51.48:801][  0]LogInit: Computer: WWP-D32ED4
[2017.07.19-23.51.48:801][  0]LogInit: User: s171611
[2017.07.19-23.51.48:801][  0]LogInit: CPU Page size=65536, Cores=4
[2017.07.19-23.51.48:801][  0]LogInit: High frequency timer resolution =3.312832 MHz
[2017.07.19-23.51.48:801][  0]LogMemory: Memory total: Physical=32.0GB (32GB approx)
[2017.07.19-23.51.48:801][  0]LogMemory: Platform Memory Stats for Windows
[2017.07.19-23.51.48:801][  0]LogMemory: Process Physical Memory: 266.12 MB used, 266.12 MB peak
[2017.07.19-23.51.48:801][  0]LogMemory: Process Virtual Memory: 266.36 MB used, 266.36 MB peak
[2017.07.19-23.51.48:801][  0]LogMemory: Physical Memory: 5271.83 MB used,  27457.38 MB free, 32729.21 MB total
[2017.07.19-23.51.48:801][  0]LogMemory: Virtual Memory: 633.75 MB used,  27457.38 MB free, 8388608.00 MB total
[2017.07.19-23.51.48:903][  0]LogTextLocalizationManager: No specific translations for ('en-US') exist, so ('en') translations will be used.
[2017.07.19-23.51.49:569][  0]LogD3D11RHI: D3D11 adapters:
[2017.07.19-23.51.49:589][  0]LogD3D11RHI:    0. 'NVIDIA GeForce GTX 660 Ti' (Feature Level 11_0)
[2017.07.19-23.51.49:589][  0]LogD3D11RHI:       1988/0/16108 MB DedicatedVideo/DedicatedSystem/SharedSystem, Outputs:2, VendorId:0x10de
[2017.07.19-23.51.49:589][  0]LogD3D11RHI: Chosen D3D11 Adapter: 0
[2017.07.19-23.51.49:594][  0]LogD3D11RHI: Creating new Direct3DDevice
[2017.07.19-23.51.49:594][  0]LogD3D11RHI:     GPU DeviceId: 0x1183 (for the marketing name, search the web for "GPU Device Id")
[2017.07.19-23.51.49:594][  0]LogWindows: EnumDisplayDevices:
[2017.07.19-23.51.49:594][  0]LogWindows:    0. 'NVIDIA GeForce GTX 660 Ti' (P:1 D:1)
[2017.07.19-23.51.49:595][  0]LogWindows:    1. 'NVIDIA GeForce GTX 660 Ti' (P:0 D:1)
[2017.07.19-23.51.49:595][  0]LogWindows:    2. 'NVIDIA GeForce GTX 660 Ti' (P:0 D:0)
[2017.07.19-23.51.49:595][  0]LogWindows:    3. 'NVIDIA GeForce GTX 660 Ti' (P:0 D:0)
[2017.07.19-23.51.49:595][  0]LogWindows:    4. 'RDPDD Chained DD' (P:0 D:0)
[2017.07.19-23.51.49:596][  0]LogWindows:    5. 'RDP Encoder Mirror Driver' (P:0 D:0)
[2017.07.19-23.51.49:596][  0]LogWindows:    6. 'RDP Reflector Display Driver' (P:0 D:0)
[2017.07.19-23.51.49:596][  0]LogWindows: DebugString: GetVideoDriverDetailsInvalid PrimaryIsNotTheChoosenAdapter GetVideoDriverDetailsInvalid PrimaryIsNotTheChoosenAdapter GetVideoDriverDetailsInvalid PrimaryIsNotTheChoosenAdapter FoundDriverCount:4 
[2017.07.19-23.51.49:596][  0]LogD3D11RHI:     Adapter Name: NVIDIA GeForce GTX 660 Ti
[2017.07.19-23.51.49:596][  0]LogD3D11RHI:   Driver Version: 376.33 (internal:21.21.13.7633, unified:376.33)
[2017.07.19-23.51.49:596][  0]LogD3D11RHI:      Driver Date: 12-11-2016
[2017.07.19-23.51.49:596][  0]LogRHI: Texture pool is 1361 MB (70% of 1945 MB)
[2017.07.19-23.51.49:606][  0]LogD3D11RHI:Warning: Timestamp queries are currently disabled on this hardware due to instability. Realtime GPU stats will not be available. You can override this behaviour by setting r.NVIDIATimestampWorkaround to 0
[2017.07.19-23.51.49:606][  0]LogD3D11RHI: Async texture creation enabled
[2017.07.19-23.51.49:620][  0]LogD3D11RHI: GPU Timing Frequency: 1000.000000 (Debug: 2 2)
[2017.07.19-23.51.49:669][  0]LogD3D11RHI: HDR output is supported on display 1 (NvId: 0x80061087).
[2017.07.19-23.51.49:669][  0]LogShaderCompilers: Guid format shader working directory is -25 characters bigger than the processId version (../../../../../../Users/s171611/Documents/GameJam72/Elasticity/Elasticity/Intermediate/Shaders/WorkingDirectory/7992/).
[2017.07.19-23.51.49:669][  0]LogShaderCompilers: Cleaned the shader compiler working directory 'C:/Users/s171611/AppData/Local/Temp/UnrealShaderWorkingDir/8C00DDAE410F456151A4E980F531DD03/'.
[2017.07.19-23.51.49:669][  0]LogShaderCompilers:Display: Using Local Shader Compiler.
[2017.07.19-23.51.50:856][  0]LogTemp:Display: Loaded TP AllDesktopTargetPlatform
[2017.07.19-23.51.50:936][  0]LogTemp:Display: Loaded TP MacClientTargetPlatform
[2017.07.19-23.51.51:016][  0]LogTemp:Display: Loaded TP MacNoEditorTargetPlatform
[2017.07.19-23.51.51:092][  0]LogTemp:Display: Loaded TP MacServerTargetPlatform
[2017.07.19-23.51.51:162][  0]LogTemp:Display: Loaded TP MacTargetPlatform
[2017.07.19-23.51.51:240][  0]LogTemp:Display: Loaded TP WindowsClientTargetPlatform
[2017.07.19-23.51.51:311][  0]LogTemp:Display: Loaded TP WindowsNoEditorTargetPlatform
[2017.07.19-23.51.51:389][  0]LogTemp:Display: Loaded TP WindowsServerTargetPlatform
[2017.07.19-23.51.51:460][  0]LogTemp:Display: Loaded TP WindowsTargetPlatform
[2017.07.19-23.51.51:537][  0]LogTemp:Display: Loaded TP AndroidTargetPlatform
[2017.07.19-23.51.51:611][  0]LogTemp:Display: Loaded TP Android_ASTCTargetPlatform
[2017.07.19-23.51.51:706][  0]LogTemp:Display: Loaded TP Android_ATCTargetPlatform
[2017.07.19-23.51.51:787][  0]LogTemp:Display: Loaded TP Android_DXTTargetPlatform
[2017.07.19-23.51.51:881][  0]LogTemp:Display: Loaded TP Android_ETC1TargetPlatform
[2017.07.19-23.51.51:965][  0]LogTemp:Display: Loaded TP Android_ETC2TargetPlatform
[2017.07.19-23.51.52:128][  0]LogTemp:Display: Loaded TP Android_MultiTargetPlatform
[2017.07.19-23.51.52:128][  0]LogTemp:Display: Loaded TP Android_PVRTCTargetPlatform
[2017.07.19-23.51.52:186][  0]LogTemp:Display: Loaded TP HTML5TargetPlatform
[2017.07.19-23.51.52:307][  0]LogTemp:Display: Loaded TP IOSTargetPlatform
[2017.07.19-23.51.52:350][  0]LogTemp:Display: Loaded TP TVOSTargetPlatform
[2017.07.19-23.51.52:429][  0]LogTemp:Display: Loaded TP LinuxClientTargetPlatform
[2017.07.19-23.51.52:506][  0]LogTemp:Display: Loaded TP LinuxNoEditorTargetPlatform
[2017.07.19-23.51.52:581][  0]LogTemp:Display: Loaded TP LinuxServerTargetPlatform
[2017.07.19-23.51.52:652][  0]LogTemp:Display: Loaded TP LinuxTargetPlatform
[2017.07.19-23.51.52:652][  0]LogTargetPlatformManager:Display: Building Assets For Windows
[2017.07.19-23.51.53:282][  0]LogDerivedDataCache:Display: Max Cache Size: 512 MB
[2017.07.19-23.51.53:329][  0]LogDerivedDataCache: Loaded boot cache 0.05s 50MB C:/Users/s171611/AppData/Local/UnrealEngine/4.15/DerivedDataCache/Boot.ddc.
[2017.07.19-23.51.53:329][  0]LogDerivedDataCache:Display: Loaded Boot cache: C:/Users/s171611/AppData/Local/UnrealEngine/4.15/DerivedDataCache/Boot.ddc
[2017.07.19-23.51.53:330][  0]LogDerivedDataCache: FDerivedDataBackendGraph:  Pak pak cache file ../../../../../../Users/s171611/Documents/GameJam72/Elasticity/Elasticity/DerivedDataCache/DDC.ddp not found, will not use a pak cache.
[2017.07.19-23.51.53:330][  0]LogDerivedDataCache: Unable to find inner node Pak for hierarchical cache Hierarchy.
[2017.07.19-23.51.53:330][  0]LogDerivedDataCache: FDerivedDataBackendGraph:  CompressedPak pak cache file ../../../../../../Users/s171611/Documents/GameJam72/Elasticity/Elasticity/DerivedDataCache/Compressed.ddp not found, will not use a pak cache.
[2017.07.19-23.51.53:330][  0]LogDerivedDataCache: Unable to find inner node CompressedPak for hierarchical cache Hierarchy.
[2017.07.19-23.51.53:349][  0]LogDerivedDataCache:Display: Pak cache opened for reading ../../../Engine/DerivedDataCache/Compressed.ddp.
[2017.07.19-23.51.53:361][  0]LogDerivedDataCache: Using Local data cache path C:/Users/s171611/AppData/Local/UnrealEngine/Common/DerivedDataCache: Writable
[2017.07.19-23.51.53:370][  0]LogSlate: Using Freetype 2.6.0
[2017.07.19-23.51.53:371][  0]LogSlate: SlateFontCache - WITH_FREETYPE: 1, WITH_HARFBUZZ: 1
[2017.07.19-23.51.53:371][  0]LogSlate: SlateFontCache - WITH_FREETYPE: 1, WITH_HARFBUZZ: 1
[2017.07.19-23.51.53:774][  0]LogInit: Selected Device Profile: [Windows]
[2017.07.19-23.51.53:778][  0]LogContentStreaming: Texture pool size is 0.00 MB
[2017.07.19-23.51.54:064][  0]LogMeshUtilities: Using QuadricMeshReduction for automatic static mesh reduction
[2017.07.19-23.51.54:128][  0]LogSimplygon: Simplygon DLL not present - disabling.
[2017.07.19-23.51.54:186][  0]LogMeshUtilities: Using SimplygonSwarm for distributed automatic mesh merging
[2017.07.19-23.51.54:186][  0]LogMeshUtilities: No automatic skeletal mesh reduction module available
[2017.07.19-23.51.54:186][  0]LogMeshUtilities: No automatic mesh merging module available
[2017.07.19-23.51.54:838][  0]LogNetVersion: GetLocalNetworkVersion: CL: 3299760, ProjectName: elasticity, ProjectVersion: , EngineNetworkVersion: 2, GameNetworkVersion: 0, NetworkChecksum: 785609284
[2017.07.19-23.51.54:892][  0]LogAssetRegistry: FAssetRegistry took 0.0198 seconds to start up
[2017.07.19-23.51.54:968][  0]LogPackageLocalizationCache: Processed 3 localized package path(s) for 2 prioritized culture(s) in 0.036628 seconds
[2017.07.19-23.51.54:973][  0]LogUObjectArray: 32493 objects as part of root set at end of initial load.
[2017.07.19-23.51.54:973][  0]LogUObjectAllocator: 7077032 out of 0 bytes used by permanent object pool.
[2017.07.19-23.51.54:973][  0]LogUObjectArray: CloseDisregardForGC: 0/0 objects in disregard for GC pool
[2017.07.19-23.51.55:084][  0]LogInit: WinSock: version 1.1 (2.2), MaxSocks=32767, MaxUdp=65467
[2017.07.19-23.51.57:569][  0]LogTcpMessaging: Initializing TcpMessaging bridge
[2017.07.19-23.51.57:637][  0]LogUdpMessaging: Initializing bridge on interface 0.0.0.0:0 to multicast group 230.0.0.1:6666.
[2017.07.19-23.51.58:208][  0]LogMaterial: Uniform references updated for custom material expression Custom.
[2017.07.19-23.51.58:701][  0]SourceControl: Info Source control is disabled
[2017.07.19-23.51.58:730][  0]SourceControl: Info Source control is disabled
[2017.07.19-23.51.58:794][  0]SourceControl: Info Source control is disabled
[2017.07.19-23.51.58:853][  0]SourceControl: Info Source control is disabled
[2017.07.19-23.52.00:382][  0]LogEngine: Initializing Engine...
[2017.07.19-23.52.00:383][  0]LogHMD: Failed to initialize OpenVR with code 110
[2017.07.19-23.52.00:663][  0]LogAIModule: Creating AISystem for world Untitled
[2017.07.19-23.52.00:674][  0]LogInit: XAudio2 using 'Digital Audio (S/PDIF) (High Definition Audio Device)' : 2 channels at 44.1 kHz using 16 bits per sample (channel mask 0x3)
[2017.07.19-23.52.00:697][  0]LogInit: FAudioDevice initialized.
[2017.07.19-23.52.00:724][  0]LogDerivedDataCache: Saved boot cache 0.03s 50MB C:/Users/s171611/AppData/Local/UnrealEngine/4.15/DerivedDataCache/Boot.ddc.
[2017.07.19-23.52.00:730][  0]LogInit: Texture streaming: Enabled
[2017.07.19-23.52.00:849][  0]LogEngineSessionManager: EngineSessionManager initialized
[2017.07.19-23.52.00:968][  0]LogInit: Transaction tracking system initialized
[2017.07.19-23.52.01:464][  0]BlueprintLog: New page: Editor Load
[2017.07.19-23.52.05:992][  0]LocalizationService: Info Localization service is disabled
[2017.07.19-23.52.07:371][  0]LogConsoleResponse:Display: 
[2017.07.19-23.52.07:545][  0]LogFileCache: Scanning file cache for directory 'C:/Users/s171611/Documents/GameJam72/Elasticity/Elasticity/Content/' took 0.01s
[2017.07.19-23.52.07:545][  0]LogCook:Display: Max memory allowance for cook 16384mb min free memory 0mb
[2017.07.19-23.52.07:545][  0]LogCook:Display: Mobile HDR setting 1
[2017.07.19-23.52.09:549][  0]SourceControl: Info Source control is disabled
[2017.07.19-23.52.09:550][  0]LogFactory: FactoryCreateFile: PackFactory with PackFactory (0 0 C:/Program Files/Epic Games/UE_4.15/FeaturePacks/StarterContent.upack)
[2017.07.19-23.52.09:557][  0]LogPackFactory: Finished extracting 8 files (including 0 errors).
[2017.07.19-23.52.09:559][  0]LogPackFactory: Copied "../../../Samples/StarterContent/Content/StarterContent/Architecture/Floor_400x400.uasset" to "../../../../../../Users/s171611/Documents/GameJam72/Elasticity/Elasticity/Content/StarterContent/Architecture/Floor_400x400.uasset"
[2017.07.19-23.52.09:561][  0]LogPackFactory: Copied "../../../Samples/StarterContent/Content/StarterContent/Architecture/Pillar_50x500.uasset" to "../../../../../../Users/s171611/Documents/GameJam72/Elasticity/Elasticity/Content/StarterContent/Architecture/Pillar_50x500.uasset"
[2017.07.19-23.52.09:563][  0]LogPackFactory: Copied "../../../Samples/StarterContent/Content/StarterContent/Architecture/SM_AssetPlatform.uasset" to "../../../../../../Users/s171611/Documents/GameJam72/Elasticity/Elasticity/Content/StarterContent/Architecture/SM_AssetPlatform.uasset"
[2017.07.19-23.52.09:564][  0]LogPackFactory: Copied "../../../Samples/StarterContent/Content/StarterContent/Architecture/Wall_400x200.uasset" to "../../../../../../Users/s171611/Documents/GameJam72/Elasticity/Elasticity/Content/StarterContent/Architecture/Wall_400x200.uasset"
[2017.07.19-23.52.09:566][  0]LogPackFactory: Copied "../../../Samples/StarterContent/Content/StarterContent/Architecture/Wall_400x300.uasset" to "../../../../../../Users/s171611/Documents/GameJam72/Elasticity/Elasticity/Content/StarterContent/Architecture/Wall_400x300.uasset"
[2017.07.19-23.52.09:568][  0]LogPackFactory: Copied "../../../Samples/StarterContent/Content/StarterContent/Architecture/Wall_400x400.uasset" to "../../../../../../Users/s171611/Documents/GameJam72/Elasticity/Elasticity/Content/StarterContent/Architecture/Wall_400x400.uasset"
[2017.07.19-23.52.09:569][  0]LogPackFactory: Copied "../../../Samples/StarterContent/Content/StarterContent/Architecture/Wall_500x500.uasset" to "../../../../../../Users/s171611/Documents/GameJam72/Elasticity/Elasticity/Content/StarterContent/Architecture/Wall_500x500.uasset"
[2017.07.19-23.52.09:571][  0]LogPackFactory: Copied "../../../Samples/StarterContent/Content/StarterContent/Architecture/Wall_Door_400x300.uasset" to "../../../../../../Users/s171611/Documents/GameJam72/Elasticity/Elasticity/Content/StarterContent/Architecture/Wall_Door_400x300.uasset"
[2017.07.19-23.52.09:572][  0]LogPackFactory: Copied "../../../Samples/StarterContent/Content/StarterContent/Architecture/Wall_Door_400x400.uasset" to "../../../../../../Users/s171611/Documents/GameJam72/Elasticity/Elasticity/Content/StarterContent/Architecture/Wall_Door_400x400.uasset"
[2017.07.19-23.52.09:574][  0]LogPackFactory: Copied "../../../Samples/StarterContent/Content/StarterContent/Architecture/Wall_Window_400x300.uasset" to "../../../../../../Users/s171611/Documents/GameJam72/Elasticity/Elasticity/Content/StarterContent/Architecture/Wall_Window_400x300.uasset"
[2017.07.19-23.52.09:575][  0]LogPackFactory: Copied "../../../Samples/StarterContent/Content/StarterContent/Architecture/Wall_Window_400x400.uasset" to "../../../../../../Users/s171611/Documents/GameJam72/Elasticity/Elasticity/Content/StarterContent/Architecture/Wall_Window_400x400.uasset"
[2017.07.19-23.52.09:577][  0]LogPackFactory: Copied "../../../Samples/StarterContent/Content/StarterContent/Audio/Collapse01.uasset" to "../../../../../../Users/s171611/Documents/GameJam72/Elasticity/Elasticity/Content/StarterContent/Audio/Collapse01.uasset"
[2017.07.19-23.52.09:578][  0]LogPackFactory: Copied "../../../Samples/StarterContent/Content/StarterContent/Audio/Collapse02.uasset" to "../../../../../../Users/s171611/Documents/GameJam72/Elasticity/Elasticity/Content/StarterContent/Audio/Collapse02.uasset"
[2017.07.19-23.52.09:580][  0]LogPackFactory: Copied "../../../Samples/StarterContent/Content/StarterContent/Audio/Collapse_Cue.uasset" to "../../../../../../Users/s171611/Documents/GameJam72/Elasticity/Elasticity/Content/StarterContent/Audio/Collapse_Cue.uasset"
[2017.07.19-23.52.09:582][  0]LogPackFactory: Copied "../../../Samples/StarterContent/Content/StarterContent/Audio/Explosion01.uasset" to "../../../../../../Users/s171611/Documents/GameJam72/Elasticity/Elasticity/Content/StarterContent/Audio/Explosion01.uasset"
[2017.07.19-23.52.09:584][  0]LogPackFactory: Copied "../../../Samples/StarterContent/Content/StarterContent/Audio/Explosion02.uasset" to "../../../../../../Users/s171611/Documents/GameJam72/Elasticity/Elasticity/Content/StarterContent/Audio/Explosion02.uasset"
[2017.07.19-23.52.09:585][  0]LogPackFactory: Copied "../../../Samples/StarterContent/Content/StarterContent/Audio/Explosion_Cue.uasset" to "../../../../../../Users/s171611/Documents/GameJam72/Elasticity/Elasticity/Content/StarterContent/Audio/Explosion_Cue.uasset"
[2017.07.19-23.52.09:587][  0]LogPackFactory: Copied "../../../Samples/StarterContent/Content/StarterContent/Audio/Fire01.uasset" to "../../../../../../Users/s171611/Documents/GameJam72/Elasticity/Elasticity/Content/StarterContent/Audio/Fire01.uasset"
[2017.07.19-23.52.09:589][  0]LogPackFactory: Copied "../../../Samples/StarterContent/Content/StarterContent/Audio/Fire01_Cue.uasset" to "../../../../../../Users/s171611/Documents/GameJam72/Elasticity/Elasticity/Content/StarterContent/Audio/Fire01_Cue.uasset"
[2017.07.19-23.52.09:592][  0]LogPackFactory: Copied "../../../Samples/StarterContent/Content/StarterContent/Audio/Fire_Sparks01.uasset" to "../../../../../../Users/s171611/Documents/GameJam72/Elasticity/Elasticity/Content/StarterContent/Audio/Fire_Sparks01.uasset"
[2017.07.19-23.52.09:594][  0]LogPackFactory: Copied "../../../Samples/StarterContent/Content/StarterContent/Audio/Fire_Sparks01_Cue.uasset" to "../../../../../../Users/s171611/Documents/GameJam72/Elasticity/Elasticity/Content/StarterContent/Audio/Fire_Sparks01_Cue.uasset"
[2017.07.19-23.52.09:595][  0]LogPackFactory: Copied "../../../Samples/StarterContent/Content/StarterContent/Audio/Light01.uasset" to "../../../../../../Users/s171611/Documents/GameJam72/Elasticity/Elasticity/Content/StarterContent/Audio/Light01.uasset"
[2017.07.19-23.52.09:597][  0]LogPackFactory: Copied "../../../Samples/StarterContent/Content/StarterContent/Audio/Light01_Cue.uasset" to "../../../../../../Users/s171611/Documents/GameJam72/Elasticity/Elasticity/Content/StarterContent/Audio/Light01_Cue.uasset"
[2017.07.19-23.52.09:600][  0]LogPackFactory: Copied "../../../Samples/StarterContent/Content/StarterContent/Audio/Light02.uasset" to "../../../../../../Users/s171611/Documents/GameJam72/Elasticity/Elasticity/Content/StarterContent/Audio/Light02.uasset"
[2017.07.19-23.52.09:601][  0]LogPackFactory: Copied "../../../Samples/StarterContent/Content/StarterContent/Audio/Light02_Cue.uasset" to "../../../../../../Users/s171611/Documents/GameJam72/Elasticity/Elasticity/Content/StarterContent/Audio/Light02_Cue.uasset"
[2017.07.19-23.52.09:604][  0]LogPackFactory: Copied "../../../Samples/StarterContent/Content/StarterContent/Audio/Smoke01.uasset" to "../../../../../../Users/s171611/Documents/GameJam72/Elasticity/Elasticity/Content/StarterContent/Audio/Smoke01.uasset"
[2017.07.19-23.52.09:606][  0]LogPackFactory: Copied "../../../Samples/StarterContent/Content/StarterContent/Audio/Smoke01_Cue.uasset" to "../../../../../../Users/s171611/Documents/GameJam72/Elasticity/Elasticity/Content/StarterContent/Audio/Smoke01_Cue.uasset"
[2017.07.19-23.52.09:607][  0]LogPackFactory: Copied "../../../Samples/StarterContent/Content/StarterContent/Audio/Starter_Background_Cue.uasset" to "../../../../../../Users/s171611/Documents/GameJam72/Elasticity/Elasticity/Content/StarterContent/Audio/Starter_Background_Cue.uasset"
[2017.07.19-23.52.09:612][  0]LogPackFactory: Copied "../../../Samples/StarterContent/Content/StarterContent/Audio/Starter_Birds01.uasset" to "../../../../../../Users/s171611/Documents/GameJam72/Elasticity/Elasticity/Content/StarterContent/Audio/Starter_Birds01.uasset"
[2017.07.19-23.52.09:619][  0]LogPackFactory: Copied "../../../Samples/StarterContent/Content/StarterContent/Audio/Starter_Music01.uasset" to "../../../../../../Users/s171611/Documents/GameJam72/Elasticity/Elasticity/Content/StarterContent/Audio/Starter_Music01.uasset"
[2017.07.19-23.52.09:620][  0]LogPackFactory: Copied "../../../Samples/StarterContent/Content/StarterContent/Audio/Starter_Music_Cue.uasset" to "../../../../../../Users/s171611/Documents/GameJam72/Elasticity/Elasticity/Content/StarterContent/Audio/Starter_Music_Cue.uasset"
[2017.07.19-23.52.09:623][  0]LogPackFactory: Copied "../../../Samples/StarterContent/Content/StarterContent/Audio/Starter_Wind05.uasset" to "../../../../../../Users/s171611/Documents/GameJam72/Elasticity/Elasticity/Content/StarterContent/Audio/Starter_Wind05.uasset"
[2017.07.19-23.52.09:627][  0]LogPackFactory: Copied "../../../Samples/StarterContent/Content/StarterContent/Audio/Starter_Wind06.uasset" to "../../../../../../Users/s171611/Documents/GameJam72/Elasticity/Elasticity/Content/StarterContent/Audio/Starter_Wind06.uasset"
[2017.07.19-23.52.09:630][  0]LogPackFactory: Copied "../../../Samples/StarterContent/Content/StarterContent/Audio/Steam01.uasset" to "../../../../../../Users/s171611/Documents/GameJam72/Elasticity/Elasticity/Content/StarterContent/Audio/Steam01.uasset"
[2017.07.19-23.52.09:631][  0]LogPackFactory: Copied "../../../Samples/StarterContent/Content/StarterContent/Audio/Steam01_Cue.uasset" to "../../../../../../Users/s171611/Documents/GameJam72/Elasticity/Elasticity/Content/StarterContent/Audio/Steam01_Cue.uasset"
[2017.07.19-23.52.09:633][  0]LogPackFactory: Copied "../../../Samples/StarterContent/Content/StarterContent/Blueprints/Blueprint_CeilingLight.uasset" to "../../../../../../Users/s171611/Documents/GameJam72/Elasticity/Elasticity/Content/StarterContent/Blueprints/Blueprint_CeilingLight.uasset"
[2017.07.19-23.52.09:635][  0]LogPackFactory: Copied "../../../Samples/StarterContent/Content/StarterContent/Blueprints/Blueprint_Effect_Explosion.uasset" to "../../../../../../Users/s171611/Documents/GameJam72/Elasticity/Elasticity/Content/StarterContent/Blueprints/Blueprint_Effect_Explosion.uasset"
[2017.07.19-23.52.09:636][  0]LogPackFactory: Copied "../../../Samples/StarterContent/Content/StarterContent/Blueprints/Blueprint_Effect_Fire.uasset" to "../../../../../../Users/s171611/Documents/GameJam72/Elasticity/Elasticity/Content/StarterContent/Blueprints/Blueprint_Effect_Fire.uasset"
[2017.07.19-23.52.09:638][  0]LogPackFactory: Copied "../../../Samples/StarterContent/Content/StarterContent/Blueprints/Blueprint_Effect_Smoke.uasset" to "../../../../../../Users/s171611/Documents/GameJam72/Elasticity/Elasticity/Content/StarterContent/Blueprints/Blueprint_Effect_Smoke.uasset"
[2017.07.19-23.52.09:639][  0]LogPackFactory: Copied "../../../Samples/StarterContent/Content/StarterContent/Blueprints/Blueprint_Effect_Sparks.uasset" to "../../../../../../Users/s171611/Documents/GameJam72/Elasticity/Elasticity/Content/StarterContent/Blueprints/Blueprint_Effect_Sparks.uasset"
[2017.07.19-23.52.09:640][  0]LogPackFactory: Copied "../../../Samples/StarterContent/Content/StarterContent/Blueprints/Blueprint_Effect_Steam.uasset" to "../../../../../../Users/s171611/Documents/GameJam72/Elasticity/Elasticity/Content/StarterContent/Blueprints/Blueprint_Effect_Steam.uasset"
[2017.07.19-23.52.09:642][  0]LogPackFactory: Copied "../../../Samples/StarterContent/Content/StarterContent/Blueprints/Blueprint_WallSconce.uasset" to "../../../../../../Users/s171611/Documents/GameJam72/Elasticity/Elasticity/Content/StarterContent/Blueprints/Blueprint_WallSconce.uasset"
[2017.07.19-23.52.09:643][  0]LogPackFactory: Copied "../../../Samples/StarterContent/Content/StarterContent/Blueprints/BP_LightStudio.uasset" to "../../../../../../Users/s171611/Documents/GameJam72/Elasticity/Elasticity/Content/StarterContent/Blueprints/BP_LightStudio.uasset"
[2017.07.19-23.52.09:645][  0]LogPackFactory: Copied "../../../Samples/StarterContent/Content/StarterContent/Blueprints/Assets/FogBrightnessLUT.uasset" to "../../../../../../Users/s171611/Documents/GameJam72/Elasticity/Elasticity/Content/StarterContent/Blueprints/Assets/FogBrightnessLUT.uasset"
[2017.07.19-23.52.09:646][  0]LogPackFactory: Copied "../../../Samples/StarterContent/Content/StarterContent/Blueprints/Assets/M_LightStage_Arrows.uasset" to "../../../../../../Users/s171611/Documents/GameJam72/Elasticity/Elasticity/Content/StarterContent/Blueprints/Assets/M_LightStage_Arrows.uasset"
[2017.07.19-23.52.09:648][  0]LogPackFactory: Copied "../../../Samples/StarterContent/Content/StarterContent/Blueprints/Assets/M_LightStage_Skybox_Black.uasset" to "../../../../../../Users/s171611/Documents/GameJam72/Elasticity/Elasticity/Content/StarterContent/Blueprints/Assets/M_LightStage_Skybox_Black.uasset"
[2017.07.19-23.52.09:650][  0]LogPackFactory: Copied "../../../Samples/StarterContent/Content/StarterContent/Blueprints/Assets/M_LightStage_Skybox_HDRI.uasset" to "../../../../../../Users/s171611/Documents/GameJam72/Elasticity/Elasticity/Content/StarterContent/Blueprints/Assets/M_LightStage_Skybox_HDRI.uasset"
[2017.07.19-23.52.09:652][  0]LogPackFactory: Copied "../../../Samples/StarterContent/Content/StarterContent/Blueprints/Assets/M_LightStage_Skybox_Master.uasset" to "../../../../../../Users/s171611/Documents/GameJam72/Elasticity/Elasticity/Content/StarterContent/Blueprints/Assets/M_LightStage_Skybox_Master.uasset"
[2017.07.19-23.52.09:654][  0]LogPackFactory: Copied "../../../Samples/StarterContent/Content/StarterContent/Blueprints/Assets/Skybox.uasset" to "../../../../../../Users/s171611/Documents/GameJam72/Elasticity/Elasticity/Content/StarterContent/Blueprints/Assets/Skybox.uasset"
[2017.07.19-23.52.09:656][  0]LogPackFactory: Copied "../../../Samples/StarterContent/Content/StarterContent/Blueprints/Assets/SM_Arrows.uasset" to "../../../../../../Users/s171611/Documents/GameJam72/Elasticity/Elasticity/Content/StarterContent/Blueprints/Assets/SM_Arrows.uasset"
[2017.07.19-23.52.09:658][  0]LogPackFactory: Copied "../../../Samples/StarterContent/Content/StarterContent/Blueprints/Assets/SunlightColorLUT.uasset" to "../../../../../../Users/s171611/Documents/GameJam72/Elasticity/Elasticity/Content/StarterContent/Blueprints/Assets/SunlightColorLUT.uasset"
[2017.07.19-23.52.09:709][  0]LogPackFactory: Copied "../../../Samples/StarterContent/Content/StarterContent/HDRI/HDRI_Epic_Courtyard_Daylight.uasset" to "../../../../../../Users/s171611/Documents/GameJam72/Elasticity/Elasticity/Content/StarterContent/HDRI/HDRI_Epic_Courtyard_Daylight.uasset"
[2017.07.19-23.52.09:711][  0]LogPackFactory: Copied "../../../Samples/StarterContent/Content/StarterContent/Maps/Advanced_Lighting.umap" to "../../../../../../Users/s171611/Documents/GameJam72/Elasticity/Elasticity/Content/StarterContent/Maps/Advanced_Lighting.umap"
[2017.07.19-23.52.09:713][  0]LogPackFactory: Copied "../../../Samples/StarterContent/Content/StarterContent/Maps/Advanced_Lighting_BuiltData.uasset" to "../../../../../../Users/s171611/Documents/GameJam72/Elasticity/Elasticity/Content/StarterContent/Maps/Advanced_Lighting_BuiltData.uasset"
[2017.07.19-23.52.09:716][  0]LogPackFactory: Copied "../../../Samples/StarterContent/Content/StarterContent/Maps/Minimal_Default.umap" to "../../../../../../Users/s171611/Documents/GameJam72/Elasticity/Elasticity/Content/StarterContent/Maps/Minimal_Default.umap"
[2017.07.19-23.52.09:719][  0]LogPackFactory: Copied "../../../Samples/StarterContent/Content/StarterContent/Maps/Minimal_Default_BuiltData.uasset" to "../../../../../../Users/s171611/Documents/GameJam72/Elasticity/Elasticity/Content/StarterContent/Maps/Minimal_Default_BuiltData.uasset"
[2017.07.19-23.52.09:725][  0]LogPackFactory: Copied "../../../Samples/StarterContent/Content/StarterContent/Maps/StarterMap.umap" to "../../../../../../Users/s171611/Documents/GameJam72/Elasticity/Elasticity/Content/StarterContent/Maps/StarterMap.umap"
[2017.07.19-23.52.09:736][  0]LogPackFactory: Copied "../../../Samples/StarterContent/Content/StarterContent/Maps/StarterMap_BuiltData.uasset" to "../../../../../../Users/s171611/Documents/GameJam72/Elasticity/Elasticity/Content/StarterContent/Maps/StarterMap_BuiltData.uasset"
[2017.07.19-23.52.09:738][  0]LogPackFactory: Copied "../../../Samples/StarterContent/Content/StarterContent/Materials/M_AssetPlatform.uasset" to "../../../../../../Users/s171611/Documents/GameJam72/Elasticity/Elasticity/Content/StarterContent/Materials/M_AssetPlatform.uasset"
[2017.07.19-23.52.09:740][  0]LogPackFactory: Copied "../../../Samples/StarterContent/Content/StarterContent/Materials/M_Basic_Floor.uasset" to "../../../../../../Users/s171611/Documents/GameJam72/Elasticity/Elasticity/Content/StarterContent/Materials/M_Basic_Floor.uasset"
[2017.07.19-23.52.09:743][  0]LogPackFactory: Copied "../../../Samples/StarterContent/Content/StarterContent/Materials/M_Basic_Wall.uasset" to "../../../../../../Users/s171611/Documents/GameJam72/Elasticity/Elasticity/Content/StarterContent/Materials/M_Basic_Wall.uasset"
[2017.07.19-23.52.09:744][  0]LogPackFactory: Copied "../../../Samples/StarterContent/Content/StarterContent/Materials/M_Brick_Clay_Beveled.uasset" to "../../../../../../Users/s171611/Documents/GameJam72/Elasticity/Elasticity/Content/StarterContent/Materials/M_Brick_Clay_Beveled.uasset"
[2017.07.19-23.52.09:746][  0]LogPackFactory: Copied "../../../Samples/StarterContent/Content/StarterContent/Materials/M_Brick_Clay_New.uasset" to "../../../../../../Users/s171611/Documents/GameJam72/Elasticity/Elasticity/Content/StarterContent/Materials/M_Brick_Clay_New.uasset"
[2017.07.19-23.52.09:749][  0]LogPackFactory: Copied "../../../Samples/StarterContent/Content/StarterContent/Materials/M_Brick_Clay_Old.uasset" to "../../../../../../Users/s171611/Documents/GameJam72/Elasticity/Elasticity/Content/StarterContent/Materials/M_Brick_Clay_Old.uasset"
[2017.07.19-23.52.09:750][  0]LogPackFactory: Copied "../../../Samples/StarterContent/Content/StarterContent/Materials/M_Brick_Cut_Stone.uasset" to "../../../../../../Users/s171611/Documents/GameJam72/Elasticity/Elasticity/Content/StarterContent/Materials/M_Brick_Cut_Stone.uasset"
[2017.07.19-23.52.09:752][  0]LogPackFactory: Copied "../../../Samples/StarterContent/Content/StarterContent/Materials/M_Brick_Hewn_Stone.uasset" to "../../../../../../Users/s171611/Documents/GameJam72/Elasticity/Elasticity/Content/StarterContent/Materials/M_Brick_Hewn_Stone.uasset"
[2017.07.19-23.52.09:754][  0]LogPackFactory: Copied "../../../Samples/StarterContent/Content/StarterContent/Materials/M_Ceramic_Tile_Checker.uasset" to "../../../../../../Users/s171611/Documents/GameJam72/Elasticity/Elasticity/Content/StarterContent/Materials/M_Ceramic_Tile_Checker.uasset"
[2017.07.19-23.52.09:756][  0]LogPackFactory: Copied "../../../Samples/StarterContent/Content/StarterContent/Materials/M_CobbleStone_Pebble.uasset" to "../../../../../../Users/s171611/Documents/GameJam72/Elasticity/Elasticity/Content/StarterContent/Materials/M_CobbleStone_Pebble.uasset"
[2017.07.19-23.52.09:757][  0]LogPackFactory: Copied "../../../Samples/StarterContent/Content/StarterContent/Materials/M_CobbleStone_Rough.uasset" to "../../../../../../Users/s171611/Documents/GameJam72/Elasticity/Elasticity/Content/StarterContent/Materials/M_CobbleStone_Rough.uasset"
[2017.07.19-23.52.09:760][  0]LogPackFactory: Copied "../../../Samples/StarterContent/Content/StarterContent/Materials/M_CobbleStone_Smooth.uasset" to "../../../../../../Users/s171611/Documents/GameJam72/Elasticity/Elasticity/Content/StarterContent/Materials/M_CobbleStone_Smooth.uasset"
[2017.07.19-23.52.09:762][  0]LogPackFactory: Copied "../../../Samples/StarterContent/Content/StarterContent/Materials/M_ColorGrid_LowSpec.uasset" to "../../../../../../Users/s171611/Documents/GameJam72/Elasticity/Elasticity/Content/StarterContent/Materials/M_ColorGrid_LowSpec.uasset"
[2017.07.19-23.52.09:763][  0]LogPackFactory: Copied "../../../Samples/StarterContent/Content/StarterContent/Materials/M_Concrete_Grime.uasset" to "../../../../../../Users/s171611/Documents/GameJam72/Elasticity/Elasticity/Content/StarterContent/Materials/M_Concrete_Grime.uasset"
[2017.07.19-23.52.09:765][  0]LogPackFactory: Copied "../../../Samples/StarterContent/Content/StarterContent/Materials/M_Concrete_Panels.uasset" to "../../../../../../Users/s171611/Documents/GameJam72/Elasticity/Elasticity/Content/StarterContent/Materials/M_Concrete_Panels.uasset"
[2017.07.19-23.52.09:767][  0]LogPackFactory: Copied "../../../Samples/StarterContent/Content/StarterContent/Materials/M_Concrete_Poured.uasset" to "../../../../../../Users/s171611/Documents/GameJam72/Elasticity/Elasticity/Content/StarterContent/Materials/M_Concrete_Poured.uasset"
[2017.07.19-23.52.09:769][  0]LogPackFactory: Copied "../../../Samples/StarterContent/Content/StarterContent/Materials/M_Concrete_Tiles.uasset" to "../../../../../../Users/s171611/Documents/GameJam72/Elasticity/Elasticity/Content/StarterContent/Materials/M_Concrete_Tiles.uasset"
[2017.07.19-23.52.09:770][  0]LogPackFactory: Copied "../../../Samples/StarterContent/Content/StarterContent/Materials/M_Glass.uasset" to "../../../../../../Users/s171611/Documents/GameJam72/Elasticity/Elasticity/Content/StarterContent/Materials/M_Glass.uasset"
[2017.07.19-23.52.09:772][  0]LogPackFactory: Copied "../../../Samples/StarterContent/Content/StarterContent/Materials/M_Ground_Grass.uasset" to "../../../../../../Users/s171611/Documents/GameJam72/Elasticity/Elasticity/Content/StarterContent/Materials/M_Ground_Grass.uasset"
[2017.07.19-23.52.09:773][  0]LogPackFactory: Copied "../../../Samples/StarterContent/Content/StarterContent/Materials/M_Ground_Gravel.uasset" to "../../../../../../Users/s171611/Documents/GameJam72/Elasticity/Elasticity/Content/StarterContent/Materials/M_Ground_Gravel.uasset"
[2017.07.19-23.52.09:776][  0]LogPackFactory: Copied "../../../Samples/StarterContent/Content/StarterContent/Materials/M_Ground_Moss.uasset" to "../../../../../../Users/s171611/Documents/GameJam72/Elasticity/Elasticity/Content/StarterContent/Materials/M_Ground_Moss.uasset"
[2017.07.19-23.52.09:778][  0]LogPackFactory: Copied "../../../Samples/StarterContent/Content/StarterContent/Materials/M_Metal_Brushed_Nickel.uasset" to "../../../../../../Users/s171611/Documents/GameJam72/Elasticity/Elasticity/Content/StarterContent/Materials/M_Metal_Brushed_Nickel.uasset"
[2017.07.19-23.52.09:780][  0]LogPackFactory: Copied "../../../Samples/StarterContent/Content/StarterContent/Materials/M_Metal_Burnished_Steel.uasset" to "../../../../../../Users/s171611/Documents/GameJam72/Elasticity/Elasticity/Content/StarterContent/Materials/M_Metal_Burnished_Steel.uasset"
[2017.07.19-23.52.09:782][  0]LogPackFactory: Copied "../../../Samples/StarterContent/Content/StarterContent/Materials/M_Metal_Chrome.uasset" to "../../../../../../Users/s171611/Documents/GameJam72/Elasticity/Elasticity/Content/StarterContent/Materials/M_Metal_Chrome.uasset"
[2017.07.19-23.52.09:784][  0]LogPackFactory: Copied "../../../Samples/StarterContent/Content/StarterContent/Materials/M_Metal_Copper.uasset" to "../../../../../../Users/s171611/Documents/GameJam72/Elasticity/Elasticity/Content/StarterContent/Materials/M_Metal_Copper.uasset"
[2017.07.19-23.52.09:786][  0]LogPackFactory: Copied "../../../Samples/StarterContent/Content/StarterContent/Materials/M_Metal_Gold.uasset" to "../../../../../../Users/s171611/Documents/GameJam72/Elasticity/Elasticity/Content/StarterContent/Materials/M_Metal_Gold.uasset"
[2017.07.19-23.52.09:788][  0]LogPackFactory: Copied "../../../Samples/StarterContent/Content/StarterContent/Materials/M_Metal_Rust.uasset" to "../../../../../../Users/s171611/Documents/GameJam72/Elasticity/Elasticity/Content/StarterContent/Materials/M_Metal_Rust.uasset"
[2017.07.19-23.52.09:790][  0]LogPackFactory: Copied "../../../Samples/StarterContent/Content/StarterContent/Materials/M_Metal_Steel.uasset" to "../../../../../../Users/s171611/Documents/GameJam72/Elasticity/Elasticity/Content/StarterContent/Materials/M_Metal_Steel.uasset"
[2017.07.19-23.52.09:791][  0]LogPackFactory: Copied "../../../Samples/StarterContent/Content/StarterContent/Materials/M_Rock_Basalt.uasset" to "../../../../../../Users/s171611/Documents/GameJam72/Elasticity/Elasticity/Content/StarterContent/Materials/M_Rock_Basalt.uasset"
[2017.07.19-23.52.09:794][  0]LogPackFactory: Copied "../../../Samples/StarterContent/Content/StarterContent/Materials/M_Rock_Marble_Polished.uasset" to "../../../../../../Users/s171611/Documents/GameJam72/Elasticity/Elasticity/Content/StarterContent/Materials/M_Rock_Marble_Polished.uasset"
[2017.07.19-23.52.09:795][  0]LogPackFactory: Copied "../../../Samples/StarterContent/Content/StarterContent/Materials/M_Rock_Sandstone.uasset" to "../../../../../../Users/s171611/Documents/GameJam72/Elasticity/Elasticity/Content/StarterContent/Materials/M_Rock_Sandstone.uasset"
[2017.07.19-23.52.09:798][  0]LogPackFactory: Copied "../../../Samples/StarterContent/Content/StarterContent/Materials/M_Rock_Slate.uasset" to "../../../../../../Users/s171611/Documents/GameJam72/Elasticity/Elasticity/Content/StarterContent/Materials/M_Rock_Slate.uasset"
[2017.07.19-23.52.09:799][  0]LogPackFactory: Copied "../../../Samples/StarterContent/Content/StarterContent/Materials/M_Tech_Checker_Dot.uasset" to "../../../../../../Users/s171611/Documents/GameJam72/Elasticity/Elasticity/Content/StarterContent/Materials/M_Tech_Checker_Dot.uasset"
[2017.07.19-23.52.09:801][  0]LogPackFactory: Copied "../../../Samples/StarterContent/Content/StarterContent/Materials/M_Tech_Hex_Tile.uasset" to "../../../../../../Users/s171611/Documents/GameJam72/Elasticity/Elasticity/Content/StarterContent/Materials/M_Tech_Hex_Tile.uasset"
[2017.07.19-23.52.09:803][  0]LogPackFactory: Copied "../../../Samples/StarterContent/Content/StarterContent/Materials/M_Tech_Hex_Tile_Pulse.uasset" to "../../../../../../Users/s171611/Documents/GameJam72/Elasticity/Elasticity/Content/StarterContent/Materials/M_Tech_Hex_Tile_Pulse.uasset"
[2017.07.19-23.52.09:805][  0]LogPackFactory: Copied "../../../Samples/StarterContent/Content/StarterContent/Materials/M_Tech_Panel.uasset" to "../../../../../../Users/s171611/Documents/GameJam72/Elasticity/Elasticity/Content/StarterContent/Materials/M_Tech_Panel.uasset"
[2017.07.19-23.52.09:806][  0]LogPackFactory: Copied "../../../Samples/StarterContent/Content/StarterContent/Materials/M_Water_Lake.uasset" to "../../../../../../Users/s171611/Documents/GameJam72/Elasticity/Elasticity/Content/StarterContent/Materials/M_Water_Lake.uasset"
[2017.07.19-23.52.09:808][  0]LogPackFactory: Copied "../../../Samples/StarterContent/Content/StarterContent/Materials/M_Water_Ocean.uasset" to "../../../../../../Users/s171611/Documents/GameJam72/Elasticity/Elasticity/Content/StarterContent/Materials/M_Water_Ocean.uasset"
[2017.07.19-23.52.09:809][  0]LogPackFactory: Copied "../../../Samples/StarterContent/Content/StarterContent/Materials/M_Wood_Floor_Walnut_Polished.uasset" to "../../../../../../Users/s171611/Documents/GameJam72/Elasticity/Elasticity/Content/StarterContent/Materials/M_Wood_Floor_Walnut_Polished.uasset"
[2017.07.19-23.52.09:811][  0]LogPackFactory: Copied "../../../Samples/StarterContent/Content/StarterContent/Materials/M_Wood_Floor_Walnut_Worn.uasset" to "../../../../../../Users/s171611/Documents/GameJam72/Elasticity/Elasticity/Content/StarterContent/Materials/M_Wood_Floor_Walnut_Worn.uasset"
[2017.07.19-23.52.09:812][  0]LogPackFactory: Copied "../../../Samples/StarterContent/Content/StarterContent/Materials/M_Wood_Oak.uasset" to "../../../../../../Users/s171611/Documents/GameJam72/Elasticity/Elasticity/Content/StarterContent/Materials/M_Wood_Oak.uasset"
[2017.07.19-23.52.09:814][  0]LogPackFactory: Copied "../../../Samples/StarterContent/Content/StarterContent/Materials/M_Wood_Pine.uasset" to "../../../../../../Users/s171611/Documents/GameJam72/Elasticity/Elasticity/Content/StarterContent/Materials/M_Wood_Pine.uasset"
[2017.07.19-23.52.09:816][  0]LogPackFactory: Copied "../../../Samples/StarterContent/Content/StarterContent/Materials/M_Wood_Walnut.uasset" to "../../../../../../Users/s171611/Documents/GameJam72/Elasticity/Elasticity/Content/StarterContent/Materials/M_Wood_Walnut.uasset"
[2017.07.19-23.52.09:817][  0]LogPackFactory: Copied "../../../Samples/StarterContent/Content/StarterContent/Particles/P_Ambient_Dust.uasset" to "../../../../../../Users/s171611/Documents/GameJam72/Elasticity/Elasticity/Content/StarterContent/Particles/P_Ambient_Dust.uasset"
[2017.07.19-23.52.09:819][  0]LogPackFactory: Copied "../../../Samples/StarterContent/Content/StarterContent/Particles/P_Explosion.uasset" to "../../../../../../Users/s171611/Documents/GameJam72/Elasticity/Elasticity/Content/StarterContent/Particles/P_Explosion.uasset"
[2017.07.19-23.52.09:821][  0]LogPackFactory: Copied "../../../Samples/StarterContent/Content/StarterContent/Particles/P_Fire.uasset" to "../../../../../../Users/s171611/Documents/GameJam72/Elasticity/Elasticity/Content/StarterContent/Particles/P_Fire.uasset"
[2017.07.19-23.52.09:823][  0]LogPackFactory: Copied "../../../Samples/StarterContent/Content/StarterContent/Particles/P_Smoke.uasset" to "../../../../../../Users/s171611/Documents/GameJam72/Elasticity/Elasticity/Content/StarterContent/Particles/P_Smoke.uasset"
[2017.07.19-23.52.09:824][  0]LogPackFactory: Copied "../../../Samples/StarterContent/Content/StarterContent/Particles/P_Sparks.uasset" to "../../../../../../Users/s171611/Documents/GameJam72/Elasticity/Elasticity/Content/StarterContent/Particles/P_Sparks.uasset"
[2017.07.19-23.52.09:826][  0]LogPackFactory: Copied "../../../Samples/StarterContent/Content/StarterContent/Particles/P_Steam_Lit.uasset" to "../../../../../../Users/s171611/Documents/GameJam72/Elasticity/Elasticity/Content/StarterContent/Particles/P_Steam_Lit.uasset"
[2017.07.19-23.52.09:828][  0]LogPackFactory: Copied "../../../Samples/StarterContent/Content/StarterContent/Particles/Materials/M_Burst.uasset" to "../../../../../../Users/s171611/Documents/GameJam72/Elasticity/Elasticity/Content/StarterContent/Particles/Materials/M_Burst.uasset"
[2017.07.19-23.52.09:830][  0]LogPackFactory: Copied "../../../Samples/StarterContent/Content/StarterContent/Particles/Materials/M_Dust_Particle.uasset" to "../../../../../../Users/s171611/Documents/GameJam72/Elasticity/Elasticity/Content/StarterContent/Particles/Materials/M_Dust_Particle.uasset"
[2017.07.19-23.52.09:832][  0]LogPackFactory: Copied "../../../Samples/StarterContent/Content/StarterContent/Particles/Materials/M_explosion_subUV.uasset" to "../../../../../../Users/s171611/Documents/GameJam72/Elasticity/Elasticity/Content/StarterContent/Particles/Materials/M_explosion_subUV.uasset"
[2017.07.19-23.52.09:833][  0]LogPackFactory: Copied "../../../Samples/StarterContent/Content/StarterContent/Particles/Materials/M_Fire_SubUV.uasset" to "../../../../../../Users/s171611/Documents/GameJam72/Elasticity/Elasticity/Content/StarterContent/Particles/Materials/M_Fire_SubUV.uasset"
[2017.07.19-23.52.09:836][  0]LogPackFactory: Copied "../../../Samples/StarterContent/Content/StarterContent/Particles/Materials/m_flare_01.uasset" to "../../../../../../Users/s171611/Documents/GameJam72/Elasticity/Elasticity/Content/StarterContent/Particles/Materials/m_flare_01.uasset"
[2017.07.19-23.52.09:838][  0]LogPackFactory: Copied "../../../Samples/StarterContent/Content/StarterContent/Particles/Materials/M_Heat_Distortion.uasset" to "../../../../../../Users/s171611/Documents/GameJam72/Elasticity/Elasticity/Content/StarterContent/Particles/Materials/M_Heat_Distortion.uasset"
[2017.07.19-23.52.09:839][  0]LogPackFactory: Copied "../../../Samples/StarterContent/Content/StarterContent/Particles/Materials/M_Radial_Gradient.uasset" to "../../../../../../Users/s171611/Documents/GameJam72/Elasticity/Elasticity/Content/StarterContent/Particles/Materials/M_Radial_Gradient.uasset"
[2017.07.19-23.52.09:842][  0]LogPackFactory: Copied "../../../Samples/StarterContent/Content/StarterContent/Particles/Materials/M_radial_ramp.uasset" to "../../../../../../Users/s171611/Documents/GameJam72/Elasticity/Elasticity/Content/StarterContent/Particles/Materials/M_radial_ramp.uasset"
[2017.07.19-23.52.09:844][  0]LogPackFactory: Copied "../../../Samples/StarterContent/Content/StarterContent/Particles/Materials/M_smoke_subUV.uasset" to "../../../../../../Users/s171611/Documents/GameJam72/Elasticity/Elasticity/Content/StarterContent/Particles/Materials/M_smoke_subUV.uasset"
[2017.07.19-23.52.09:845][  0]LogPackFactory: Copied "../../../Samples/StarterContent/Content/StarterContent/Particles/Materials/M_Spark.uasset" to "../../../../../../Users/s171611/Documents/GameJam72/Elasticity/Elasticity/Content/StarterContent/Particles/Materials/M_Spark.uasset"
[2017.07.19-23.52.09:847][  0]LogPackFactory: Copied "../../../Samples/StarterContent/Content/StarterContent/Props/MaterialSphere.uasset" to "../../../../../../Users/s171611/Documents/GameJam72/Elasticity/Elasticity/Content/StarterContent/Props/MaterialSphere.uasset"
[2017.07.19-23.52.09:849][  0]LogPackFactory: Copied "../../../Samples/StarterContent/Content/StarterContent/Props/SM_Bush.uasset" to "../../../../../../Users/s171611/Documents/GameJam72/Elasticity/Elasticity/Content/StarterContent/Props/SM_Bush.uasset"
[2017.07.19-23.52.09:852][  0]LogPackFactory: Copied "../../../Samples/StarterContent/Content/StarterContent/Props/SM_Chair.uasset" to "../../../../../../Users/s171611/Documents/GameJam72/Elasticity/Elasticity/Content/StarterContent/Props/SM_Chair.uasset"
[2017.07.19-23.52.09:854][  0]LogPackFactory: Copied "../../../Samples/StarterContent/Content/StarterContent/Props/SM_CornerFrame.uasset" to "../../../../../../Users/s171611/Documents/GameJam72/Elasticity/Elasticity/Content/StarterContent/Props/SM_CornerFrame.uasset"
[2017.07.19-23.52.09:856][  0]LogPackFactory: Copied "../../../Samples/StarterContent/Content/StarterContent/Props/SM_Couch.uasset" to "../../../../../../Users/s171611/Documents/GameJam72/Elasticity/Elasticity/Content/StarterContent/Props/SM_Couch.uasset"
[2017.07.19-23.52.09:857][  0]LogPackFactory: Copied "../../../Samples/StarterContent/Content/StarterContent/Props/SM_Door.uasset" to "../../../../../../Users/s171611/Documents/GameJam72/Elasticity/Elasticity/Content/StarterContent/Props/SM_Door.uasset"
[2017.07.19-23.52.09:859][  0]LogPackFactory: Copied "../../../Samples/StarterContent/Content/StarterContent/Props/SM_DoorFrame.uasset" to "../../../../../../Users/s171611/Documents/GameJam72/Elasticity/Elasticity/Content/StarterContent/Props/SM_DoorFrame.uasset"
[2017.07.19-23.52.09:860][  0]LogPackFactory: Copied "../../../Samples/StarterContent/Content/StarterContent/Props/SM_GlassWindow.uasset" to "../../../../../../Users/s171611/Documents/GameJam72/Elasticity/Elasticity/Content/StarterContent/Props/SM_GlassWindow.uasset"
[2017.07.19-23.52.09:862][  0]LogPackFactory: Copied "../../../Samples/StarterContent/Content/StarterContent/Props/SM_Lamp_Ceiling.uasset" to "../../../../../../Users/s171611/Documents/GameJam72/Elasticity/Elasticity/Content/StarterContent/Props/SM_Lamp_Ceiling.uasset"
[2017.07.19-23.52.09:864][  0]LogPackFactory: Copied "../../../Samples/StarterContent/Content/StarterContent/Props/SM_Lamp_Wall.uasset" to "../../../../../../Users/s171611/Documents/GameJam72/Elasticity/Elasticity/Content/StarterContent/Props/SM_Lamp_Wall.uasset"
[2017.07.19-23.52.09:867][  0]LogPackFactory: Copied "../../../Samples/StarterContent/Content/StarterContent/Props/SM_MatPreviewMesh_02.uasset" to "../../../../../../Users/s171611/Documents/GameJam72/Elasticity/Elasticity/Content/StarterContent/Props/SM_MatPreviewMesh_02.uasset"
[2017.07.19-23.52.09:869][  0]LogPackFactory: Copied "../../../Samples/StarterContent/Content/StarterContent/Props/SM_PillarFrame.uasset" to "../../../../../../Users/s171611/Documents/GameJam72/Elasticity/Elasticity/Content/StarterContent/Props/SM_PillarFrame.uasset"
[2017.07.19-23.52.09:870][  0]LogPackFactory: Copied "../../../Samples/StarterContent/Content/StarterContent/Props/SM_PillarFrame300.uasset" to "../../../../../../Users/s171611/Documents/GameJam72/Elasticity/Elasticity/Content/StarterContent/Props/SM_PillarFrame300.uasset"
[2017.07.19-23.52.09:872][  0]LogPackFactory: Copied "../../../Samples/StarterContent/Content/StarterContent/Props/SM_Rock.uasset" to "../../../../../../Users/s171611/Documents/GameJam72/Elasticity/Elasticity/Content/StarterContent/Props/SM_Rock.uasset"
[2017.07.19-23.52.09:874][  0]LogPackFactory: Copied "../../../Samples/StarterContent/Content/StarterContent/Props/SM_Shelf.uasset" to "../../../../../../Users/s171611/Documents/GameJam72/Elasticity/Elasticity/Content/StarterContent/Props/SM_Shelf.uasset"
[2017.07.19-23.52.09:875][  0]LogPackFactory: Copied "../../../Samples/StarterContent/Content/StarterContent/Props/SM_Stairs.uasset" to "../../../../../../Users/s171611/Documents/GameJam72/Elasticity/Elasticity/Content/StarterContent/Props/SM_Stairs.uasset"
[2017.07.19-23.52.09:877][  0]LogPackFactory: Copied "../../../Samples/StarterContent/Content/StarterContent/Props/SM_Statue.uasset" to "../../../../../../Users/s171611/Documents/GameJam72/Elasticity/Elasticity/Content/StarterContent/Props/SM_Statue.uasset"
[2017.07.19-23.52.09:879][  0]LogPackFactory: Copied "../../../Samples/StarterContent/Content/StarterContent/Props/SM_TableRound.uasset" to "../../../../../../Users/s171611/Documents/GameJam72/Elasticity/Elasticity/Content/StarterContent/Props/SM_TableRound.uasset"
[2017.07.19-23.52.09:881][  0]LogPackFactory: Copied "../../../Samples/StarterContent/Content/StarterContent/Props/SM_WindowFrame.uasset" to "../../../../../../Users/s171611/Documents/GameJam72/Elasticity/Elasticity/Content/StarterContent/Props/SM_WindowFrame.uasset"
[2017.07.19-23.52.09:883][  0]LogPackFactory: Copied "../../../Samples/StarterContent/Content/StarterContent/Props/Materials/M_Bush.uasset" to "../../../../../../Users/s171611/Documents/GameJam72/Elasticity/Elasticity/Content/StarterContent/Props/Materials/M_Bush.uasset"
[2017.07.19-23.52.09:885][  0]LogPackFactory: Copied "../../../Samples/StarterContent/Content/StarterContent/Props/Materials/M_Chair.uasset" to "../../../../../../Users/s171611/Documents/GameJam72/Elasticity/Elasticity/Content/StarterContent/Props/Materials/M_Chair.uasset"
[2017.07.19-23.52.09:888][  0]LogPackFactory: Copied "../../../Samples/StarterContent/Content/StarterContent/Props/Materials/M_Door.uasset" to "../../../../../../Users/s171611/Documents/GameJam72/Elasticity/Elasticity/Content/StarterContent/Props/Materials/M_Door.uasset"
[2017.07.19-23.52.09:890][  0]LogPackFactory: Copied "../../../Samples/StarterContent/Content/StarterContent/Props/Materials/M_Frame.uasset" to "../../../../../../Users/s171611/Documents/GameJam72/Elasticity/Elasticity/Content/StarterContent/Props/Materials/M_Frame.uasset"
[2017.07.19-23.52.09:891][  0]LogPackFactory: Copied "../../../Samples/StarterContent/Content/StarterContent/Props/Materials/M_Lamp.uasset" to "../../../../../../Users/s171611/Documents/GameJam72/Elasticity/Elasticity/Content/StarterContent/Props/Materials/M_Lamp.uasset"
[2017.07.19-23.52.09:893][  0]LogPackFactory: Copied "../../../Samples/StarterContent/Content/StarterContent/Props/Materials/M_MaterialSphere.uasset" to "../../../../../../Users/s171611/Documents/GameJam72/Elasticity/Elasticity/Content/StarterContent/Props/Materials/M_MaterialSphere.uasset"
[2017.07.19-23.52.09:895][  0]LogPackFactory: Copied "../../../Samples/StarterContent/Content/StarterContent/Props/Materials/M_MaterialSphere_Plain.uasset" to "../../../../../../Users/s171611/Documents/GameJam72/Elasticity/Elasticity/Content/StarterContent/Props/Materials/M_MaterialSphere_Plain.uasset"
[2017.07.19-23.52.09:896][  0]LogPackFactory: Copied "../../../Samples/StarterContent/Content/StarterContent/Props/Materials/M_Rock.uasset" to "../../../../../../Users/s171611/Documents/GameJam72/Elasticity/Elasticity/Content/StarterContent/Props/Materials/M_Rock.uasset"
[2017.07.19-23.52.09:898][  0]LogPackFactory: Copied "../../../Samples/StarterContent/Content/StarterContent/Props/Materials/M_Shelf.uasset" to "../../../../../../Users/s171611/Documents/GameJam72/Elasticity/Elasticity/Content/StarterContent/Props/Materials/M_Shelf.uasset"
[2017.07.19-23.52.09:900][  0]LogPackFactory: Copied "../../../Samples/StarterContent/Content/StarterContent/Props/Materials/M_Statue.uasset" to "../../../../../../Users/s171611/Documents/GameJam72/Elasticity/Elasticity/Content/StarterContent/Props/Materials/M_Statue.uasset"
[2017.07.19-23.52.09:901][  0]LogPackFactory: Copied "../../../Samples/StarterContent/Content/StarterContent/Props/Materials/M_StatueGlass.uasset" to "../../../../../../Users/s171611/Documents/GameJam72/Elasticity/Elasticity/Content/StarterContent/Props/Materials/M_StatueGlass.uasset"
[2017.07.19-23.52.09:903][  0]LogPackFactory: Copied "../../../Samples/StarterContent/Content/StarterContent/Props/Materials/M_TableRound.uasset" to "../../../../../../Users/s171611/Documents/GameJam72/Elasticity/Elasticity/Content/StarterContent/Props/Materials/M_TableRound.uasset"
[2017.07.19-23.52.09:904][  0]LogPackFactory: Copied "../../../Samples/StarterContent/Content/StarterContent/Shapes/Shape_Cone.uasset" to "../../../../../../Users/s171611/Documents/GameJam72/Elasticity/Elasticity/Content/StarterContent/Shapes/Shape_Cone.uasset"
[2017.07.19-23.52.09:906][  0]LogPackFactory: Copied "../../../Samples/StarterContent/Content/StarterContent/Shapes/Shape_Cube.uasset" to "../../../../../../Users/s171611/Documents/GameJam72/Elasticity/Elasticity/Content/StarterContent/Shapes/Shape_Cube.uasset"
[2017.07.19-23.52.09:909][  0]LogPackFactory: Copied "../../../Samples/StarterContent/Content/StarterContent/Shapes/Shape_Cylinder.uasset" to "../../../../../../Users/s171611/Documents/GameJam72/Elasticity/Elasticity/Content/StarterContent/Shapes/Shape_Cylinder.uasset"
[2017.07.19-23.52.09:911][  0]LogPackFactory: Copied "../../../Samples/StarterContent/Content/StarterContent/Shapes/Shape_NarrowCapsule.uasset" to "../../../../../../Users/s171611/Documents/GameJam72/Elasticity/Elasticity/Content/StarterContent/Shapes/Shape_NarrowCapsule.uasset"
[2017.07.19-23.52.09:912][  0]LogPackFactory: Copied "../../../Samples/StarterContent/Content/StarterContent/Shapes/Shape_Pipe.uasset" to "../../../../../../Users/s171611/Documents/GameJam72/Elasticity/Elasticity/Content/StarterContent/Shapes/Shape_Pipe.uasset"
[2017.07.19-23.52.09:914][  0]LogPackFactory: Copied "../../../Samples/StarterContent/Content/StarterContent/Shapes/Shape_Pipe_180.uasset" to "../../../../../../Users/s171611/Documents/GameJam72/Elasticity/Elasticity/Content/StarterContent/Shapes/Shape_Pipe_180.uasset"
[2017.07.19-23.52.09:915][  0]LogPackFactory: Copied "../../../Samples/StarterContent/Content/StarterContent/Shapes/Shape_Pipe_90.uasset" to "../../../../../../Users/s171611/Documents/GameJam72/Elasticity/Elasticity/Content/StarterContent/Shapes/Shape_Pipe_90.uasset"
[2017.07.19-23.52.09:917][  0]LogPackFactory: Copied "../../../Samples/StarterContent/Content/StarterContent/Shapes/Shape_Plane.uasset" to "../../../../../../Users/s171611/Documents/GameJam72/Elasticity/Elasticity/Content/StarterContent/Shapes/Shape_Plane.uasset"
[2017.07.19-23.52.09:918][  0]LogPackFactory: Copied "../../../Samples/StarterContent/Content/StarterContent/Shapes/Shape_QuadPyramid.uasset" to "../../../../../../Users/s171611/Documents/GameJam72/Elasticity/Elasticity/Content/StarterContent/Shapes/Shape_QuadPyramid.uasset"
[2017.07.19-23.52.09:920][  0]LogPackFactory: Copied "../../../Samples/StarterContent/Content/StarterContent/Shapes/Shape_Sphere.uasset" to "../../../../../../Users/s171611/Documents/GameJam72/Elasticity/Elasticity/Content/StarterContent/Shapes/Shape_Sphere.uasset"
[2017.07.19-23.52.09:922][  0]LogPackFactory: Copied "../../../Samples/StarterContent/Content/StarterContent/Shapes/Shape_Torus.uasset" to "../../../../../../Users/s171611/Documents/GameJam72/Elasticity/Elasticity/Content/StarterContent/Shapes/Shape_Torus.uasset"
[2017.07.19-23.52.09:923][  0]LogPackFactory: Copied "../../../Samples/StarterContent/Content/StarterContent/Shapes/Shape_Trim.uasset" to "../../../../../../Users/s171611/Documents/GameJam72/Elasticity/Elasticity/Content/StarterContent/Shapes/Shape_Trim.uasset"
[2017.07.19-23.52.09:925][  0]LogPackFactory: Copied "../../../Samples/StarterContent/Content/StarterContent/Shapes/Shape_Trim_90_In.uasset" to "../../../../../../Users/s171611/Documents/GameJam72/Elasticity/Elasticity/Content/StarterContent/Shapes/Shape_Trim_90_In.uasset"
[2017.07.19-23.52.09:927][  0]LogPackFactory: Copied "../../../Samples/StarterContent/Content/StarterContent/Shapes/Shape_Trim_90_Out.uasset" to "../../../../../../Users/s171611/Documents/GameJam72/Elasticity/Elasticity/Content/StarterContent/Shapes/Shape_Trim_90_Out.uasset"
[2017.07.19-23.52.09:928][  0]LogPackFactory: Copied "../../../Samples/StarterContent/Content/StarterContent/Shapes/Shape_TriPyramid.uasset" to "../../../../../../Users/s171611/Documents/GameJam72/Elasticity/Elasticity/Content/StarterContent/Shapes/Shape_TriPyramid.uasset"
[2017.07.19-23.52.09:930][  0]LogPackFactory: Copied "../../../Samples/StarterContent/Content/StarterContent/Shapes/Shape_Tube.uasset" to "../../../../../../Users/s171611/Documents/GameJam72/Elasticity/Elasticity/Content/StarterContent/Shapes/Shape_Tube.uasset"
[2017.07.19-23.52.09:932][  0]LogPackFactory: Copied "../../../Samples/StarterContent/Content/StarterContent/Shapes/Shape_Wedge_A.uasset" to "../../../../../../Users/s171611/Documents/GameJam72/Elasticity/Elasticity/Content/StarterContent/Shapes/Shape_Wedge_A.uasset"
[2017.07.19-23.52.09:934][  0]LogPackFactory: Copied "../../../Samples/StarterContent/Content/StarterContent/Shapes/Shape_Wedge_B.uasset" to "../../../../../../Users/s171611/Documents/GameJam72/Elasticity/Elasticity/Content/StarterContent/Shapes/Shape_Wedge_B.uasset"
[2017.07.19-23.52.09:936][  0]LogPackFactory: Copied "../../../Samples/StarterContent/Content/StarterContent/Shapes/Shape_WideCapsule.uasset" to "../../../../../../Users/s171611/Documents/GameJam72/Elasticity/Elasticity/Content/StarterContent/Shapes/Shape_WideCapsule.uasset"
[2017.07.19-23.52.09:942][  0]LogPackFactory: Copied "../../../Samples/StarterContent/Content/StarterContent/Textures/T_Brick_Clay_Beveled_D.uasset" to "../../../../../../Users/s171611/Documents/GameJam72/Elasticity/Elasticity/Content/StarterContent/Textures/T_Brick_Clay_Beveled_D.uasset"
[2017.07.19-23.52.09:949][  0]LogPackFactory: Copied "../../../Samples/StarterContent/Content/StarterContent/Textures/T_Brick_Clay_Beveled_M.uasset" to "../../../../../../Users/s171611/Documents/GameJam72/Elasticity/Elasticity/Content/StarterContent/Textures/T_Brick_Clay_Beveled_M.uasset"
[2017.07.19-23.52.09:958][  0]LogPackFactory: Copied "../../../Samples/StarterContent/Content/StarterContent/Textures/T_Brick_Clay_Beveled_N.uasset" to "../../../../../../Users/s171611/Documents/GameJam72/Elasticity/Elasticity/Content/StarterContent/Textures/T_Brick_Clay_Beveled_N.uasset"
[2017.07.19-23.52.09:963][  0]LogPackFactory: Copied "../../../Samples/StarterContent/Content/StarterContent/Textures/T_Brick_Clay_New_D.uasset" to "../../../../../../Users/s171611/Documents/GameJam72/Elasticity/Elasticity/Content/StarterContent/Textures/T_Brick_Clay_New_D.uasset"
[2017.07.19-23.52.09:970][  0]LogPackFactory: Copied "../../../Samples/StarterContent/Content/StarterContent/Textures/T_Brick_Clay_New_M.uasset" to "../../../../../../Users/s171611/Documents/GameJam72/Elasticity/Elasticity/Content/StarterContent/Textures/T_Brick_Clay_New_M.uasset"
[2017.07.19-23.52.09:977][  0]LogPackFactory: Copied "../../../Samples/StarterContent/Content/StarterContent/Textures/T_Brick_Clay_New_N.uasset" to "../../../../../../Users/s171611/Documents/GameJam72/Elasticity/Elasticity/Content/StarterContent/Textures/T_Brick_Clay_New_N.uasset"
[2017.07.19-23.52.09:986][  0]LogPackFactory: Copied "../../../Samples/StarterContent/Content/StarterContent/Textures/T_Brick_Clay_Old_D.uasset" to "../../../../../../Users/s171611/Documents/GameJam72/Elasticity/Elasticity/Content/StarterContent/Textures/T_Brick_Clay_Old_D.uasset"
[2017.07.19-23.52.09:992][  0]LogPackFactory: Copied "../../../Samples/StarterContent/Content/StarterContent/Textures/T_Brick_Clay_Old_N.uasset" to "../../../../../../Users/s171611/Documents/GameJam72/Elasticity/Elasticity/Content/StarterContent/Textures/T_Brick_Clay_Old_N.uasset"
[2017.07.19-23.52.10:003][  0]LogPackFactory: Copied "../../../Samples/StarterContent/Content/StarterContent/Textures/T_Brick_Cut_Stone_D.uasset" to "../../../../../../Users/s171611/Documents/GameJam72/Elasticity/Elasticity/Content/StarterContent/Textures/T_Brick_Cut_Stone_D.uasset"
[2017.07.19-23.52.10:008][  0]LogPackFactory: Copied "../../../Samples/StarterContent/Content/StarterContent/Textures/T_Brick_Cut_Stone_N.uasset" to "../../../../../../Users/s171611/Documents/GameJam72/Elasticity/Elasticity/Content/StarterContent/Textures/T_Brick_Cut_Stone_N.uasset"
[2017.07.19-23.52.10:015][  0]LogPackFactory: Copied "../../../Samples/StarterContent/Content/StarterContent/Textures/T_Brick_Hewn_Stone_D.uasset" to "../../../../../../Users/s171611/Documents/GameJam72/Elasticity/Elasticity/Content/StarterContent/Textures/T_Brick_Hewn_Stone_D.uasset"
[2017.07.19-23.52.10:021][  0]LogPackFactory: Copied "../../../Samples/StarterContent/Content/StarterContent/Textures/T_Brick_Hewn_Stone_M.uasset" to "../../../../../../Users/s171611/Documents/GameJam72/Elasticity/Elasticity/Content/StarterContent/Textures/T_Brick_Hewn_Stone_M.uasset"
[2017.07.19-23.52.10:028][  0]LogPackFactory: Copied "../../../Samples/StarterContent/Content/StarterContent/Textures/T_Brick_Hewn_Stone_N.uasset" to "../../../../../../Users/s171611/Documents/GameJam72/Elasticity/Elasticity/Content/StarterContent/Textures/T_Brick_Hewn_Stone_N.uasset"
[2017.07.19-23.52.10:030][  0]LogPackFactory: Copied "../../../Samples/StarterContent/Content/StarterContent/Textures/T_Burst_M.uasset" to "../../../../../../Users/s171611/Documents/GameJam72/Elasticity/Elasticity/Content/StarterContent/Textures/T_Burst_M.uasset"
[2017.07.19-23.52.10:032][  0]LogPackFactory: Copied "../../../Samples/StarterContent/Content/StarterContent/Textures/T_Bush_D.uasset" to "../../../../../../Users/s171611/Documents/GameJam72/Elasticity/Elasticity/Content/StarterContent/Textures/T_Bush_D.uasset"
[2017.07.19-23.52.10:034][  0]LogPackFactory: Copied "../../../Samples/StarterContent/Content/StarterContent/Textures/T_Bush_N.uasset" to "../../../../../../Users/s171611/Documents/GameJam72/Elasticity/Elasticity/Content/StarterContent/Textures/T_Bush_N.uasset"
[2017.07.19-23.52.10:036][  0]LogPackFactory: Copied "../../../Samples/StarterContent/Content/StarterContent/Textures/T_Ceramic_Tile_M.uasset" to "../../../../../../Users/s171611/Documents/GameJam72/Elasticity/Elasticity/Content/StarterContent/Textures/T_Ceramic_Tile_M.uasset"
[2017.07.19-23.52.10:038][  0]LogPackFactory: Copied "../../../Samples/StarterContent/Content/StarterContent/Textures/T_Ceramic_Tile_N.uasset" to "../../../../../../Users/s171611/Documents/GameJam72/Elasticity/Elasticity/Content/StarterContent/Textures/T_Ceramic_Tile_N.uasset"
[2017.07.19-23.52.10:039][  0]LogPackFactory: Copied "../../../Samples/StarterContent/Content/StarterContent/Textures/T_Chair_M.uasset" to "../../../../../../Users/s171611/Documents/GameJam72/Elasticity/Elasticity/Content/StarterContent/Textures/T_Chair_M.uasset"
[2017.07.19-23.52.10:042][  0]LogPackFactory: Copied "../../../Samples/StarterContent/Content/StarterContent/Textures/T_Chair_N.uasset" to "../../../../../../Users/s171611/Documents/GameJam72/Elasticity/Elasticity/Content/StarterContent/Textures/T_Chair_N.uasset"
[2017.07.19-23.52.10:044][  0]LogPackFactory: Copied "../../../Samples/StarterContent/Content/StarterContent/Textures/T_Checker_Noise_M.uasset" to "../../../../../../Users/s171611/Documents/GameJam72/Elasticity/Elasticity/Content/StarterContent/Textures/T_Checker_Noise_M.uasset"
[2017.07.19-23.52.10:053][  0]LogPackFactory: Copied "../../../Samples/StarterContent/Content/StarterContent/Textures/T_CobbleStone_Pebble_D.uasset" to "../../../../../../Users/s171611/Documents/GameJam72/Elasticity/Elasticity/Content/StarterContent/Textures/T_CobbleStone_Pebble_D.uasset"
[2017.07.19-23.52.10:056][  0]LogPackFactory: Copied "../../../Samples/StarterContent/Content/StarterContent/Textures/T_CobbleStone_Pebble_M.uasset" to "../../../../../../Users/s171611/Documents/GameJam72/Elasticity/Elasticity/Content/StarterContent/Textures/T_CobbleStone_Pebble_M.uasset"
[2017.07.19-23.52.10:065][  0]LogPackFactory: Copied "../../../Samples/StarterContent/Content/StarterContent/Textures/T_CobbleStone_Pebble_N.uasset" to "../../../../../../Users/s171611/Documents/GameJam72/Elasticity/Elasticity/Content/StarterContent/Textures/T_CobbleStone_Pebble_N.uasset"
[2017.07.19-23.52.10:068][  0]LogPackFactory: Copied "../../../Samples/StarterContent/Content/StarterContent/Textures/T_CobbleStone_Rough_D.uasset" to "../../../../../../Users/s171611/Documents/GameJam72/Elasticity/Elasticity/Content/StarterContent/Textures/T_CobbleStone_Rough_D.uasset"
[2017.07.19-23.52.10:072][  0]LogPackFactory: Copied "../../../Samples/StarterContent/Content/StarterContent/Textures/T_CobbleStone_Rough_N.uasset" to "../../../../../../Users/s171611/Documents/GameJam72/Elasticity/Elasticity/Content/StarterContent/Textures/T_CobbleStone_Rough_N.uasset"
[2017.07.19-23.52.10:077][  0]LogPackFactory: Copied "../../../Samples/StarterContent/Content/StarterContent/Textures/T_CobbleStone_Smooth_D.uasset" to "../../../../../../Users/s171611/Documents/GameJam72/Elasticity/Elasticity/Content/StarterContent/Textures/T_CobbleStone_Smooth_D.uasset"
[2017.07.19-23.52.10:083][  0]LogPackFactory: Copied "../../../Samples/StarterContent/Content/StarterContent/Textures/T_CobbleStone_Smooth_M.uasset" to "../../../../../../Users/s171611/Documents/GameJam72/Elasticity/Elasticity/Content/StarterContent/Textures/T_CobbleStone_Smooth_M.uasset"
[2017.07.19-23.52.10:090][  0]LogPackFactory: Copied "../../../Samples/StarterContent/Content/StarterContent/Textures/T_CobbleStone_Smooth_N.uasset" to "../../../../../../Users/s171611/Documents/GameJam72/Elasticity/Elasticity/Content/StarterContent/Textures/T_CobbleStone_Smooth_N.uasset"
[2017.07.19-23.52.10:098][  0]LogPackFactory: Copied "../../../Samples/StarterContent/Content/StarterContent/Textures/T_Concrete_Grime_D.uasset" to "../../../../../../Users/s171611/Documents/GameJam72/Elasticity/Elasticity/Content/StarterContent/Textures/T_Concrete_Grime_D.uasset"
[2017.07.19-23.52.10:105][  0]LogPackFactory: Copied "../../../Samples/StarterContent/Content/StarterContent/Textures/T_Concrete_Panels_D.uasset" to "../../../../../../Users/s171611/Documents/GameJam72/Elasticity/Elasticity/Content/StarterContent/Textures/T_Concrete_Panels_D.uasset"
[2017.07.19-23.52.10:112][  0]LogPackFactory: Copied "../../../Samples/StarterContent/Content/StarterContent/Textures/T_Concrete_Panels_N.uasset" to "../../../../../../Users/s171611/Documents/GameJam72/Elasticity/Elasticity/Content/StarterContent/Textures/T_Concrete_Panels_N.uasset"
[2017.07.19-23.52.10:121][  0]LogPackFactory: Copied "../../../Samples/StarterContent/Content/StarterContent/Textures/T_Concrete_Poured_D.uasset" to "../../../../../../Users/s171611/Documents/GameJam72/Elasticity/Elasticity/Content/StarterContent/Textures/T_Concrete_Poured_D.uasset"
[2017.07.19-23.52.10:127][  0]LogPackFactory: Copied "../../../Samples/StarterContent/Content/StarterContent/Textures/T_Concrete_Poured_N.uasset" to "../../../../../../Users/s171611/Documents/GameJam72/Elasticity/Elasticity/Content/StarterContent/Textures/T_Concrete_Poured_N.uasset"
[2017.07.19-23.52.10:132][  0]LogPackFactory: Copied "../../../Samples/StarterContent/Content/StarterContent/Textures/T_Concrete_Tiles_D.uasset" to "../../../../../../Users/s171611/Documents/GameJam72/Elasticity/Elasticity/Content/StarterContent/Textures/T_Concrete_Tiles_D.uasset"
[2017.07.19-23.52.10:138][  0]LogPackFactory: Copied "../../../Samples/StarterContent/Content/StarterContent/Textures/T_Concrete_Tiles_M.uasset" to "../../../../../../Users/s171611/Documents/GameJam72/Elasticity/Elasticity/Content/StarterContent/Textures/T_Concrete_Tiles_M.uasset"
[2017.07.19-23.52.10:144][  0]LogPackFactory: Copied "../../../Samples/StarterContent/Content/StarterContent/Textures/T_Concrete_Tiles_N.uasset" to "../../../../../../Users/s171611/Documents/GameJam72/Elasticity/Elasticity/Content/StarterContent/Textures/T_Concrete_Tiles_N.uasset"
[2017.07.19-23.52.10:145][  0]LogPackFactory: Copied "../../../Samples/StarterContent/Content/StarterContent/Textures/T_Concrete_Tiles_Variation_M.uasset" to "../../../../../../Users/s171611/Documents/GameJam72/Elasticity/Elasticity/Content/StarterContent/Textures/T_Concrete_Tiles_Variation_M.uasset"
[2017.07.19-23.52.10:149][  0]LogPackFactory: Copied "../../../Samples/StarterContent/Content/StarterContent/Textures/T_Detail_Rocky_N.uasset" to "../../../../../../Users/s171611/Documents/GameJam72/Elasticity/Elasticity/Content/StarterContent/Textures/T_Detail_Rocky_N.uasset"
[2017.07.19-23.52.10:152][  0]LogPackFactory: Copied "../../../Samples/StarterContent/Content/StarterContent/Textures/T_Door_M.uasset" to "../../../../../../Users/s171611/Documents/GameJam72/Elasticity/Elasticity/Content/StarterContent/Textures/T_Door_M.uasset"
[2017.07.19-23.52.10:155][  0]LogPackFactory: Copied "../../../Samples/StarterContent/Content/StarterContent/Textures/T_Door_N.uasset" to "../../../../../../Users/s171611/Documents/GameJam72/Elasticity/Elasticity/Content/StarterContent/Textures/T_Door_N.uasset"
[2017.07.19-23.52.10:157][  0]LogPackFactory: Copied "../../../Samples/StarterContent/Content/StarterContent/Textures/T_Dust_Particle_D.uasset" to "../../../../../../Users/s171611/Documents/GameJam72/Elasticity/Elasticity/Content/StarterContent/Textures/T_Dust_Particle_D.uasset"
[2017.07.19-23.52.10:161][  0]LogPackFactory: Copied "../../../Samples/StarterContent/Content/StarterContent/Textures/T_Explosion_SubUV.uasset" to "../../../../../../Users/s171611/Documents/GameJam72/Elasticity/Elasticity/Content/StarterContent/Textures/T_Explosion_SubUV.uasset"
[2017.07.19-23.52.10:163][  0]LogPackFactory: Copied "../../../Samples/StarterContent/Content/StarterContent/Textures/T_Fire_SubUV.uasset" to "../../../../../../Users/s171611/Documents/GameJam72/Elasticity/Elasticity/Content/StarterContent/Textures/T_Fire_SubUV.uasset"
[2017.07.19-23.52.10:167][  0]LogPackFactory: Copied "../../../Samples/StarterContent/Content/StarterContent/Textures/T_Fire_Tiled_D.uasset" to "../../../../../../Users/s171611/Documents/GameJam72/Elasticity/Elasticity/Content/StarterContent/Textures/T_Fire_Tiled_D.uasset"
[2017.07.19-23.52.10:169][  0]LogPackFactory: Copied "../../../Samples/StarterContent/Content/StarterContent/Textures/T_Frame_M.uasset" to "../../../../../../Users/s171611/Documents/GameJam72/Elasticity/Elasticity/Content/StarterContent/Textures/T_Frame_M.uasset"
[2017.07.19-23.52.10:171][  0]LogPackFactory: Copied "../../../Samples/StarterContent/Content/StarterContent/Textures/T_Frame_N.uasset" to "../../../../../../Users/s171611/Documents/GameJam72/Elasticity/Elasticity/Content/StarterContent/Textures/T_Frame_N.uasset"
[2017.07.19-23.52.10:173][  0]LogPackFactory: Copied "../../../Samples/StarterContent/Content/StarterContent/Textures/T_Gradinet_01.uasset" to "../../../../../../Users/s171611/Documents/GameJam72/Elasticity/Elasticity/Content/StarterContent/Textures/T_Gradinet_01.uasset"
[2017.07.19-23.52.10:181][  0]LogPackFactory: Copied "../../../Samples/StarterContent/Content/StarterContent/Textures/T_Ground_Grass_D.uasset" to "../../../../../../Users/s171611/Documents/GameJam72/Elasticity/Elasticity/Content/StarterContent/Textures/T_Ground_Grass_D.uasset"
[2017.07.19-23.52.10:190][  0]LogPackFactory: Copied "../../../Samples/StarterContent/Content/StarterContent/Textures/T_Ground_Grass_N.uasset" to "../../../../../../Users/s171611/Documents/GameJam72/Elasticity/Elasticity/Content/StarterContent/Textures/T_Ground_Grass_N.uasset"
[2017.07.19-23.52.10:199][  0]LogPackFactory: Copied "../../../Samples/StarterContent/Content/StarterContent/Textures/T_Ground_Gravel_D.uasset" to "../../../../../../Users/s171611/Documents/GameJam72/Elasticity/Elasticity/Content/StarterContent/Textures/T_Ground_Gravel_D.uasset"
[2017.07.19-23.52.10:205][  0]LogPackFactory: Copied "../../../Samples/StarterContent/Content/StarterContent/Textures/T_Ground_Gravel_N.uasset" to "../../../../../../Users/s171611/Documents/GameJam72/Elasticity/Elasticity/Content/StarterContent/Textures/T_Ground_Gravel_N.uasset"
[2017.07.19-23.52.10:214][  0]LogPackFactory: Copied "../../../Samples/StarterContent/Content/StarterContent/Textures/T_ground_Moss_D.uasset" to "../../../../../../Users/s171611/Documents/GameJam72/Elasticity/Elasticity/Content/StarterContent/Textures/T_ground_Moss_D.uasset"
[2017.07.19-23.52.10:221][  0]LogPackFactory: Copied "../../../Samples/StarterContent/Content/StarterContent/Textures/T_Ground_Moss_N.uasset" to "../../../../../../Users/s171611/Documents/GameJam72/Elasticity/Elasticity/Content/StarterContent/Textures/T_Ground_Moss_N.uasset"
[2017.07.19-23.52.10:224][  0]LogPackFactory: Copied "../../../Samples/StarterContent/Content/StarterContent/Textures/T_Lamp_M.uasset" to "../../../../../../Users/s171611/Documents/GameJam72/Elasticity/Elasticity/Content/StarterContent/Textures/T_Lamp_M.uasset"
[2017.07.19-23.52.10:227][  0]LogPackFactory: Copied "../../../Samples/StarterContent/Content/StarterContent/Textures/T_Lamp_N.uasset" to "../../../../../../Users/s171611/Documents/GameJam72/Elasticity/Elasticity/Content/StarterContent/Textures/T_Lamp_N.uasset"
[2017.07.19-23.52.10:235][  0]LogPackFactory: Copied "../../../Samples/StarterContent/Content/StarterContent/Textures/T_MacroVariation.uasset" to "../../../../../../Users/s171611/Documents/GameJam72/Elasticity/Elasticity/Content/StarterContent/Textures/T_MacroVariation.uasset"
[2017.07.19-23.52.10:243][  0]LogPackFactory: Copied "../../../Samples/StarterContent/Content/StarterContent/Textures/T_Metal_Aluminum_D.uasset" to "../../../../../../Users/s171611/Documents/GameJam72/Elasticity/Elasticity/Content/StarterContent/Textures/T_Metal_Aluminum_D.uasset"
[2017.07.19-23.52.10:250][  0]LogPackFactory: Copied "../../../Samples/StarterContent/Content/StarterContent/Textures/T_Metal_Copper_D.uasset" to "../../../../../../Users/s171611/Documents/GameJam72/Elasticity/Elasticity/Content/StarterContent/Textures/T_Metal_Copper_D.uasset"
[2017.07.19-23.52.10:258][  0]LogPackFactory: Copied "../../../Samples/StarterContent/Content/StarterContent/Textures/T_Metal_Gold_D.uasset" to "../../../../../../Users/s171611/Documents/GameJam72/Elasticity/Elasticity/Content/StarterContent/Textures/T_Metal_Gold_D.uasset"
[2017.07.19-23.52.10:262][  0]LogPackFactory: Copied "../../../Samples/StarterContent/Content/StarterContent/Textures/T_Metal_Gold_N.uasset" to "../../../../../../Users/s171611/Documents/GameJam72/Elasticity/Elasticity/Content/StarterContent/Textures/T_Metal_Gold_N.uasset"
[2017.07.19-23.52.10:270][  0]LogPackFactory: Copied "../../../Samples/StarterContent/Content/StarterContent/Textures/T_Metal_Rust_D.uasset" to "../../../../../../Users/s171611/Documents/GameJam72/Elasticity/Elasticity/Content/StarterContent/Textures/T_Metal_Rust_D.uasset"
[2017.07.19-23.52.10:276][  0]LogPackFactory: Copied "../../../Samples/StarterContent/Content/StarterContent/Textures/T_Metal_Rust_N.uasset" to "../../../../../../Users/s171611/Documents/GameJam72/Elasticity/Elasticity/Content/StarterContent/Textures/T_Metal_Rust_N.uasset"
[2017.07.19-23.52.10:280][  0]LogPackFactory: Copied "../../../Samples/StarterContent/Content/StarterContent/Textures/T_Metal_Steel_D.uasset" to "../../../../../../Users/s171611/Documents/GameJam72/Elasticity/Elasticity/Content/StarterContent/Textures/T_Metal_Steel_D.uasset"
[2017.07.19-23.52.10:285][  0]LogPackFactory: Copied "../../../Samples/StarterContent/Content/StarterContent/Textures/T_Metal_Steel_N.uasset" to "../../../../../../Users/s171611/Documents/GameJam72/Elasticity/Elasticity/Content/StarterContent/Textures/T_Metal_Steel_N.uasset"
[2017.07.19-23.52.10:292][  0]LogPackFactory: Copied "../../../Samples/StarterContent/Content/StarterContent/Textures/T_Perlin_Noise_M.uasset" to "../../../../../../Users/s171611/Documents/GameJam72/Elasticity/Elasticity/Content/StarterContent/Textures/T_Perlin_Noise_M.uasset"
[2017.07.19-23.52.10:296][  0]LogPackFactory: Copied "../../../Samples/StarterContent/Content/StarterContent/Textures/T_RockMesh_M.uasset" to "../../../../../../Users/s171611/Documents/GameJam72/Elasticity/Elasticity/Content/StarterContent/Textures/T_RockMesh_M.uasset"
[2017.07.19-23.52.10:301][  0]LogPackFactory: Copied "../../../Samples/StarterContent/Content/StarterContent/Textures/T_RockMesh_N.uasset" to "../../../../../../Users/s171611/Documents/GameJam72/Elasticity/Elasticity/Content/StarterContent/Textures/T_RockMesh_N.uasset"
[2017.07.19-23.52.10:308][  0]LogPackFactory: Copied "../../../Samples/StarterContent/Content/StarterContent/Textures/T_Rock_Basalt_D.uasset" to "../../../../../../Users/s171611/Documents/GameJam72/Elasticity/Elasticity/Content/StarterContent/Textures/T_Rock_Basalt_D.uasset"
[2017.07.19-23.52.10:316][  0]LogPackFactory: Copied "../../../Samples/StarterContent/Content/StarterContent/Textures/T_Rock_Basalt_N.uasset" to "../../../../../../Users/s171611/Documents/GameJam72/Elasticity/Elasticity/Content/StarterContent/Textures/T_Rock_Basalt_N.uasset"
[2017.07.19-23.52.10:321][  0]LogPackFactory: Copied "../../../Samples/StarterContent/Content/StarterContent/Textures/T_Rock_Marble_Polished_D.uasset" to "../../../../../../Users/s171611/Documents/GameJam72/Elasticity/Elasticity/Content/StarterContent/Textures/T_Rock_Marble_Polished_D.uasset"
[2017.07.19-23.52.10:329][  0]LogPackFactory: Copied "../../../Samples/StarterContent/Content/StarterContent/Textures/T_Rock_Sandstone_D.uasset" to "../../../../../../Users/s171611/Documents/GameJam72/Elasticity/Elasticity/Content/StarterContent/Textures/T_Rock_Sandstone_D.uasset"
[2017.07.19-23.52.10:336][  0]LogPackFactory: Copied "../../../Samples/StarterContent/Content/StarterContent/Textures/T_Rock_Sandstone_N.uasset" to "../../../../../../Users/s171611/Documents/GameJam72/Elasticity/Elasticity/Content/StarterContent/Textures/T_Rock_Sandstone_N.uasset"
[2017.07.19-23.52.10:346][  0]LogPackFactory: Copied "../../../Samples/StarterContent/Content/StarterContent/Textures/T_Rock_Slate_D.uasset" to "../../../../../../Users/s171611/Documents/GameJam72/Elasticity/Elasticity/Content/StarterContent/Textures/T_Rock_Slate_D.uasset"
[2017.07.19-23.52.10:354][  0]LogPackFactory: Copied "../../../Samples/StarterContent/Content/StarterContent/Textures/T_Rock_Slate_N.uasset" to "../../../../../../Users/s171611/Documents/GameJam72/Elasticity/Elasticity/Content/StarterContent/Textures/T_Rock_Slate_N.uasset"
[2017.07.19-23.52.10:362][  0]LogPackFactory: Copied "../../../Samples/StarterContent/Content/StarterContent/Textures/T_Rock_Smooth_Granite_D.uasset" to "../../../../../../Users/s171611/Documents/GameJam72/Elasticity/Elasticity/Content/StarterContent/Textures/T_Rock_Smooth_Granite_D.uasset"
[2017.07.19-23.52.10:364][  0]LogPackFactory: Copied "../../../Samples/StarterContent/Content/StarterContent/Textures/T_Shelf_M.uasset" to "../../../../../../Users/s171611/Documents/GameJam72/Elasticity/Elasticity/Content/StarterContent/Textures/T_Shelf_M.uasset"
[2017.07.19-23.52.10:367][  0]LogPackFactory: Copied "../../../Samples/StarterContent/Content/StarterContent/Textures/T_Shelf_N.uasset" to "../../../../../../Users/s171611/Documents/GameJam72/Elasticity/Elasticity/Content/StarterContent/Textures/T_Shelf_N.uasset"
[2017.07.19-23.52.10:369][  0]LogPackFactory: Copied "../../../Samples/StarterContent/Content/StarterContent/Textures/T_Single_Tile_N.uasset" to "../../../../../../Users/s171611/Documents/GameJam72/Elasticity/Elasticity/Content/StarterContent/Textures/T_Single_Tile_N.uasset"
[2017.07.19-23.52.10:372][  0]LogPackFactory: Copied "../../../Samples/StarterContent/Content/StarterContent/Textures/T_Smoke_SubUV.uasset" to "../../../../../../Users/s171611/Documents/GameJam72/Elasticity/Elasticity/Content/StarterContent/Textures/T_Smoke_SubUV.uasset"
[2017.07.19-23.52.10:373][  0]LogPackFactory: Copied "../../../Samples/StarterContent/Content/StarterContent/Textures/T_Smoke_Tiled_D.uasset" to "../../../../../../Users/s171611/Documents/GameJam72/Elasticity/Elasticity/Content/StarterContent/Textures/T_Smoke_Tiled_D.uasset"
[2017.07.19-23.52.10:375][  0]LogPackFactory: Copied "../../../Samples/StarterContent/Content/StarterContent/Textures/T_Spark_Core.uasset" to "../../../../../../Users/s171611/Documents/GameJam72/Elasticity/Elasticity/Content/StarterContent/Textures/T_Spark_Core.uasset"
[2017.07.19-23.52.10:377][  0]LogPackFactory: Copied "../../../Samples/StarterContent/Content/StarterContent/Textures/T_Statue_M.uasset" to "../../../../../../Users/s171611/Documents/GameJam72/Elasticity/Elasticity/Content/StarterContent/Textures/T_Statue_M.uasset"
[2017.07.19-23.52.10:378][  0]LogPackFactory: Copied "../../../Samples/StarterContent/Content/StarterContent/Textures/T_Statue_N.uasset" to "../../../../../../Users/s171611/Documents/GameJam72/Elasticity/Elasticity/Content/StarterContent/Textures/T_Statue_N.uasset"
[2017.07.19-23.52.10:380][  0]LogPackFactory: Copied "../../../Samples/StarterContent/Content/StarterContent/Textures/T_TableRound_M.uasset" to "../../../../../../Users/s171611/Documents/GameJam72/Elasticity/Elasticity/Content/StarterContent/Textures/T_TableRound_M.uasset"
[2017.07.19-23.52.10:383][  0]LogPackFactory: Copied "../../../Samples/StarterContent/Content/StarterContent/Textures/T_TableRound_N.uasset" to "../../../../../../Users/s171611/Documents/GameJam72/Elasticity/Elasticity/Content/StarterContent/Textures/T_TableRound_N.uasset"
[2017.07.19-23.52.10:384][  0]LogPackFactory: Copied "../../../Samples/StarterContent/Content/StarterContent/Textures/T_Tech_Dot_M.uasset" to "../../../../../../Users/s171611/Documents/GameJam72/Elasticity/Elasticity/Content/StarterContent/Textures/T_Tech_Dot_M.uasset"
[2017.07.19-23.52.10:386][  0]LogPackFactory: Copied "../../../Samples/StarterContent/Content/StarterContent/Textures/T_Tech_Dot_N.uasset" to "../../../../../../Users/s171611/Documents/GameJam72/Elasticity/Elasticity/Content/StarterContent/Textures/T_Tech_Dot_N.uasset"
[2017.07.19-23.52.10:389][  0]LogPackFactory: Copied "../../../Samples/StarterContent/Content/StarterContent/Textures/T_Tech_Hex_Tile_M.uasset" to "../../../../../../Users/s171611/Documents/GameJam72/Elasticity/Elasticity/Content/StarterContent/Textures/T_Tech_Hex_Tile_M.uasset"
[2017.07.19-23.52.10:390][  0]LogPackFactory: Copied "../../../Samples/StarterContent/Content/StarterContent/Textures/T_Tech_Hex_Tile_N.uasset" to "../../../../../../Users/s171611/Documents/GameJam72/Elasticity/Elasticity/Content/StarterContent/Textures/T_Tech_Hex_Tile_N.uasset"
[2017.07.19-23.52.10:392][  0]LogPackFactory: Copied "../../../Samples/StarterContent/Content/StarterContent/Textures/T_Tech_Panel_M.uasset" to "../../../../../../Users/s171611/Documents/GameJam72/Elasticity/Elasticity/Content/StarterContent/Textures/T_Tech_Panel_M.uasset"
[2017.07.19-23.52.10:395][  0]LogPackFactory: Copied "../../../Samples/StarterContent/Content/StarterContent/Textures/T_Tech_Panel_N.uasset" to "../../../../../../Users/s171611/Documents/GameJam72/Elasticity/Elasticity/Content/StarterContent/Textures/T_Tech_Panel_N.uasset"
[2017.07.19-23.52.10:397][  0]LogPackFactory: Copied "../../../Samples/StarterContent/Content/StarterContent/Textures/T_Water_M.uasset" to "../../../../../../Users/s171611/Documents/GameJam72/Elasticity/Elasticity/Content/StarterContent/Textures/T_Water_M.uasset"
[2017.07.19-23.52.10:400][  0]LogPackFactory: Copied "../../../Samples/StarterContent/Content/StarterContent/Textures/T_Water_N.uasset" to "../../../../../../Users/s171611/Documents/GameJam72/Elasticity/Elasticity/Content/StarterContent/Textures/T_Water_N.uasset"
[2017.07.19-23.52.10:405][  0]LogPackFactory: Copied "../../../Samples/StarterContent/Content/StarterContent/Textures/T_Wood_Floor_Walnut_D.uasset" to "../../../../../../Users/s171611/Documents/GameJam72/Elasticity/Elasticity/Content/StarterContent/Textures/T_Wood_Floor_Walnut_D.uasset"
[2017.07.19-23.52.10:409][  0]LogPackFactory: Copied "../../../Samples/StarterContent/Content/StarterContent/Textures/T_Wood_Floor_Walnut_M.uasset" to "../../../../../../Users/s171611/Documents/GameJam72/Elasticity/Elasticity/Content/StarterContent/Textures/T_Wood_Floor_Walnut_M.uasset"
[2017.07.19-23.52.10:413][  0]LogPackFactory: Copied "../../../Samples/StarterContent/Content/StarterContent/Textures/T_Wood_Floor_Walnut_N.uasset" to "../../../../../../Users/s171611/Documents/GameJam72/Elasticity/Elasticity/Content/StarterContent/Textures/T_Wood_Floor_Walnut_N.uasset"
[2017.07.19-23.52.10:418][  0]LogPackFactory: Copied "../../../Samples/StarterContent/Content/StarterContent/Textures/T_Wood_Oak_D.uasset" to "../../../../../../Users/s171611/Documents/GameJam72/Elasticity/Elasticity/Content/StarterContent/Textures/T_Wood_Oak_D.uasset"
[2017.07.19-23.52.10:424][  0]LogPackFactory: Copied "../../../Samples/StarterContent/Content/StarterContent/Textures/T_Wood_Oak_N.uasset" to "../../../../../../Users/s171611/Documents/GameJam72/Elasticity/Elasticity/Content/StarterContent/Textures/T_Wood_Oak_N.uasset"
[2017.07.19-23.52.10:431][  0]LogPackFactory: Copied "../../../Samples/StarterContent/Content/StarterContent/Textures/T_Wood_Pine_D.uasset" to "../../../../../../Users/s171611/Documents/GameJam72/Elasticity/Elasticity/Content/StarterContent/Textures/T_Wood_Pine_D.uasset"
[2017.07.19-23.52.10:435][  0]LogPackFactory: Copied "../../../Samples/StarterContent/Content/StarterContent/Textures/T_Wood_Pine_N.uasset" to "../../../../../../Users/s171611/Documents/GameJam72/Elasticity/Elasticity/Content/StarterContent/Textures/T_Wood_Pine_N.uasset"
[2017.07.19-23.52.10:440][  0]LogPackFactory: Copied "../../../Samples/StarterContent/Content/StarterContent/Textures/T_Wood_Walnut_D.uasset" to "../../../../../../Users/s171611/Documents/GameJam72/Elasticity/Elasticity/Content/StarterContent/Textures/T_Wood_Walnut_D.uasset"
[2017.07.19-23.52.10:444][  0]LogPackFactory: Copied "../../../Samples/StarterContent/Content/StarterContent/Textures/T_Wood_Walnut_N.uasset" to "../../../../../../Users/s171611/Documents/GameJam72/Elasticity/Elasticity/Content/StarterContent/Textures/T_Wood_Walnut_N.uasset"
[2017.07.19-23.52.10:550][  0]LogRenderer: Reallocating scene render targets to support 256x256 NumSamples 1 (Frame:2).
[2017.07.19-23.52.10:661][  0]LogSavePackage: Save=10.69ms
[2017.07.19-23.52.10:661][  0]LogSavePackage: Moving '../../../../../../Users/s171611/Documents/GameJam72/Elasticity/Elasticity/Saved/Floor_400x400CA81A9FC43BD8B98863240841DEE2FAB.tmp' to '../../../../../../Users/s171611/Documents/GameJam72/Elasticity/Elasticity/Content/StarterContent/Architecture/Floor_400x400.uasset'
[2017.07.19-23.52.10:665][  0]LogSavePackage:Display: Finished SavePackage ../../../../../../Users/s171611/Documents/GameJam72/Elasticity/Elasticity/Content/StarterContent/Architecture/Floor_400x400.uasset
[2017.07.19-23.52.10:665][  0]LogFeaturePack:Warning: Inserted 1 feature packs
[2017.07.19-23.52.10:669][  0]Cmd: MAP LOAD FILE="../../../../../../Users/s171611/Documents/GameJam72/Elasticity/Elasticity/Content/StarterContent/Maps/Minimal_Default.umap" TEMPLATE=0 SHOWPROGRESS=1 FEATURELEVEL=3
[2017.07.19-23.52.10:670][  0]LightingResults: New page: Lighting Build
[2017.07.19-23.52.10:722][  0]MapCheck: New page: Map Check
[2017.07.19-23.52.10:722][  0]LightingResults: New page: Lighting Build
[2017.07.19-23.52.11:066][  0]LogAIModule: Creating AISystem for world Minimal_Default
[2017.07.19-23.52.11:072][  0]LogEditorServer: Finished looking for orphan Actors (0.000 secs)
[2017.07.19-23.52.11:072][  0]Cmd: MAP CHECKDEP NOCLEARLOG
[2017.07.19-23.52.11:121][  0]MapCheck: Info Map check complete: 0 Error(s), 0 Warning(s), took 48.14ms to complete.
[2017.07.19-23.52.11:121][  0]LogFileHelpers: Loading map 'Minimal_Default' took 0.451
[2017.07.19-23.52.11:324][  0]LogCollectionManager: Loaded 0 collections in 0.001029 seconds
[2017.07.19-23.52.11:419][  0]LogFileCache: Scanning file cache for directory 'C:/Users/s171611/Documents/GameJam72/Elasticity/Elasticity/Saved/Collections/' took 0.01s
[2017.07.19-23.52.11:419][  0]LogFileCache: Scanning file cache for directory 'C:/Users/s171611/Documents/GameJam72/Elasticity/Elasticity/Content/Developers/s171611/Collections/' took 0.01s
[2017.07.19-23.52.11:419][  0]LogFileCache: Scanning file cache for directory 'C:/Users/s171611/Documents/GameJam72/Elasticity/Elasticity/Content/Collections/' took 0.01s
[2017.07.19-23.52.11:419][  0]LogCollectionManager: Rebuilt the GUID cache for 0 collections in 0.000002 seconds
[2017.07.19-23.52.11:429][  0]LogContentBrowser: Native class hierarchy populated in 0.0101 seconds. Added 2245 classes and 453 folders.
[2017.07.19-23.52.11:432][  0]LogStats: UGameplayTagsManager::ConstructGameplayTagTree: Construct from data asset -  0.000 s
[2017.07.19-23.52.11:432][  0]LogStats: UGameplayTagsManager::ConstructGameplayTagTree: GameplayTagTreeChangedEvent.Broadcast -  0.000 s
[2017.07.19-23.52.11:522][  0]LogContentBrowser: Native class hierarchy updated for 'WidgetCarousel' in 0.0005 seconds. Added 0 classes and 0 folders.
[2017.07.19-23.52.11:564][  0]LogContentBrowser: Native class hierarchy updated for 'AddContentDialog' in 0.0005 seconds. Added 0 classes and 0 folders.
[2017.07.19-23.52.11:735][  0]LogContentBrowser: Native class hierarchy updated for 'SceneOutliner' in 0.0005 seconds. Added 1 classes and 2 folders.
[2017.07.19-23.52.11:841][  0]LogCrashTracker: Crashtracker disabled due to settings.
[2017.07.19-23.52.11:846][  0]LogUObjectGlobals:Warning: Failed to find object 'Class None.'
[2017.07.19-23.52.12:048][  0]LogContentBrowser: Native class hierarchy updated for 'HierarchicalLODOutliner' in 0.0006 seconds. Added 1 classes and 2 folders.
[2017.07.19-23.52.12:048][  0]LogLoad: (Engine Initialization) Total time: 25.82 seconds
[2017.07.19-23.52.12:048][  0]LogLoad: (Engine Initialization) Total Blueprint compile time: 0.11 seconds
[2017.07.19-23.52.12:048][  0]LogExternalProfiler: Found external profiler: VSPerf
[2017.07.19-23.52.12:048][  0]LogExternalProfiler: Using external profiler: VSPerf
[2017.07.19-23.52.12:057][  0]LogOcInput: OculusInput pre-init called
[2017.07.19-23.52.12:079][  0]LogContentStreaming: Texture pool size now 1000 MB
[2017.07.19-23.52.12:080][  0]LogSlate: Took 0.000286 seconds to synchronously load lazily loaded font '../../../Engine/Content/Slate/Fonts/Roboto-Regular.ttf' (155K)
[2017.07.19-23.52.12:084][  0]LogSlate: Took 0.000282 seconds to synchronously load lazily loaded font '../../../Engine/Content/Slate/Fonts/Roboto-Bold.ttf' (160K)
[2017.07.19-23.52.12:090][  0]LogSlate: Took 0.000240 seconds to synchronously load lazily loaded font '../../../Engine/Content/Editor/Slate/Fonts/FontAwesome.ttf' (139K)
[2017.07.19-23.52.12:174][  0]LogRenderer: Reallocating scene render targets to support 936x576 NumSamples 1 (Frame:3).
[2017.07.19-23.52.12:174][  0]LogSlate: Took 0.000278 seconds to synchronously load lazily loaded font '../../../Engine/Content/Slate/Fonts/Roboto-Light.ttf' (159K)
[2017.07.19-23.52.12:295][  1]LogAssetRegistry: Asset discovery search completed in 17.3971 seconds
[2017.07.19-23.52.12:295][  1]LogCollectionManager: Rebuilt the object cache for 0 collections in 0.000003 seconds (found 0 objects)
[2017.07.19-23.52.12:295][  1]LogCollectionManager: Fixed up redirectors for 0 collections in 0.000018 seconds (updated 0 objects)
